#
# A fatal error has been detected by the Java Runtime Environment:
#
#  EXCEPTION_ACCESS_VIOLATION (0xc0000005) at pc=0x00007fffe52af380, pid=20104, tid=14984
#
# JRE version: Java(TM) SE Runtime Environment (25.0.2+10) (build 25.0.2+10-LTS-69)
# Java VM: Java HotSpot(TM) 64-Bit Server VM (25.0.2+10-LTS-69, mixed mode, emulated-client, sharing, tiered, compressed oops, compressed class ptrs, g1 gc, windows-amd64)
# Problematic frame:
# V  [jvm.dll+0x3af380]
#
# No core dump will be written. Minidumps are not enabled by default on client versions of Windows
#
# If you would like to submit a bug report, please visit:
#   https://bugreport.java.com/bugreport/crash.jsp
#

---------------  S U M M A R Y ------------

Command Line: -Dcom.sun.management.jmxremote -Dcom.sun.management.jmxremote.port=51027 -Dcom.sun.management.jmxremote.authenticate=false -Dcom.sun.management.jmxremote.ssl=false -Djava.rmi.server.hostname=localhost -Dspring.jmx.enabled=true -Dmanagement.endpoints.jmx.exposure.include=* -Dspring.application.admin.enabled=true -Dspring.output.ansi.enabled=always -XX:TieredStopAtLevel=1 -Dspring.boot.project.name=event-management-backend -Dfile.encoding=UTF-8 -Dstdout.encoding=UTF-8 -Dstderr.encoding=UTF-8 -XX:+ShowCodeDetailsInExceptionMessages com.example.eventmanagement.EventManagementBackendApplication

Host: 11th Gen Intel(R) Core(TM) i7-1185G7 @ 3.00GHz, 8 cores, 31G,  Windows 11 , 64 bit Build 26100 (10.0.26100.7705)
Time: Wed Feb 11 12:10:06 2026 India Standard Time elapsed time: 2.492588 seconds (0d 0h 0m 2s)

---------------  T H R E A D  ---------------

Current thread (0x000002332eb47410):  WorkerThread "GC Thread#6"    [id=14984, stack(0x00000053a7a00000,0x00000053a7b00000) (1024K)]

Stack: [0x00000053a7a00000,0x00000053a7b00000],  sp=0x00000053a7aff538,  free space=1021k
Native frames: (J=compiled Java code, j=interpreted, Vv=VM code, C=native code)
V  [jvm.dll+0x3af380]  (no source info available)


siginfo: EXCEPTION_ACCESS_VIOLATION (0xc0000005), reading address 0x0000000017000008


Registers:
RAX=0x0000000000000001, RBX=0xc4042174c0b16de1, RCX=0x0000000620210b90, RDX=0x0000000017000000
RSP=0x00000053a7aff538, RBP=0x00000053a7aff5c0, RSI=0x0000023315e28c70, RDI=0x0000000017000000
R8 =0x0000000620210b90, R9 =0xc4042174c0b16de1, R10=0x0000000000000000, R11=0x0000000000000000
R12=0x00000053a7aff620, R13=0x0000023333ff4b30, R14=0x0000000000002005, R15=0x0000000620210b90
RIP=0x00007fffe52af380, EFLAGS=0x0000000000010206

XMM[0]=0x00000010002cc5f8 0x0000000000000011
XMM[1]=0x0000000000000000 0x0000000000000000
XMM[2]=0xc0b1224900000000 0xc0f800dc00000000
XMM[3]=0x0000000000000000 0x0000000000000000
XMM[4]=0x00000000c12799dd 0x00000000c0b12239
XMM[5]=0x0000000000000000 0x0000000000000000
XMM[6]=0x0000000000000000 0x0000000000000000
XMM[7]=0x0000000000000000 0x0000000000000000
XMM[8]=0x0000000000000000 0x0000000000000000
XMM[9]=0x0000000000000000 0x0000000000000000
XMM[10]=0x0000000000000000 0x0000000000000000
XMM[11]=0x0000000000000000 0x0000000000000000
XMM[12]=0x0000000000000000 0x0000000000000000
XMM[13]=0x0000000000000000 0x0000000000000000
XMM[14]=0x0000000000000000 0x0000000000000000
XMM[15]=0x0000000000000000 0x0000000000000000
  MXCSR=0x00001fa0


Register to memory mapping:

RAX=0x0000000000000001 is an unknown value
RBX=0xc4042174c0b16de1 is an unknown value
RCX=
[error occurred during error reporting (printing register info), id 0xc0000005, EXCEPTION_ACCESS_VIOLATION (0xc0000005) at pc=0x00007fffe52af380]
RDX=0x0000000017000000 points into nKlass protection zone
RSP=0x00000053a7aff538 points into unknown readable memory: 0x00007fffe52f6b0e | 0e 6b 2f e5 ff 7f 00 00
RBP=0x00000053a7aff5c0 points into unknown readable memory: 0x0000000000000040 | 40 00 00 00 00 00 00 00
RSI=0x0000023315e28c70 points into unknown readable memory: 0x0000000000000000 | 00 00 00 00 00 00 00 00
RDI=0x0000000017000000 points into nKlass protection zone
R8 =
[error occurred during error reporting (printing register info, attempt 2), id 0xc0000005, EXCEPTION_ACCESS_VIOLATION (0xc0000005) at pc=0x00007fffe52af380]
R9 =0xc4042174c0b16de1 is an unknown value
R10=0x0 is null
R11=0x0 is null
R12=0x00000053a7aff620 points into unknown readable memory: 0x0000023333000001 | 01 00 00 33 33 02 00 00
R13=0x0000023333ff4b30 points into unknown readable memory: 0x00007fffe59e99f8 | f8 99 9e e5 ff 7f 00 00
R14=0x0000000000002005 is an unknown value
R15=
[error occurred during error reporting (printing register info, attempt 3), id 0xc0000005, EXCEPTION_ACCESS_VIOLATION (0xc0000005) at pc=0x00007fffe52af380]
Top of Stack: (sp=0x00000053a7aff538)
0x00000053a7aff538:   00007fffe52f6b0e 0000000000000000   .k/.............
0x00000053a7aff548:   00000000172ccf18 00000053a7aff5c0   ..,.........S...
0x00000053a7aff558:   00000000172cc5f8 0000023300000001   ..,.........3...
0x00000053a7aff568:   0000023300000000 000002331edc5a88   ....3....Z..3...
0x00000053a7aff578:   00007fffe52abb06 0000023333000001   ..*........33...
0x00000053a7aff588:   00007fffe56edc9f 0000023300000000   ..n.........3...
0x00000053a7aff598:   0000000000000005 0000000000000011   ................
0x00000053a7aff5a8:   0000000000000028 000002332b72a760   (.......`.r+3...
0x00000053a7aff5b8:   00007fffe52f4e9e 0000000000000040   .N/.....@.......
0x00000053a7aff5c8:   0000023315e13cf0 0000000000000000   .<..3...........
0x00000053a7aff5d8:   0000023333ff4b30 00000053a7aff680   0K.33.......S...
0x00000053a7aff5e8:   00007fffe52f4f98 0000023315e28c70   .O/.....p...3...
0x00000053a7aff5f8:   000000000000ff00 0000000000002008   ......... ......
0x00000053a7aff608:   0000000606ca05fc 0000000606ca05fd   ................
0x00000053a7aff618:   00007fffe52f8078 0000023333000001   x./........33...
0x00000053a7aff628:   0000023333ff4b30 00000053a7aff740   0K.33...@...S...
0x00000053a7aff638:   00007fffe52fd2fc 0000000604ccd100   ../.............
0x00000053a7aff648:   00007fffe52fd2fc 0000000604ccd200   ../.............
0x00000053a7aff658:   00007fffe569f02f 00000053a7aff6e0   /.i.........S...
0x00000053a7aff668:   00007fffe52fe28d 0000000604ccd1b8   ../.............
0x00000053a7aff678:   00007fffe52bff00 00000053a7aff8c0   ..+.........S...
0x00000053a7aff688:   00000053a7aff8c0 0000000000000001   ....S...........
0x00000053a7aff698:   0000000604ccd200 0000000000000004   ................
0x00000053a7aff6a8:   0000023333ff4b30 00000053a7aff7c0   0K.33.......S...
0x00000053a7aff6b8:   00007fffe52f437e 0000000604ccd200   ~C/.............
0x00000053a7aff6c8:   0000000604ccd200 0000000604cbb200   ................
0x00000053a7aff6d8:   0000000000000040 00000000017b508a   @........P{.....
0x00000053a7aff6e8:   00000001ba293a04 0000000000000001   .:).............
0x00000053a7aff6f8:   0000023322782669 000002332b71da40   i&x"3...@.q+3...
0x00000053a7aff708:   00007fffe53034a9 00000053a7aff8c0   .40.........S...
0x00000053a7aff718:   000002332b71da40 00000053a7aff7c0   @.q+3.......S...
0x00000053a7aff728:   0000000000000000 0000000604ccca00   ................

Instructions: (pc=0x00007fffe52af380)
  0x00007fffe52af280:   c1 eb 03 48 3b da 73 98 eb 1d 41 b1 01 4c 8b c3
  0x00007fffe52af290:   48 8b d6 48 8b cf e8 25 76 03 00 4c 8d 04 dd 00
  0x00007fffe52af2a0:   00 00 00 48 89 77 20 48 8b 74 24 38 48 8b 4f 10
  0x00007fffe52af2b0:   48 8b 5f 08 48 2b d9 49 03 d8 49 8b 0e 48 8b d7
  0x00007fffe52af2c0:   4c 8b 41 10 49 8b ce 41 ff d0 48 8b 7c 24 48 48
  0x00007fffe52af2d0:   8b c3 48 8b 5c 24 40 48 83 c4 20 41 5e c3 cc cc
  0x00007fffe52af2e0:   40 53 48 83 ec 20 4c 8b 42 10 4c 8d 4c 24 30 4c
  0x00007fffe52af2f0:   2b 41 28 48 8b d9 0f b6 41 38 4c 2b 02 48 8b 0d
  0x00007fffe52af300:   84 ba 99 00 c6 44 24 30 00 88 44 24 31 c6 44 24
  0x00007fffe52af310:   32 00 e8 99 3c 01 00 48 c7 43 28 00 00 00 00 48
  0x00007fffe52af320:   83 c4 20 5b c3 cc cc cc cc cc cc cc cc cc cc cc
  0x00007fffe52af330:   4c 8b 42 10 4c 2b 02 48 8b 0d 4a ba 99 00 e9 fd
  0x00007fffe52af340:   3c 01 00 cc cc cc cc cc cc cc cc cc cc cc cc cc
  0x00007fffe52af350:   48 8b 42 10 48 2b 02 ff 41 10 48 89 41 28 48 89
  0x00007fffe52af360:   51 08 c3 cc cc cc cc cc cc cc cc cc cc cc cc cc
  0x00007fffe52af370:   48 89 0d 11 ba 99 00 48 89 15 02 ba 99 00 c3 cc
=>0x00007fffe52af380:   44 8b 4a 08 4c 8b c2 45 85 c9 7e 0e 41 f6 c1 01
  0x00007fffe52af390:   75 46 41 c1 f9 03 49 63 c1 c3 79 3c 8b 05 c6 61
  0x00007fffe52af3a0:   93 00 ff c8 4c 63 c0 48 63 05 2a ad 9c 00 48 63
  0x00007fffe52af3b0:   14 08 41 8b c9 48 d3 e2 41 8b c1 48 c1 f8 10 0f
  0x00007fffe52af3c0:   b6 c0 49 8d 0c 10 49 f7 d0 48 03 c1 49 c1 e8 03
  0x00007fffe52af3d0:   48 c1 e8 03 49 23 c0 c3 48 8b 02 48 8b d1 49 8b
  0x00007fffe52af3e0:   c8 48 ff a0 00 01 00 00 cc cc cc cc cc cc cc cc
  0x00007fffe52af3f0:   48 8b 51 08 33 c0 48 3b 15 83 b9 99 00 48 0f 44
  0x00007fffe52af400:   d0 48 85 d2 74 07 48 8b 42 10 48 2b 02 48 8b 51
  0x00007fffe52af410:   30 48 85 d2 74 0a 48 8b 4a 10 48 2b 0a 48 03 c1
  0x00007fffe52af420:   c3 cc cc cc cc cc cc cc cc cc cc cc cc cc cc cc
  0x00007fffe52af430:   48 89 4c 24 08 48 89 54 24 10 4c 89 44 24 18 4c
  0x00007fffe52af440:   89 4c 24 20 48 83 ec 28 4c 8b c1 4c 8d 4c 24 38
  0x00007fffe52af450:   48 8d 0d a9 b9 99 00 ba 01 00 00 00 e8 ef 6b 2f
  0x00007fffe52af460:   00 48 83 c4 28 c3 cc cc cc cc cc cc cc cc cc cc
  0x00007fffe52af470:   48 89 4c 24 08 48 89 54 24 10 4c 89 44 24 18 4c


Stack slot to memory mapping:

stack at sp + 0 slots: 0x00007fffe52f6b0e jvm.dll
stack at sp + 1 slots: 0x0 is null
stack at sp + 2 slots: 0x00000000172ccf18 is a pointer to class: 
java.util.LinkedHashMap$Entry {0x00000000172ccf20}
 - instance size:     5
 - klass size:        74
 - access:            synchronized 
 - flags:             rewritten has_nonstatic_fields defined_by_boot_loader has_localvariable_table 
 - state:             fully_initialized
 - name:              'java/util/LinkedHashMap$Entry'
 - super:             'java/util/HashMap$Node'
 - sub:               'java/util/HashMap$TreeNode'   
 - arrays:            null
 - methods:           Array<T>(0x0000000017987320)
 - method ordering:   Array<T>(0x00000000176de3e8)
 - local interfaces:  Array<T>(0x00000000176a0a80)
 - trans. interfaces: Array<T>(0x0000000017986ac0)
 - secondary supers: Array<T>(0x0000000017986ac0)
 - hash_slot:         21
 - secondary bitmap: 0x0000000800000000
 - constants:         constant pool [41] {0x0000000017987198} for 'java/util/LinkedHashMap$Entry' cache=0x00000000172cd168
 - class loader data:  loader data: 0x000002332b744c00 of 'bootstrap'
 - source file:       'LinkedHashMap.java'
 - generic signature: '<K:Ljava/lang/Object;V:Ljava/lang/Object;>Ljava/util/HashMap$Node<TK;TV;>;'
 - inner classes:     Array<T>(0x00000000176de3c8)
 - nest members:     Array<T>(0x00000000176a0a78)
 - permitted subclasses:     Array<T>(0x00000000176a0a78)
 - java mirror:       a 'java/lang/Class'{0x0000000605cba270} = 'java/util/LinkedHashMap$Entry'
 - vtable length      5  (start addr: 0x00000000172cd0f0)
 - itable length      9 (start addr: 0x00000000172cd118)
 - ---- static fields (0 words):
 - ---- non-static fields (6 words):
 - final 'hash' 'I' @12 
 - final 'key' 'Ljava/lang/Object;' @16 
 - 'value' 'Ljava/lang/Object;' @20 
 - 'next' 'Ljava/util/HashMap$Node;' @24 
 - 'before' 'Ljava/util/LinkedHashMap$Entry;' @28 
 - 'after' 'Ljava/util/LinkedHashMap$Entry;' @32 
 - non-static oop maps (1 entries): 16-32 
stack at sp + 3 slots: 0x00000053a7aff5c0 points into unknown readable memory: 0x0000000000000040 | 40 00 00 00 00 00 00 00
stack at sp + 4 slots: 0x00000000172cc5f8 is a pointer to class: 
stack at sp + 5 slots: 0x0000023300000001 is an unknown value
stack at sp + 6 slots: 0x0000023300000000 is an unknown value
stack at sp + 7 slots: 0x000002331edc5a88 is at entry_point+-248 in (nmethod*)0x000002331edc5a88
Compiled method (c1) 2531 3846       1       org.springframework.core.annotation.AnnotationUtils::findAnnotation (99 bytes)
 total in heap  [0x000002331edc5a88,0x000002331edc63b0] = 2344
 main code      [0x000002331edc5b80,0x000002331edc62a0] = 1824
 stub code      [0x000002331edc62a0,0x000002331edc63a0] = 256
 oops           [0x000002331edc63a0,0x000002331edc63b0] = 16
 mutable data [0x000002333382dcb0,0x000002333382dec8] = 536
 relocation     [0x000002333382dcb0,0x000002333382de10] = 352
 metadata       [0x000002333382de10,0x000002333382dec8] = 184
 immutable data [0x000002332ee6f830,0x000002332ee6fc28] = 1016
 dependencies   [0x000002332ee6f830,0x000002332ee6f868] = 56
 nul chk table  [0x000002332ee6f868,0x000002332ee6f8a8] = 64
 scopes pcs     [0x000002332ee6f8a8,0x000002332ee6fa98] = 496
 scopes data    [0x000002332ee6fa98,0x000002332ee6fc28] = 400


---------------  P R O C E S S  ---------------

Threads class SMR info:
_java_thread_list=0x0000023333ea9bd0, length=26, elements={
0x0000023313a7aec0, 0x000002332b887c70, 0x000002332b888c40, 0x000002332b88bb70,
0x000002332b88c730, 0x000002332b897e80, 0x000002332b8ba700, 0x000002332b8bfa60,
0x000002332e19c110, 0x000002332e19e150, 0x000002332e28ff20, 0x000002332e290ef0,
0x000002332e19d130, 0x000002332edef120, 0x000002332edf6ba0, 0x000002332ee04fd0,
0x0000023333495000, 0x00000233334afcf0, 0x00000233334b2c90, 0x00000233334d9ea0,
0x00000233334cda60, 0x00000233334ccac0, 0x0000023333eb6b00, 0x0000023333eb5390,
0x0000023333eb6330, 0x0000023333eb8270
}

Java Threads: ( => current thread )
  0x0000023313a7aec0 JavaThread "main"                              [_thread_blocked, id=14344, stack(0x00000053a5a00000,0x00000053a5b00000) (1024K)]
  0x000002332b887c70 JavaThread "Reference Handler"          daemon [_thread_blocked, id=14912, stack(0x00000053a6200000,0x00000053a6300000) (1024K)]
  0x000002332b888c40 JavaThread "Finalizer"                  daemon [_thread_blocked, id=8512, stack(0x00000053a6300000,0x00000053a6400000) (1024K)]
  0x000002332b88bb70 JavaThread "Signal Dispatcher"          daemon [_thread_blocked, id=18896, stack(0x00000053a6400000,0x00000053a6500000) (1024K)]
  0x000002332b88c730 JavaThread "Attach Listener"            daemon [_thread_blocked, id=10976, stack(0x00000053a6500000,0x00000053a6600000) (1024K)]
  0x000002332b897e80 JavaThread "Service Thread"             daemon [_thread_blocked, id=20244, stack(0x00000053a6600000,0x00000053a6700000) (1024K)]
  0x000002332b8ba700 JavaThread "Monitor Deflation Thread"   daemon [_thread_blocked, id=14760, stack(0x00000053a6700000,0x00000053a6800000) (1024K)]
  0x000002332b8bfa60 JavaThread "C1 CompilerThread0"         daemon [_thread_blocked, id=3840, stack(0x00000053a6800000,0x00000053a6900000) (1024K)]
  0x000002332e19c110 JavaThread "C1 CompilerThread1"         daemon [_thread_blocked, id=6360, stack(0x00000053a6900000,0x00000053a6a00000) (1024K)]
  0x000002332e19e150 JavaThread "C1 CompilerThread2"         daemon [_thread_blocked, id=12304, stack(0x00000053a6a00000,0x00000053a6b00000) (1024K)]
  0x000002332e28ff20 JavaThread "Notification Thread"        daemon [_thread_blocked, id=8992, stack(0x00000053a6b00000,0x00000053a6c00000) (1024K)]
  0x000002332e290ef0 JavaThread "Common-Cleaner"             daemon [_thread_blocked, id=9304, stack(0x00000053a6c00000,0x00000053a6d00000) (1024K)]
  0x000002332e19d130 JavaThread "C1 CompilerThread3"         daemon [_thread_blocked, id=19412, stack(0x00000053a6d00000,0x00000053a6e00000) (1024K)]
  0x000002332edef120 JavaThread "RMI TCP Accept-0"           daemon [_thread_in_native, id=18900, stack(0x00000053a6e00000,0x00000053a6f00000) (1024K)]
  0x000002332edf6ba0 JavaThread "RMI TCP Accept-51027"       daemon [_thread_in_native, id=18956, stack(0x00000053a6f00000,0x00000053a7000000) (1024K)]
  0x000002332ee04fd0 JavaThread "RMI TCP Accept-0"           daemon [_thread_in_native, id=13848, stack(0x00000053a7000000,0x00000053a7100000) (1024K)]
  0x0000023333495000 JavaThread "RMI TCP Connection(1)-127.0.0.1" daemon [_thread_in_native, id=19780, stack(0x00000053a7100000,0x00000053a7200000) (1024K)]
  0x00000233334afcf0 JavaThread "RMI Scheduler(0)"           daemon [_thread_blocked, id=19660, stack(0x00000053a7200000,0x00000053a7300000) (1024K)]
  0x00000233334b2c90 JavaThread "RMI TCP Connection(2)-127.0.0.1" daemon [_thread_in_native, id=3448, stack(0x00000053a7300000,0x00000053a7400000) (1024K)]
  0x00000233334d9ea0 JavaThread "JMX server connection timeout 33" daemon [_thread_blocked, id=18256, stack(0x00000053a7400000,0x00000053a7500000) (1024K)]
  0x00000233334cda60 JavaThread "Catalina-utility-1"                [_thread_blocked, id=15744, stack(0x00000053a7c00000,0x00000053a7d00000) (1024K)]
  0x00000233334ccac0 JavaThread "Catalina-utility-2"                [_thread_blocked, id=15680, stack(0x00000053a7e00000,0x00000053a7f00000) (1024K)]
  0x0000023333eb6b00 JavaThread "container-0"                       [_thread_blocked, id=17176, stack(0x00000053a7f00000,0x00000053a8000000) (1024K)]
  0x0000023333eb5390 JavaThread "mysql-cj-abandoned-connection-cleanup" daemon [_thread_blocked, id=19580, stack(0x00000053a8000000,0x00000053a8100000) (1024K)]
  0x0000023333eb6330 JavaThread "HikariPool-1 housekeeper"   daemon [_thread_blocked, id=12840, stack(0x00000053a8200000,0x00000053a8300000) (1024K)]
  0x0000023333eb8270 JavaThread "HikariPool-1 connection adder" daemon [_thread_blocked, id=3852, stack(0x00000053a8300000,0x00000053a8400000) (1024K)]
Total: 26

Other Threads:
  0x000002332b875ae0 VMThread "VM Thread"                           [id=12760, stack(0x00000053a6100000,0x00000053a6200000) (1024K)]
  0x000002332b865810 WatcherThread "VM Periodic Task Thread"        [id=11156, stack(0x00000053a6000000,0x00000053a6100000) (1024K)]
  0x0000023315eb5fa0 WorkerThread "GC Thread#0"                     [id=6668, stack(0x00000053a5b00000,0x00000053a5c00000) (1024K)]
  0x000002332eb462d0 WorkerThread "GC Thread#1"                     [id=18708, stack(0x00000053a7500000,0x00000053a7600000) (1024K)]
  0x000002332eb49690 WorkerThread "GC Thread#2"                     [id=18804, stack(0x00000053a7600000,0x00000053a7700000) (1024K)]
  0x000002332eb49ae0 WorkerThread "GC Thread#3"                     [id=17372, stack(0x00000053a7700000,0x00000053a7800000) (1024K)]
  0x000002332eb46fc0 WorkerThread "GC Thread#4"                     [id=13464, stack(0x00000053a7800000,0x00000053a7900000) (1024K)]
  0x000002332eb49240 WorkerThread "GC Thread#5"                     [id=9724, stack(0x00000053a7900000,0x00000053a7a00000) (1024K)]
=>0x000002332eb47410 WorkerThread "GC Thread#6"                     [id=14984, stack(0x00000053a7a00000,0x00000053a7b00000) (1024K)]
  0x000002332eb48100 WorkerThread "GC Thread#7"                     [id=15548, stack(0x00000053a7b00000,0x00000053a7c00000) (1024K)]
  0x000002332b6e0e80 ConcurrentGCThread "G1 Main Marker"            [id=14608, stack(0x00000053a5c00000,0x00000053a5d00000) (1024K)]
  0x000002332b6e1a20 WorkerThread "G1 Conc#0"                       [id=19604, stack(0x00000053a5d00000,0x00000053a5e00000) (1024K)]
  0x000002332eb489a0 WorkerThread "G1 Conc#1"                       [id=6368, stack(0x00000053a7d00000,0x00000053a7e00000) (1024K)]
  0x000002332b733f50 ConcurrentGCThread "G1 Refine#0"               [id=18744, stack(0x00000053a5e00000,0x00000053a5f00000) (1024K)]
  0x000002332b734b60 ConcurrentGCThread "G1 Service"                [id=18952, stack(0x00000053a5f00000,0x00000053a6000000) (1024K)]
Total: 15

Threads with active compile tasks:
Total: 0

VM state: at safepoint (normal execution)

VM Mutex/Monitor currently owned by a thread:  ([mutex/lock_event])
[0x00007fffe5c795e8] Threads_lock - owner thread: 0x000002332b875ae0
[0x00007fffe5c79768] Heap_lock - owner thread: 0x0000023313a7aec0

Heap address: 0x0000000604800000, size: 8120 MB, Compressed Oops mode: Zero based, Oop shift amount: 3

CDS archive(s) mapped at: [0x0000000017000000-0x0000000017dd0000-0x0000000017dd0000), size 14483456, SharedBaseAddress: 0x0000000017000000, ArchiveRelocationMode: 1.
Compressed class space mapped at: 0x0000000018000000-0x0000000058000000, reserved size: 1073741824
UseCompressedClassPointers 1, UseCompactObjectHeaders 0
Narrow klass pointer bits 32, Max shift 3
Narrow klass base: 0x0000000017000000, Narrow klass shift: 0
Encoding Range: [0x0000000017000000 - 0x0000000117000000), (4294967296 bytes)
Klass Range:    [0x0000000017010000 - 0x0000000058000000), (1090453504 bytes)
Klass ID Range:  [65536 - 1090519033) (1090453497)
Protection zone: [0x0000000017000000 - 0x0000000017010000), (65536 bytes)

GC Precious Log:
 CardTable entry size: 512
 Card Set container configuration: InlinePtr #cards 4 size 8 Array Of Cards #cards 32 size 80 Howl #buckets 8 coarsen threshold 7372 Howl Bitmap #cards 1024 size 144 coarsen threshold 921 Card regions per heap region 1 cards per card region 8192
 CPUs: 8 total, 8 available
 Memory: 32471M
 Large Page Support: Disabled
 NUMA Support: Disabled
 Compressed Oops: Enabled (Zero based)
 Heap Region Size: 4M
 Heap Min Capacity: 8M
 Heap Initial Capacity: 508M
 Heap Max Capacity: 8120M
 Pre-touch: Disabled
 Parallel Workers: 8
 Concurrent Workers: 2
 Concurrent Refinement Workers: 8
 Periodic GC: Disabled

Heap:
 garbage-first heap   total reserved 8314880K, committed 98304K, used 70646K [0x0000000604800000, 0x0000000800000000)
  region size 4096K, 14 young (57344K), 2 survivors (8192K)

Heap Regions: E=young(eden), S=young(survivor), O=old, HS=humongous(starts), HC=humongous(continues), CS=collection set, F=free, TAMS=top-at-mark-start, PB=parsable bottom
|   0|0x0000000604800000, 0x0000000604925a08, 0x0000000604c00000| 28%| O|Cm|TAMS 0x0000000604800000| PB 0x0000000604800000| Complete |  0
|   1|0x0000000604c00000, 0x0000000605000000, 0x0000000605000000|100%| O|  |TAMS 0x0000000604c00000| PB 0x0000000604c00000| Untracked |  0
|   2|0x0000000605000000, 0x0000000605400000, 0x0000000605400000|100%| O|  |TAMS 0x0000000605000000| PB 0x0000000605000000| Untracked |  0
|   3|0x0000000605400000, 0x0000000605800000, 0x0000000605800000|100%| O|  |TAMS 0x0000000605400000| PB 0x0000000605400000| Untracked |  0
|   4|0x0000000605800000, 0x0000000605c00000, 0x0000000605c00000|100%| O|  |TAMS 0x0000000605800000| PB 0x0000000605800000| Untracked |  0
|   5|0x0000000605c00000, 0x0000000605d22400, 0x0000000606000000| 28%| O|  |TAMS 0x0000000605c00000| PB 0x0000000605c00000| Untracked |  0
|   6|0x0000000606000000, 0x0000000606000000, 0x0000000606400000|  0%| F|  |TAMS 0x0000000606000000| PB 0x0000000606000000| Untracked |  0
|   7|0x0000000606400000, 0x0000000606400000, 0x0000000606800000|  0%| F|  |TAMS 0x0000000606400000| PB 0x0000000606400000| Untracked |  0
|   8|0x0000000606800000, 0x0000000606800000, 0x0000000606c00000|  0%| F|  |TAMS 0x0000000606800000| PB 0x0000000606800000| Untracked |  0
|   9|0x0000000606c00000, 0x0000000606e84f10, 0x0000000607000000| 62%| S|  |TAMS 0x0000000606c00000| PB 0x0000000606c00000| Complete |  0
|  10|0x0000000607000000, 0x0000000607400000, 0x0000000607400000|100%| S|  |TAMS 0x0000000607000000| PB 0x0000000607000000| Complete |  0
|  11|0x0000000607400000, 0x0000000607800000, 0x0000000607800000|100%| E|CS|TAMS 0x0000000607400000| PB 0x0000000607400000| Complete |  0
|  12|0x0000000607800000, 0x0000000607c00000, 0x0000000607c00000|100%| E|CS|TAMS 0x0000000607800000| PB 0x0000000607800000| Complete |  0
|  13|0x0000000607c00000, 0x0000000608000000, 0x0000000608000000|100%| E|CS|TAMS 0x0000000607c00000| PB 0x0000000607c00000| Complete |  0
|  14|0x0000000608000000, 0x0000000608400000, 0x0000000608400000|100%| E|CS|TAMS 0x0000000608000000| PB 0x0000000608000000| Complete |  0
|  15|0x0000000608400000, 0x0000000608800000, 0x0000000608800000|100%| E|CS|TAMS 0x0000000608400000| PB 0x0000000608400000| Complete |  0
|  16|0x0000000608800000, 0x0000000608c00000, 0x0000000608c00000|100%| E|CS|TAMS 0x0000000608800000| PB 0x0000000608800000| Complete |  0
|  17|0x0000000608c00000, 0x0000000609000000, 0x0000000609000000|100%| E|CS|TAMS 0x0000000608c00000| PB 0x0000000608c00000| Complete |  0
|  18|0x0000000609000000, 0x0000000609400000, 0x0000000609400000|100%| E|CS|TAMS 0x0000000609000000| PB 0x0000000609000000| Complete |  0
| 109|0x000000061fc00000, 0x0000000620000000, 0x0000000620000000|100%| E|CS|TAMS 0x000000061fc00000| PB 0x000000061fc00000| Complete |  0
| 110|0x0000000620000000, 0x00000006202b5b38, 0x0000000620400000| 67%| E|CS|TAMS 0x0000000620000000| PB 0x0000000620000000| Complete |  0
| 111|0x0000000620400000, 0x0000000620800000, 0x0000000620800000|100%| E|CS|TAMS 0x0000000620400000| PB 0x0000000620400000| Complete |  0
| 112|0x0000000620800000, 0x0000000620c00000, 0x0000000620c00000|100%| E|CS|TAMS 0x0000000620800000| PB 0x0000000620800000| Complete |  0
|2029|0x00000007ffc00000, 0x0000000800000000, 0x0000000800000000|100%| E|CS|TAMS 0x00000007ffc00000| PB 0x00000007ffc00000| Complete |  0

Card table byte_map: [0x0000023322780000,0x0000023323760000] _byte_map_base: 0x000002331f75c000

Marking Bits: (CMBitMap*) 0x0000023315eb6730
 Bits: [0x0000023323760000, 0x000002332b640000)

Polling page: 0x0000023313cb0000

Metaspace:
Metaspace        used 50310K, committed 50752K, reserved 1114112K
 class space     used 7445K, committed 7616K, reserved 1048576K

Usage:
  Non-class:     41.86 MB used.
      Class:      7.27 MB used.
       Both:     49.13 MB used.

Virtual space:
  Non-class space:       64.00 MB reserved,      42.12 MB ( 66%) committed,  1 nodes.
      Class space:        1.00 GB reserved,       7.44 MB ( <1%) committed,  1 nodes.
             Both:        1.06 GB reserved,      49.56 MB (  5%) committed. 

Chunk freelists:
   Non-Class:  5.34 MB
       Class:  8.59 MB
        Both:  13.94 MB

MaxMetaspaceSize: unlimited
CompressedClassSpaceSize: 1.00 GB
Initial GC threshold: 21.00 MB
Current GC threshold: 59.31 MB
CDS: on
 - commit_granule_bytes: 65536.
 - commit_granule_words: 8192.
 - virtual_space_node_default_size: 8388608.
 - enlarge_chunks_in_place: 1.
UseCompressedClassPointers 1, UseCompactObjectHeaders 0
Narrow klass pointer bits 32, Max shift 3
Narrow klass base: 0x0000000017000000, Narrow klass shift: 0
Encoding Range: [0x0000000017000000 - 0x0000000117000000), (4294967296 bytes)
Klass Range:    [0x0000000017010000 - 0x0000000058000000), (1090453504 bytes)
Klass ID Range:  [65536 - 1090519033) (1090453497)
Protection zone: [0x0000000017000000 - 0x0000000017010000), (65536 bytes)


Internal statistics:

num_allocs_failed_limit: 6.
num_arena_births: 462.
num_arena_deaths: 0.
num_vsnodes_births: 2.
num_vsnodes_deaths: 0.
num_space_committed: 793.
num_space_uncommitted: 0.
num_chunks_returned_to_freelist: 6.
num_chunks_taken_from_freelist: 2148.
num_chunk_merges: 6.
num_chunk_splits: 1637.
num_chunks_enlarged: 1375.
num_inconsistent_stats: 0.

CodeCache: size=49152Kb used=8527Kb max_used=8527Kb free=40624Kb
 bounds [0x000002331e690000, 0x000002331eef0000, 0x0000023321690000]
 total_blobs=5497, nmethods=4829, adapters=589, full_count=0
Compilation: enabled, stopped_count=0, restarted_count=0

Compilation events (20 events):
Event: 2.463 Thread 0x000002332e19d130 nmethod 4858 0x000002331eee0388 code [0x000002331eee0480, 0x000002331eee0548]
Event: 2.463 Thread 0x000002332b8bfa60 nmethod 4863 0x000002331eee0988 code [0x000002331eee0a80, 0x000002331eee0c08]
Event: 2.463 Thread 0x000002332b8bfa60 4864       1       net.bytebuddy.matcher.EqualityMatcher::matches (9 bytes)
Event: 2.463 Thread 0x000002332e19c110 nmethod 4862 0x000002331eee0688 code [0x000002331eee0780, 0x000002331eee0960]
Event: 2.463 Thread 0x000002332b8bfa60 nmethod 4864 0x000002331eee0c88 code [0x000002331eee0d80, 0x000002331eee0e78]
Event: 2.463 Thread 0x000002332b8bfa60 4865       1       net.bytebuddy.description.method.MethodDescription$TypeSubstituting::getReturnType (22 bytes)
Event: 2.463 Thread 0x000002332e19c110 4866       1       net.bytebuddy.description.type.TypeDescription$Generic$LazyProjection$ForLoadedReturnType::resolve (64 bytes)
Event: 2.463 Thread 0x000002332e19e150 nmethod 4860 0x000002331eee0f88 code [0x000002331eee1080, 0x000002331eee1208]
Event: 2.463 Thread 0x000002332e19d130 4867       1       net.bytebuddy.description.type.TypeDescription$Generic$LazyProjection$ForLoadedReturnType::getAnnotationReader (12 bytes)
Event: 2.463 Thread 0x000002332e19e150 4868       1       net.bytebuddy.description.type.TypeDescription$Generic$AnnotationReader$Delegator$ForLoadedMethodReturnType::<init> (10 bytes)
Event: 2.463 Thread 0x000002332b8bfa60 nmethod 4865 0x000002331eee1288 code [0x000002331eee1380, 0x000002331eee1508]
Event: 2.463 Thread 0x000002332e19e150 nmethod 4868 0x000002331eee1588 code [0x000002331eee1680, 0x000002331eee1798]
Event: 2.463 Thread 0x000002332e19d130 nmethod 4867 0x000002331eee1888 code [0x000002331eee1980, 0x000002331eee1af8]
Event: 2.463 Thread 0x000002332e19d130 4869       1       net.bytebuddy.description.method.MethodDescription$AbstractBase::isMethod (20 bytes)
Event: 2.463 Thread 0x000002332e19d130 nmethod 4869 0x000002331eee1b88 code [0x000002331eee1c80, 0x000002331eee1dd0]
Event: 2.463 Thread 0x000002332e19c110 nmethod 4866 0x000002331eee1e88 code [0x000002331eee1f80, 0x000002331eee24b8]
Event: 2.467 Thread 0x000002332b8bfa60 4870       1       net.bytebuddy.description.method.MethodDescription$AbstractBase::asTypeToken (31 bytes)
Event: 2.467 Thread 0x000002332e19c110 4871       1       net.bytebuddy.description.method.MethodDescription$TypeToken::<init> (15 bytes)
Event: 2.467 Thread 0x000002332b8bfa60 nmethod 4870 0x000002331eee2508 code [0x000002331eee2600, 0x000002331eee2920]
Event: 2.467 Thread 0x000002332e19c110 nmethod 4871 0x000002331eee2988 code [0x000002331eee2a80, 0x000002331eee2bf0]

GC Heap Usage History (11 events):
Event: 0.591 {heap Before GC invocations=0 (full 0):
 garbage-first heap   total reserved 8314880K, committed 524288K, used 46229K [0x0000000604800000, 0x0000000800000000)
  region size 4096K, 12 young (49152K), 0 survivors (0K)
}
Event: 0.595 {heap After GC invocations=1 (full 0):
 garbage-first heap   total reserved 8314880K, committed 524288K, used 10540K [0x0000000604800000, 0x0000000800000000)
  region size 4096K, 2 young (8192K), 2 survivors (8192K)
}
Event: 0.960 {heap Before GC invocations=1 (full 0):
 garbage-first heap   total reserved 8314880K, committed 524288K, used 55596K [0x0000000604800000, 0x0000000800000000)
  region size 4096K, 14 young (57344K), 2 survivors (8192K)
}
Event: 0.965 {heap After GC invocations=2 (full 0):
 garbage-first heap   total reserved 8314880K, committed 524288K, used 14822K [0x0000000604800000, 0x0000000800000000)
  region size 4096K, 4 young (16384K), 4 survivors (16384K)
}
Event: 1.475 {heap Before GC invocations=3 (full 0):
 garbage-first heap   total reserved 8314880K, committed 81920K, used 72166K [0x0000000604800000, 0x0000000800000000)
  region size 4096K, 18 young (73728K), 4 survivors (16384K)
}
Event: 1.484 {heap After GC invocations=4 (full 0):
 garbage-first heap   total reserved 8314880K, committed 102400K, used 19332K [0x0000000604800000, 0x0000000800000000)
  region size 4096K, 5 young (20480K), 5 survivors (20480K)
}
Event: 1.760 {heap Before GC invocations=4 (full 0):
 garbage-first heap   total reserved 8314880K, committed 102400K, used 60292K [0x0000000604800000, 0x0000000800000000)
  region size 4096K, 15 young (61440K), 5 survivors (20480K)
}
Event: 1.767 {heap After GC invocations=5 (full 0):
 garbage-first heap   total reserved 8314880K, committed 102400K, used 22045K [0x0000000604800000, 0x0000000800000000)
  region size 4096K, 1 young (4096K), 1 survivors (4096K)
}
Event: 1.920 {heap Before GC invocations=5 (full 0):
 garbage-first heap   total reserved 8314880K, committed 102400K, used 34333K [0x0000000604800000, 0x0000000800000000)
  region size 4096K, 5 young (20480K), 1 survivors (4096K)
}
Event: 1.923 {heap After GC invocations=6 (full 0):
 garbage-first heap   total reserved 8314880K, committed 102400K, used 21494K [0x0000000604800000, 0x0000000800000000)
  region size 4096K, 1 young (4096K), 1 survivors (4096K)
}
Event: 2.484 {heap Before GC invocations=7 (full 0):
 garbage-first heap   total reserved 8314880K, committed 98304K, used 70646K [0x0000000604800000, 0x0000000800000000)
  region size 4096K, 13 young (53248K), 1 survivors (4096K)
}

Metaspace Usage History (11 events):
Event: 0.591 {metaspace Before GC invocations=0 (full 0):
 Metaspace       used 9890K, committed 10176K, reserved 1114112K
  class space    used 1322K, committed 1472K, reserved 1048576K
}
Event: 0.595 {metaspace After GC invocations=1 (full 0):
 Metaspace       used 9890K, committed 10176K, reserved 1114112K
  class space    used 1322K, committed 1472K, reserved 1048576K
}
Event: 0.960 {metaspace Before GC invocations=1 (full 0):
 Metaspace       used 21270K, committed 21504K, reserved 1114112K
  class space    used 2949K, committed 3072K, reserved 1048576K
}
Event: 0.965 {metaspace After GC invocations=2 (full 0):
 Metaspace       used 21270K, committed 21504K, reserved 1114112K
  class space    used 2949K, committed 3072K, reserved 1048576K
}
Event: 1.475 {metaspace Before GC invocations=3 (full 0):
 Metaspace       used 27377K, committed 27776K, reserved 1114112K
  class space    used 3922K, committed 4096K, reserved 1048576K
}
Event: 1.484 {metaspace After GC invocations=4 (full 0):
 Metaspace       used 27377K, committed 27776K, reserved 1114112K
  class space    used 3922K, committed 4096K, reserved 1048576K
}
Event: 1.760 {metaspace Before GC invocations=4 (full 0):
 Metaspace       used 32034K, committed 32384K, reserved 1114112K
  class space    used 4580K, committed 4736K, reserved 1048576K
}
Event: 1.767 {metaspace After GC invocations=5 (full 0):
 Metaspace       used 32034K, committed 32384K, reserved 1114112K
  class space    used 4580K, committed 4736K, reserved 1048576K
}
Event: 1.920 {metaspace Before GC invocations=5 (full 0):
 Metaspace       used 35736K, committed 36096K, reserved 1114112K
  class space    used 5206K, committed 5376K, reserved 1048576K
}
Event: 1.923 {metaspace After GC invocations=6 (full 0):
 Metaspace       used 35736K, committed 36096K, reserved 1114112K
  class space    used 5206K, committed 5376K, reserved 1048576K
}
Event: 2.484 {metaspace Before GC invocations=7 (full 0):
 Metaspace       used 50310K, committed 50752K, reserved 1114112K
  class space    used 7445K, committed 7616K, reserved 1048576K
}

Dll operation events (10 events):
Event: 0.008 Loaded shared library C:\Program Files\Java\jdk-25.0.2\bin\java.dll
Event: 0.082 Loaded shared library C:\Program Files\Java\jdk-25.0.2\bin\jimage.dll
Event: 0.086 Loaded shared library C:\Program Files\Java\jdk-25.0.2\bin\net.dll
Event: 0.088 Loaded shared library C:\Program Files\Java\jdk-25.0.2\bin\nio.dll
Event: 0.091 Loaded shared library C:\Program Files\Java\jdk-25.0.2\bin\zip.dll
Event: 0.139 Loaded shared library C:\Program Files\Java\jdk-25.0.2\bin\management.dll
Event: 0.145 Loaded shared library C:\Program Files\Java\jdk-25.0.2\bin\management_ext.dll
Event: 0.270 Loaded shared library C:\Program Files\Java\jdk-25.0.2\bin\extnet.dll
Event: 0.980 Loaded shared library C:\Program Files\Java\jdk-25.0.2\bin\sunmscapi.dll
Event: 1.855 Loaded shared library C:\Program Files\Java\jdk-25.0.2\bin\verify.dll

Deoptimization events (2 events):
Event: 1.315 Thread 0x0000023313a7aec0 DEOPT PACKING pc=0x000002331eb30cb4 sp=0x00000053a5afc930
Event: 1.315 Thread 0x0000023313a7aec0 DEOPT UNPACKING pc=0x000002331e6e12a2 sp=0x00000053a5afbe28 mode 0

Classes loaded (20 events):
Event: 2.238 Loading class javax/naming/RefAddr
Event: 2.238 Loading class javax/naming/RefAddr done
Event: 2.238 Loading class javax/naming/StringRefAddr
Event: 2.238 Loading class javax/naming/StringRefAddr done
Event: 2.250 Loading class java/util/concurrent/CompletionStage
Event: 2.250 Loading class java/util/concurrent/CompletionStage done
Event: 2.251 Loading class java/util/concurrent/CompletableFuture
Event: 2.251 Loading class java/util/concurrent/CompletableFuture done
Event: 2.252 Loading class java/util/concurrent/CompletableFuture$AltResult
Event: 2.252 Loading class java/util/concurrent/CompletableFuture$AltResult done
Event: 2.252 Loading class java/util/concurrent/CompletableFuture$Completion
Event: 2.252 Loading class java/util/concurrent/CompletableFuture$AsynchronousCompletionTask
Event: 2.252 Loading class java/util/concurrent/CompletableFuture$AsynchronousCompletionTask done
Event: 2.252 Loading class java/util/concurrent/CompletableFuture$Completion done
Event: 2.299 Loading class java/util/concurrent/CancellationException
Event: 2.299 Loading class java/util/concurrent/CancellationException done
Event: 2.427 Loading class java/util/ArrayList$ListItr
Event: 2.427 Loading class java/util/ArrayList$ListItr done
Event: 2.479 Loading class java/util/AbstractList$SubList
Event: 2.479 Loading class java/util/AbstractList$SubList done

Classes unloaded (0 events):
No events

Classes redefined (0 events):
No events

Internal exceptions (20 events):
Event: 1.567 Thread 0x0000023313a7aec0 Exception <a 'java/lang/NoSuchMethodError'{0x000000061fc766e8}: 'int java.lang.invoke.DirectMethodHandle$Holder.invokeVirtual(java.lang.Object, java.lang.Object, java.lang.Object, java.lang.Object)'> (0x000000061fc766e8) 
thrown [s\open\src\hotspot\share\interpreter\linkResolver.cpp, line 804]
Event: 1.577 Thread 0x0000023313a7aec0 Exception <a 'java/io/IOException'{0x000000061fd40020}> (0x000000061fd40020) 
thrown [s\open\src\hotspot\share\prims\jni.cpp, line 516]
Event: 1.577 Thread 0x0000023313a7aec0 Exception <a 'java/io/IOException'{0x000000061fd40750}> (0x000000061fd40750) 
thrown [s\open\src\hotspot\share\prims\jni.cpp, line 516]
Event: 1.578 Thread 0x0000023313a7aec0 Exception <a 'java/io/IOException'{0x000000061fd40e60}> (0x000000061fd40e60) 
thrown [s\open\src\hotspot\share\prims\jni.cpp, line 516]
Event: 1.588 Thread 0x0000023313a7aec0 Exception <a 'java/io/IOException'{0x000000061fddcfb0}> (0x000000061fddcfb0) 
thrown [s\open\src\hotspot\share\prims\jni.cpp, line 516]
Event: 1.589 Thread 0x0000023313a7aec0 Exception <a 'java/io/IOException'{0x000000061fde0b68}> (0x000000061fde0b68) 
thrown [s\open\src\hotspot\share\prims\jni.cpp, line 516]
Event: 1.596 Thread 0x0000023313a7aec0 Exception <a 'java/io/FileNotFoundException'{0x0000000607e53d90}> (0x0000000607e53d90) 
thrown [s\open\src\hotspot\share\prims\jni.cpp, line 516]
Event: 1.615 Thread 0x0000023313a7aec0 Exception <a 'java/lang/NoSuchMethodError'{0x0000000607978700}: 'int java.lang.invoke.DirectMethodHandle$Holder.invokeInterface(java.lang.Object, java.lang.Object, java.lang.Object, java.lang.Object)'> (0x0000000607978700) 
thrown [s\open\src\hotspot\share\interpreter\linkResolver.cpp, line 804]
Event: 1.639 Thread 0x0000023313a7aec0 Exception <a 'java/lang/NoSuchMethodError'{0x0000000607b7f120}: 'long java.lang.invoke.DirectMethodHandle$Holder.invokeVirtual(java.lang.Object, java.lang.Object)'> (0x0000000607b7f120) 
thrown [s\open\src\hotspot\share\interpreter\linkResolver.cpp, line 804]
Event: 1.678 Thread 0x0000023313a7aec0 Exception <a 'java/lang/NoSuchMethodError'{0x00000006070870b0}: 'java.lang.Object java.lang.invoke.DirectMethodHandle$Holder.newInvokeSpecial(java.lang.Object, java.lang.Object, java.lang.Object, java.lang.Object, java.lang.Object, java.lang.Object, java.lang.Object, java.lang.Object, java.lang.Object, java.lang.Object, java.lang.Object)'> (0x00000006070870b0) 
thrown [s\open\src\hotspot\share\interpreter\linkResolver.cpp, line 804]
Event: 1.679 Thread 0x0000023313a7aec0 Exception <a 'java/lang/NoSuchMethodError'{0x00000006070cbe98}: 'java.lang.Object java.lang.invoke.DirectMethodHandle$Holder.invokeStatic(java.lang.Object, java.lang.Object, java.lang.Object, java.lang.Object, java.lang.Object, java.lang.Object, java.lang.Object, java.lang.Object, java.lang.Object)'> (0x00000006070cbe98) 
thrown [s\open\src\hotspot\share\interpreter\linkResolver.cpp, line 804]
Event: 1.714 Thread 0x0000023313a7aec0 Exception <a 'java/lang/NoSuchMethodError'{0x0000000606c4ef68}: 'void java.lang.invoke.DelegatingMethodHandle$Holder.reinvoke_L(java.lang.Object, java.lang.Object, java.lang.Object, java.lang.Object, int, java.lang.Object, java.lang.Object, java.lang.Object)'> (0x0000000606c4ef68) 
thrown [s\open\src\hotspot\share\interpreter\linkResolver.cpp, line 804]
Event: 1.715 Thread 0x0000023313a7aec0 Exception <a 'java/lang/NoSuchMethodError'{0x0000000606ca2e38}: 'java.lang.Object java.lang.invoke.DirectMethodHandle$Holder.invokeStatic(java.lang.Object, java.lang.Object, java.lang.Object, java.lang.Object, java.lang.Object, java.lang.Object, java.lang.Object, java.lang.Object, java.lang.Object, java.lang.Object)'> (0x0000000606ca2e38) 
thrown [s\open\src\hotspot\share\interpreter\linkResolver.cpp, line 804]
Event: 1.950 Thread 0x0000023313a7aec0 Exception <a 'java/lang/NoSuchMethodError'{0x00000007ffdf1548}: 'int java.lang.invoke.DirectMethodHandle$Holder.invokeStatic(java.lang.Object)'> (0x00000007ffdf1548) 
thrown [s\open\src\hotspot\share\interpreter\linkResolver.cpp, line 804]
Event: 2.093 Thread 0x0000023313a7aec0 Exception <a 'java/lang/NoSuchMethodError'{0x000000061ff767e8}: 'java.lang.Object java.lang.invoke.DirectMethodHandle$Holder.invokeStaticInit(java.lang.Object, java.lang.Object, java.lang.Object, java.lang.Object)'> (0x000000061ff767e8) 
thrown [s\open\src\hotspot\share\interpreter\linkResolver.cpp, line 804]
Event: 2.098 Thread 0x0000023313a7aec0 Exception <a 'java/lang/NoSuchMethodError'{0x000000060900ed88}: 'int java.lang.invoke.Invokers$Holder.invokeExact_MT(java.lang.Object, java.lang.Object)'> (0x000000060900ed88) 
thrown [s\open\src\hotspot\share\interpreter\linkResolver.cpp, line 804]
Event: 2.178 Thread 0x0000023313a7aec0 Exception <a 'java/lang/NoSuchMethodError'{0x0000000608f9fbd8}: 'int java.lang.invoke.DirectMethodHandle$Holder.invokeVirtual(java.lang.Object, java.lang.Object, java.lang.Object)'> (0x0000000608f9fbd8) 
thrown [s\open\src\hotspot\share\interpreter\linkResolver.cpp, line 804]
Event: 2.303 Thread 0x0000023313a7aec0 Exception <a 'java/lang/IncompatibleClassChangeError'{0x00000006082a5e80}: Found class java.lang.Object, but interface was expected> (0x00000006082a5e80) 
thrown [s\open\src\hotspot\share\interpreter\linkResolver.cpp, line 871]
Event: 2.309 Thread 0x0000023313a7aec0 Exception <a 'java/lang/NoSuchMethodError'{0x000000060833f738}: 'java.lang.Object java.lang.invoke.DirectMethodHandle$Holder.invokeStatic(java.lang.Object, java.lang.Object, int, java.lang.Object)'> (0x000000060833f738) 
thrown [s\open\src\hotspot\share\interpreter\linkResolver.cpp, line 804]
Event: 2.309 Thread 0x0000023313a7aec0 Exception <a 'java/lang/NoSuchMethodError'{0x0000000608347930}: 'java.lang.Object java.lang.invoke.DirectMethodHandle$Holder.invokeStaticInit(java.lang.Object, java.lang.Object, int, java.lang.Object)'> (0x0000000608347930) 
thrown [s\open\src\hotspot\share\interpreter\linkResolver.cpp, line 804]

VM Operations (20 events):
Event: 1.626 Executing non-safepoint VM operation: HandshakeAllThreads (Deoptimize) done
Event: 1.627 Executing non-safepoint VM operation: HandshakeAllThreads (Deoptimize)
Event: 1.627 Executing non-safepoint VM operation: HandshakeAllThreads (Deoptimize) done
Event: 1.643 Executing non-safepoint VM operation: HandshakeAllThreads (Deoptimize)
Event: 1.643 Executing non-safepoint VM operation: HandshakeAllThreads (Deoptimize) done
Event: 1.748 Executing non-safepoint VM operation: HandshakeAllThreads (Deoptimize)
Event: 1.748 Executing non-safepoint VM operation: HandshakeAllThreads (Deoptimize) done
Event: 1.760 Executing safepoint VM operation: G1CollectForAllocation (G1 Evacuation Pause)
Event: 1.767 Executing safepoint VM operation: G1CollectForAllocation (G1 Evacuation Pause) done
Event: 1.920 Executing safepoint VM operation: CollectForMetadataAllocation (Metadata GC Threshold)
Event: 1.923 Executing safepoint VM operation: CollectForMetadataAllocation (Metadata GC Threshold) done
Event: 1.935 Executing safepoint VM operation: G1PauseRemark
Event: 1.937 Executing safepoint VM operation: G1PauseRemark done
Event: 1.941 Executing safepoint VM operation: G1PauseCleanup
Event: 1.941 Executing safepoint VM operation: G1PauseCleanup done
Event: 2.021 Executing non-safepoint VM operation: HandshakeAllThreads (Deoptimize)
Event: 2.021 Executing non-safepoint VM operation: HandshakeAllThreads (Deoptimize) done
Event: 2.428 Executing non-safepoint VM operation: HandshakeAllThreads (Deoptimize)
Event: 2.428 Executing non-safepoint VM operation: HandshakeAllThreads (Deoptimize) done
Event: 2.484 Executing safepoint VM operation: G1CollectForAllocation (G1 Evacuation Pause)

Memory protections (0 events):
No events

Nmethod flushes (20 events):
Event: 1.936 Thread 0x000002332b875ae0 flushing  nmethod 0x000002331e925d88
Event: 1.936 Thread 0x000002332b875ae0 flushing  nmethod 0x000002331e9a5a08
Event: 1.936 Thread 0x000002332b875ae0 flushing  nmethod 0x000002331ea9b088
Event: 1.936 Thread 0x000002332b875ae0 flushing  nmethod 0x000002331ea9bd08
Event: 1.936 Thread 0x000002332b875ae0 flushing  nmethod 0x000002331eaba288
Event: 1.936 Thread 0x000002332b875ae0 flushing  nmethod 0x000002331eb82388
Event: 1.936 Thread 0x000002332b875ae0 flushing  nmethod 0x000002331eb83008
Event: 1.936 Thread 0x000002332b875ae0 flushing  nmethod 0x000002331eb8c808
Event: 1.936 Thread 0x000002332b875ae0 flushing  nmethod 0x000002331e934c88
Event: 1.936 Thread 0x000002332b875ae0 flushing  nmethod 0x000002331e94e488
Event: 1.936 Thread 0x000002332b875ae0 flushing  nmethod 0x000002331e994488
Event: 1.936 Thread 0x000002332b875ae0 flushing  nmethod 0x000002331ea39308
Event: 1.936 Thread 0x000002332b875ae0 flushing  nmethod 0x000002331eb1c608
Event: 1.936 Thread 0x000002332b875ae0 flushing  nmethod 0x000002331ebdc308
Event: 1.936 Thread 0x000002332b875ae0 flushing  nmethod 0x000002331e990908
Event: 1.936 Thread 0x000002332b875ae0 flushing  nmethod 0x000002331ea3ba88
Event: 1.936 Thread 0x000002332b875ae0 flushing  nmethod 0x000002331eb23688
Event: 1.936 Thread 0x000002332b875ae0 flushing  nmethod 0x000002331e997708
Event: 1.936 Thread 0x000002332b875ae0 flushing  nmethod 0x000002331ea6d708
Event: 1.936 Thread 0x000002332b875ae0 flushing  nmethod 0x000002331ebf4f08

Events (20 events):
Event: 0.078 Thread 0x0000023313a7aec0 Thread added: 0x000002332e28ff20
Event: 0.079 Thread 0x0000023313a7aec0 Thread added: 0x000002332e290ef0
Event: 0.206 Thread 0x000002332e19e150 Thread added: 0x000002332e19d130
Event: 0.272 Thread 0x0000023313a7aec0 Thread added: 0x000002332edef120
Event: 0.278 Thread 0x0000023313a7aec0 Thread added: 0x000002332edf6ba0
Event: 0.288 Thread 0x0000023313a7aec0 Thread added: 0x000002332ee04fd0
Event: 0.535 Thread 0x000002332edf6ba0 Thread added: 0x0000023333495000
Event: 0.540 Thread 0x0000023333495000 Thread added: 0x00000233334afcf0
Event: 0.542 Thread 0x000002332edef120 Thread added: 0x00000233334b2c90
Event: 0.548 Thread 0x00000233334b2c90 Thread added: 0x00000233334d9ea0
Event: 0.627 Thread 0x0000023313a7aec0 Thread added: 0x00000233334cc2f0
Event: 0.877 Thread 0x0000023313a7aec0 Thread added: 0x00000233334cda60
Event: 0.890 Thread 0x00000233334cda60 Thread exited: 0x00000233334cda60
Event: 0.988 Thread 0x00000233334cc2f0 Thread exited: 0x00000233334cc2f0
Event: 1.645 Thread 0x0000023313a7aec0 Thread added: 0x00000233334cda60
Event: 1.645 Thread 0x00000233334cda60 Thread added: 0x00000233334ccac0
Event: 1.648 Thread 0x0000023313a7aec0 Thread added: 0x0000023333eb6b00
Event: 1.661 Thread 0x0000023313a7aec0 Thread added: 0x0000023333eb5390
Event: 2.045 Thread 0x0000023313a7aec0 Thread added: 0x0000023333eb6330
Event: 2.146 Thread 0x0000023333eb6330 Thread added: 0x0000023333eb8270


Dynamic libraries:
0x00007ff6260c0000 - 0x00007ff6260d0000 	C:\Program Files\Java\jdk-25.0.2\bin\javaw.exe
0x00007ff865fa0000 - 0x00007ff866208000 	C:\WINDOWS\SYSTEM32\ntdll.dll
0x00007ff864210000 - 0x00007ff8642d9000 	C:\WINDOWS\System32\KERNEL32.DLL
0x00007ff862be0000 - 0x00007ff862fd1000 	C:\WINDOWS\System32\KERNELBASE.dll
0x00007ff863bc0000 - 0x00007ff863d0b000 	C:\WINDOWS\System32\ucrtbase.dll
0x00007ff85a5d0000 - 0x00007ff85a5ee000 	C:\Program Files\Java\jdk-25.0.2\bin\VCRUNTIME140.dll
0x00007ff856f30000 - 0x00007ff856f47000 	C:\Program Files\Java\jdk-25.0.2\bin\jli.dll
0x00007ff863ef0000 - 0x00007ff8640b6000 	C:\WINDOWS\System32\USER32.dll
0x00007ff861a80000 - 0x00007ff861d13000 	C:\WINDOWS\WinSxS\amd64_microsoft.windows.common-controls_6595b64144ccf1df_6.0.26100.7705_none_3e06597ae3363b04\COMCTL32.dll
0x00007ff863d10000 - 0x00007ff863d37000 	C:\WINDOWS\System32\win32u.dll
0x00007ff864670000 - 0x00007ff864719000 	C:\WINDOWS\System32\msvcrt.dll
0x00007ff865e80000 - 0x00007ff865eab000 	C:\WINDOWS\System32\GDI32.dll
0x00007ff862880000 - 0x00007ff8629ab000 	C:\WINDOWS\System32\gdi32full.dll
0x00007ff862b30000 - 0x00007ff862bd3000 	C:\WINDOWS\System32\msvcp_win.dll
0x00007ff864dc0000 - 0x00007ff864df1000 	C:\WINDOWS\System32\IMM32.DLL
0x00007ff85c830000 - 0x00007ff85c83c000 	C:\Program Files\Java\jdk-25.0.2\bin\vcruntime140_1.dll
0x00007ff84b980000 - 0x00007ff84ba0d000 	C:\Program Files\Java\jdk-25.0.2\bin\msvcp140.dll
0x00007fffe4f00000 - 0x00007fffe5d5f000 	C:\Program Files\Java\jdk-25.0.2\bin\server\jvm.dll
0x00007ff865dc0000 - 0x00007ff865e74000 	C:\WINDOWS\System32\ADVAPI32.dll
0x00007ff865eb0000 - 0x00007ff865f56000 	C:\WINDOWS\System32\sechost.dll
0x00007ff8647a0000 - 0x00007ff8648b8000 	C:\WINDOWS\System32\RPCRT4.dll
0x00007ff8649a0000 - 0x00007ff864a14000 	C:\WINDOWS\System32\WS2_32.dll
0x00007ff8626e0000 - 0x00007ff86273e000 	C:\WINDOWS\SYSTEM32\POWRPROF.dll
0x00007ff856e60000 - 0x00007ff856e6b000 	C:\WINDOWS\SYSTEM32\VERSION.dll
0x00007ff856fb0000 - 0x00007ff856fe5000 	C:\WINDOWS\SYSTEM32\WINMM.dll
0x00007ff8626c0000 - 0x00007ff8626d4000 	C:\WINDOWS\SYSTEM32\UMPDC.dll
0x00007ff860d00000 - 0x00007ff860d1b000 	C:\WINDOWS\SYSTEM32\kernel.appcore.dll
0x00007ff85c6b0000 - 0x00007ff85c6ba000 	C:\Program Files\Java\jdk-25.0.2\bin\jimage.dll
0x00007ff862030000 - 0x00007ff862272000 	C:\WINDOWS\SYSTEM32\DBGHELP.DLL
0x00007ff8642e0000 - 0x00007ff864666000 	C:\WINDOWS\System32\combase.dll
0x00007ff8648c0000 - 0x00007ff864997000 	C:\WINDOWS\System32\OLEAUT32.dll
0x00007ff861f20000 - 0x00007ff861f5b000 	C:\WINDOWS\SYSTEM32\dbgcore.DLL
0x00007ff863070000 - 0x00007ff863115000 	C:\WINDOWS\System32\bcryptPrimitives.dll
0x00007ff856f10000 - 0x00007ff856f2f000 	C:\Program Files\Java\jdk-25.0.2\bin\java.dll
0x00007ff864c20000 - 0x00007ff864db7000 	C:\WINDOWS\System32\ole32.dll
0x00007ff8651b0000 - 0x00007ff865901000 	C:\WINDOWS\System32\SHELL32.dll
0x00007ff863a50000 - 0x00007ff863bba000 	C:\WINDOWS\System32\wintypes.dll
0x00007ff8631e0000 - 0x00007ff863a42000 	C:\WINDOWS\System32\windows.storage.dll
0x00007ff864e80000 - 0x00007ff864f76000 	C:\WINDOWS\System32\SHCORE.dll
0x00007ff864730000 - 0x00007ff864797000 	C:\WINDOWS\System32\shlwapi.dll
0x00007ff8627a0000 - 0x00007ff8627c9000 	C:\WINDOWS\SYSTEM32\profapi.dll
0x00007ff84bac0000 - 0x00007ff84bad2000 	C:\Program Files\Java\jdk-25.0.2\bin\net.dll
0x00007ff861220000 - 0x00007ff86128b000 	C:\WINDOWS\system32\mswsock.dll
0x00007ff84ba60000 - 0x00007ff84ba76000 	C:\Program Files\Java\jdk-25.0.2\bin\nio.dll
0x00007ff84ba40000 - 0x00007ff84ba57000 	C:\Program Files\Java\jdk-25.0.2\bin\zip.dll
0x00007ff85c620000 - 0x00007ff85c62a000 	C:\Program Files\Java\jdk-25.0.2\bin\management.dll
0x00007ff859e30000 - 0x00007ff859e3c000 	C:\Program Files\Java\jdk-25.0.2\bin\management_ext.dll
0x00007ff864c10000 - 0x00007ff864c18000 	C:\WINDOWS\System32\PSAPI.DLL
0x00007ff83b420000 - 0x00007ff83b438000 	C:\WINDOWS\system32\napinsp.dll
0x00007ff860850000 - 0x00007ff86097c000 	C:\WINDOWS\SYSTEM32\DNSAPI.dll
0x00007ff860810000 - 0x00007ff860844000 	C:\WINDOWS\SYSTEM32\IPHLPAPI.DLL
0x00007ff864150000 - 0x00007ff86415a000 	C:\WINDOWS\System32\NSI.dll
0x00007ff83b300000 - 0x00007ff83b312000 	C:\WINDOWS\System32\winrnr.dll
0x00007ff83b210000 - 0x00007ff83b232000 	C:\WINDOWS\system32\nlansp_c.dll
0x00007ff83b150000 - 0x00007ff83b166000 	C:\WINDOWS\system32\wshbth.dll
0x00007ff856ca0000 - 0x00007ff856cab000 	C:\Windows\System32\rasadhlp.dll
0x00007ff85a760000 - 0x00007ff85a7e6000 	C:\WINDOWS\System32\fwpuclnt.dll
0x00007ff8623a0000 - 0x00007ff8623bb000 	C:\WINDOWS\SYSTEM32\CRYPTSP.dll
0x00007ff861290000 - 0x00007ff8612c9000 	C:\WINDOWS\system32\rsaenh.dll
0x00007ff861310000 - 0x00007ff86133b000 	C:\WINDOWS\SYSTEM32\USERENV.dll
0x00007ff862770000 - 0x00007ff86279a000 	C:\WINDOWS\SYSTEM32\bcrypt.dll
0x00007ff861830000 - 0x00007ff86183c000 	C:\WINDOWS\SYSTEM32\CRYPTBASE.dll
0x00007ff84b970000 - 0x00007ff84b979000 	C:\Program Files\Java\jdk-25.0.2\bin\extnet.dll
0x00007ff84b960000 - 0x00007ff84b96e000 	C:\Program Files\Java\jdk-25.0.2\bin\sunmscapi.dll
0x00007ff8629b0000 - 0x00007ff862b27000 	C:\WINDOWS\System32\CRYPT32.dll
0x00007ff861940000 - 0x00007ff861970000 	C:\WINDOWS\SYSTEM32\ncrypt.dll
0x00007ff8618f0000 - 0x00007ff86192f000 	C:\WINDOWS\SYSTEM32\NTASN1.dll
0x00007ff84b950000 - 0x00007ff84b960000 	C:\Program Files\Java\jdk-25.0.2\bin\verify.dll

JVMTI agents: none

dbghelp: loaded successfully - version: 4.0.5 - missing functions: none
symbol engine: initialized successfully - sym options: 0x614 - pdb path: .;C:\Program Files\Java\jdk-25.0.2\bin;C:\WINDOWS\SYSTEM32;C:\WINDOWS\WinSxS\amd64_microsoft.windows.common-controls_6595b64144ccf1df_6.0.26100.7705_none_3e06597ae3363b04;C:\Program Files\Java\jdk-25.0.2\bin\server

VM Arguments:
jvm_args: -Dcom.sun.management.jmxremote -Dcom.sun.management.jmxremote.port=51027 -Dcom.sun.management.jmxremote.authenticate=false -Dcom.sun.management.jmxremote.ssl=false -Djava.rmi.server.hostname=localhost -Dspring.jmx.enabled=true -Dmanagement.endpoints.jmx.exposure.include=* -Dspring.application.admin.enabled=true -Dspring.output.ansi.enabled=always -XX:TieredStopAtLevel=1 -Dspring.boot.project.name=event-management-backend -Dfile.encoding=UTF-8 -Dstdout.encoding=UTF-8 -Dstderr.encoding=UTF-8 -XX:+ShowCodeDetailsInExceptionMessages 
java_command: com.example.eventmanagement.EventManagementBackendApplication
java_class_path (initial): C:\Users\LENOVO\Documents\workspace-spring-tools-for-eclipse-5.0.1.RELEASE\event-management-backend\target\classes;C:\Users\LENOVO\.m2\repository\org\springframework\boot\spring-boot-starter-web\3.2.2\spring-boot-starter-web-3.2.2.jar;C:\Users\LENOVO\.m2\repository\org\springframework\boot\spring-boot-starter\3.2.2\spring-boot-starter-3.2.2.jar;C:\Users\LENOVO\.m2\repository\org\springframework\boot\spring-boot\3.2.2\spring-boot-3.2.2.jar;C:\Users\LENOVO\.m2\repository\org\springframework\boot\spring-boot-autoconfigure\3.2.2\spring-boot-autoconfigure-3.2.2.jar;C:\Users\LENOVO\.m2\repository\org\springframework\boot\spring-boot-starter-logging\3.2.2\spring-boot-starter-logging-3.2.2.jar;C:\Users\LENOVO\.m2\repository\ch\qos\logback\logback-classic\1.4.14\logback-classic-1.4.14.jar;C:\Users\LENOVO\.m2\repository\ch\qos\logback\logback-core\1.4.14\logback-core-1.4.14.jar;C:\Users\LENOVO\.m2\repository\org\apache\logging\log4j\log4j-to-slf4j\2.21.1\log4j-to-slf4j-2.21.1.jar;C:\Users\LENOVO\.m2\repository\org\apache\logging\log4j\log4j-api\2.21.1\log4j-api-2.21.1.jar;C:\Users\LENOVO\.m2\repository\org\slf4j\jul-to-slf4j\2.0.11\jul-to-slf4j-2.0.11.jar;C:\Users\LENOVO\.m2\repository\jakarta\annotation\jakarta.annotation-api\2.1.1\jakarta.annotation-api-2.1.1.jar;C:\Users\LENOVO\.m2\repository\org\yaml\snakeyaml\2.2\snakeyaml-2.2.jar;C:\Users\LENOVO\.m2\repository\org\springframework\boot\spring-boot-starter-json\3.2.2\spring-boot-starter-json-3.2.2.jar;C:\Users\LENOVO\.m2\repository\com\fasterxml\jackson\core\jackson-databind\2.15.3\jackson-databind-2.15.3.jar;C:\Users\LENOVO\.m2\repository\com\fasterxml\jackson\core\jackson-annotations\2.15.3\jackson-annotations-2.15.3.jar;C:\Users\LENOVO\.m2\repository\com\fasterxml\jackson\core\jackson-core\2.15.3\jackson-core-2.15.3.jar;C:\Users\LENOVO\.m2\repository\com\fasterxml\jackson\datatype\jackson-datatype-jdk8\2.15.3\jackson-datatype-jdk8-2.15.3.jar;C:\Users\LENOVO\.m2\repository\com\fasterxml\jackson\datatype\jackson-datatype-jsr310\2.15.3\jackson-datatype-jsr310-2.15.3.jar;C:\Users\LENOVO\.m2\repository\com\fasterxml\jackson\module\jackson-module-parameter-names\2.15.3\jackson-module-parameter-names-2.15.3.jar;C:\Users\LENOVO\.m2\repository\org\springframework\boot\spring-boot-starter-tomcat\3.2.2\spring-boot-starter-tomcat-3.2.2.jar;C:\Users\LENOVO\.m2\repository\org\apache\tomcat\embed\tomcat-embed-core\10.1.18\tomcat-embed-core-10.1.18.jar;C:\Users\LENOVO\.m2\repository\org\apache\tomcat\embed\tomcat-embed-websocket\10.1.18\tomcat-embed-websocket-10.1.18.jar;C:\Users\LENOVO\.m2\repository\org\springframework\spring-web\6.1.3\spring-web-6.1.3.jar;C:\Users\LENOVO\.m2\repository\org\springframework\spring-beans\6.1.3\spring-beans-6.1.3.jar;C:\Users\LENOVO\.m2\repository\io\micrometer\micrometer-observation\1.12.2\micrometer-observation-1.12.2.jar;C:\Users\LENOVO\.m2\repository\io\micrometer\micrometer-commons\1.12.2\micrometer-commons-1.12.2.jar;C:\Users\LENOVO\.m2\repository\org\springframework\spring-webmvc\6.1.3\spring-webmvc-6.1.3.jar;C:\Users\LENOVO\.m2\repository\org\springframework\spring-aop\6.1.3\spring-aop-6.1.3.jar;C:\Users\LENOVO\.m2\repository\org\springframework\spring-context\6.1.3\spring-context-6.1.3.jar;C:\Users\LENOVO\.m2\repository\org\springframework\spring-expression\6.1.3\spring-expression-6.1.3.jar;C:\Users\LENOVO\.m2\repository\jakarta\xml\bind\jakarta.xml.bind-api\4.0.1\jakarta.xml.bind-api-4.0.1.jar;C:\Users\LENOVO\.m2\repository\jakarta\activation\jakarta.activation-api\2.1.2\jakarta.activation-api-2.1.2.jar;C:\Users\LENOVO\.m2\repository\net\bytebuddy\byte-buddy\1.14.11\byte-buddy-1.14.11.jar;C:\Users\LENOVO\.m2\repository\org\springframework\spring-core\6.1.3\spring-core-6.1.3.jar;C:\Users\LENOVO\.m2\repository\org\springframework\spring-jcl\6.1.3\spring-jcl-6.1.3.jar;C:\Users\LENOVO\.m2\repository\org\springframework\boot\spring-boot-starter-data-jpa\3.2.2\spring-boot-starter-data-jpa-3.2.2.jar;C:\Users\LENOVO\.m2\repository\org\springframework\boot\spring-boot-starter-aop\3.2.2\spring-boot-starter-aop-3.2.2.jar;C:\Users\LENOVO\.m2\repository\org\aspectj\aspectjweaver\1.9.21\aspectjweaver-1.9.21.jar;C:\Users\LENOVO\.m2\repository\org\springframework\boot\spring-boot-starter-jdbc\3.2.2\spring-boot-starter-jdbc-3.2.2.jar;C:\Users\LENOVO\.m2\repository\com\zaxxer\HikariCP\5.0.1\HikariCP-5.0.1.jar;C:\Users\LENOVO\.m2\repository\org\springframework\spring-jdbc\6.1.3\spring-jdbc-6.1.3.jar;C:\Users\LENOVO\.m2\repository\org\hibernate\orm\hibernate-core\6.4.1.Final\hibernate-core-6.4.1.Final.jar;C:\Users\LENOVO\.m2\repository\jakarta\persistence\jakarta.persistence-api\3.1.0\jakarta.persistence-api-3.1.0.jar;C:\Users\LENOVO\.m2\repository\jakarta\transaction\jakarta.transaction-api\2.0.1\jakarta.transaction-api-2.0.1.jar;C:\Users\LENOVO\.m2\repository\org\jboss\logging\jboss-logging\3.5.3.Final\jboss-logging-3.5.3.Final.jar;C:\Users\LENOVO\.m2\repository\org\hibernate\common\hibernate-commons-annotations\6.0.6.Final\hibernate-commons-annotations-6.0.6.Final.jar;C:\Users\LENOVO\.m2\repository\io\smallrye\jandex\3.1.2\jandex-3.1.2.jar;C:\Users\LENOVO\.m2\repository\com\fasterxml\classmate\1.6.0\classmate-1.6.0.jar;C:\Users\LENOVO\.m2\repository\org\glassfish\jaxb\jaxb-runtime\4.0.4\jaxb-runtime-4.0.4.jar;C:\Users\LENOVO\.m2\repository\org\glassfish\jaxb\jaxb-core\4.0.4\jaxb-core-4.0.4.jar;C:\Users\LENOVO\.m2\repository\org\glassfish\jaxb\txw2\4.0.4\txw2-4.0.4.jar;C:\Users\LENOVO\.m2\repository\com\sun\istack\istack-commons-runtime\4.1.2\istack-commons-runtime-4.1.2.jar;C:\Users\LENOVO\.m2\repository\jakarta\inject\jakarta.inject-api\2.0.1\jakarta.inject-api-2.0.1.jar;C:\Users\LENOVO\.m2\repository\org\antlr\antlr4-runtime\4.13.0\antlr4-runtime-4.13.0.jar;C:\Users\LENOVO\.m2\repository\org\springframework\data\spring-data-jpa\3.2.2\spring-data-jpa-3.2.2.jar;C:\Users\LENOVO\.m2\repository\org\springframework\data\spring-data-commons\3.2.2\spring-data-commons-3.2.2.jar;C:\Users\LENOVO\.m2\repository\org\springframework\spring-orm\6.1.3\spring-orm-6.1.3.jar;C:\Users\LENOVO\.m2\repository\org\springframework\spring-tx\6.1.3\spring-tx-6.1.3.jar;C:\Users\LENOVO\.m2\repository\org\springframework\spring-aspects\6.1.3\spring-aspects-6.1.3.jar;C:\Users\LENOVO\.m2\repository\com\h2database\h2\2.2.224\h2-2.2.224.jar;C:\Users\LENOVO\.m2\repository\com\mysql\mysql-connector-j\8.1.0\mysql-connector-j-8.1.0.jar;C:\Users\LENOVO\.m2\repository\org\projectlombok\lombok\1.18.30\lombok-1.18.30.jar;C:\Users\LENOVO\.m2\repository\com\itextpdf\kernel\7.2.5\kernel-7.2.5.jar;C:\Users\LENOVO\.m2\repository\com\itextpdf\io\7.2.5\io-7.2.5.jar;C:\Users\LENOVO\.m2\repository\com\itextpdf\commons\7.2.5\commons-7.2.5.jar;C:\Users\LENOVO\.m2\repository\org\bouncycastle\bcpkix-jdk15on\1.70\bcpkix-jdk15on-1.70.jar;C:\Users\LENOVO\.m2\repository\org\bouncycastle\bcutil-jdk15on\1.70\bcutil-jdk15on-1.70.jar;C:\Users\LENOVO\.m2\repository\org\bouncycastle\bcprov-jdk15on\1.70\bcprov-jdk15on-1.70.jar;C:\Users\LENOVO\.m2\repository\org\slf4j\slf4j-api\2.0.11\slf4j-api-2.0.11.jar;C:\Users\LENOVO\.m2\repository\com\itextpdf\layout\7.2.5\layout-7.2.5.jar;C:\Users\LENOVO\.m2\repository\com\google\zxing\core\3.5.0\core-3.5.0.jar;C:\Users\LENOVO\.m2\repository\com\google\zxing\javase\3.5.0\javase-3.5.0.jar;C:\Users\LENOVO\.m2\repository\com\beust\jcommander\1.82\jcommander-1.82.jar;C:\Users\LENOVO\.m2\repository\com\github\jai-imageio\jai-imageio-core\1.4.0\jai-imageio-core-1.4.0.jar;C:\Users\LENOVO\.m2\repository\org\springframework\boot\spring-boot-starter-mail\3.2.2\spring-boot-starter-mail-3.2.2.jar;C:\Users\LENOVO\.m2\repository\org\springframework\spring-context-support\6.1.3\spring-context-support-6.1.3.jar;C:\Users\LENOVO\.m2\repository\org\eclipse\angus\jakarta.mail\2.0.2\jakarta.mail-2.0.2.jar;C:\Users\LENOVO\.m2\repository\org\eclipse\angus\angus-activation\2.0.1\angus-activation-2.0.1.jar;C:\Users\LENOVO\.m2\repository\org\springframework\boot\spring-boot-starter-validation\3.2.2\spring-boot-starter-validation-3.2.2.jar;C:\Users\LENOVO\.m2\repository\org\apache\tomcat\embed\tomcat-embed-el\10.1.18\tomcat-embed-el-10.1.18.jar;C:\Users\LENOVO\.m2\repository\org\hibernate\validator\hibernate-validator\8.0.1.Final\hibernate-validator-8.0.1.Final.jar;C:\Users\LENOVO\.m2\repository\jakarta\validation\jakarta.validation-api\3.0.2\jakarta.validation-api-3.0.2.jar
Launcher Type: SUN_STANDARD

[Global flags]
     intx CICompilerCount                          = 4                                         {product} {ergonomic}
     uint ConcGCThreads                            = 2                                         {product} {ergonomic}
     uint G1ConcRefinementThreads                  = 8                                         {product} {ergonomic}
   size_t G1HeapRegionSize                         = 4194304                                   {product} {ergonomic}
   size_t InitialHeapSize                          = 532676608                                 {product} {ergonomic}
     bool ManagementServer                         = true                                      {product} {command line}
   size_t MarkStackSize                            = 4194304                                   {product} {ergonomic}
   size_t MarkStackSizeMax                         = 536870912                                 {product} {ergonomic}
   size_t MaxHeapSize                              = 8514437120                                {product} {ergonomic}
   size_t MaxNewSize                               = 5108662272                                {product} {ergonomic}
   size_t MinHeapDeltaBytes                        = 4194304                                   {product} {ergonomic}
   size_t MinHeapSize                              = 8388608                                   {product} {ergonomic}
    uintx NonNMethodCodeHeapSize                   = 4096                                   {pd product} {ergonomic}
    uintx NonProfiledCodeHeapSize                  = 0                                      {pd product} {ergonomic}
     bool ProfileInterpreter                       = false                                  {pd product} {command line}
    uintx ProfiledCodeHeapSize                     = 0                                      {pd product} {ergonomic}
     bool ShowCodeDetailsInExceptionMessages       = true                                   {manageable} {command line}
   size_t SoftMaxHeapSize                          = 8514437120                             {manageable} {ergonomic}
     intx TieredStopAtLevel                        = 1                                         {product} {command line}
     bool UseCompressedOops                        = true                           {product lp64_product} {ergonomic}
     bool UseG1GC                                  = true                                      {product} {ergonomic}
     bool UseLargePagesIndividualAllocation        = false                                  {pd product} {ergonomic}

Logging:
Log output configuration:
 #0: stdout all=warning uptime,level,tags foldmultilines=false
 #1: stderr all=off uptime,level,tags foldmultilines=false

Release file:
IMPLEMENTOR="Oracle Corporation" 
JAVA_RUNTIME_VERSION="25.0.2+10-LTS-69" 
JAVA_VERSION="25.0.2" 
JAVA_VERSION_DATE="2026-01-20" 
LIBC="default" 
MODULES="java.base java.compiler java.datatransfer java.xml java.prefs java.desktop java.instrument java.logging java.management java.security.sasl java.naming java.rmi java.management.rmi java.net.http java.scripting java.security.jgss java.transaction.xa java.sql java.sql.rowset java.xml.crypto java.se java.smartcardio jdk.accessibility jdk.internal.jvmstat jdk.attach jdk.charsets jdk.internal.opt jdk.zipfs jdk.compiler jdk.crypto.cryptoki jdk.crypto.ec jdk.crypto.mscapi jdk.dynalink jdk.internal.ed jdk.editpad jdk.internal.vm.ci jdk.graal.compiler jdk.graal.compiler.management jdk.hotspot.agent jdk.httpserver jdk.incubator.vector jdk.internal.le jdk.internal.md jdk.jartool jdk.javadoc jdk.jcmd jdk.management jdk.management.agent jdk.jconsole jdk.jdeps jdk.jdwp.agent jdk.jdi jdk.jfr jdk.jlink jdk.jpackage jdk.jshell jdk.jsobject jdk.jstatd jdk.localedata jdk.management.jfr jdk.naming.dns jdk.naming.rmi jdk.net jdk.nio.mapmode jdk.sctp jdk.security.auth jdk.security.jgss jdk.unsupported jdk.unsupported.desktop jdk.xml.dom" 
OS_ARCH="x86_64" 
OS_NAME="Windows" 
SOURCE=".:git:b75efb40c93a open:git:405a5699ebd0" 

Environment Variables:
PATH=C:/Users/LENOVO/Documents/sts/sts-5.0.1.RELEASE//plugins/org.eclipse.justj.openjdk.hotspot.jre.full.win32.x86_64_25.0.1.v20251108-1451/jre/bin/server;C:/Users/LENOVO/Documents/sts/sts-5.0.1.RELEASE//plugins/org.eclipse.justj.openjdk.hotspot.jre.full.win32.x86_64_25.0.1.v20251108-1451/jre/bin;C:\Program Files\Common Files\Oracle\Java\javapath;C:\WINDOWS\system32;C:\WINDOWS;C:\WINDOWS\System32\Wbem;C:\WINDOWS\System32\WindowsPowerShell\v1.0\;C:\WINDOWS\System32\OpenSSH\;C:\Program Files\nodejs\;C:\Program Files\MySQL\MySQL Shell 8.0\bin\;C:\Users\LENOVO\AppData\Local\Microsoft\WindowsApps;C:\Users\LENOVO\AppData\Local\Programs\Microsoft VS Code\bin;C:\Users\LENOVO\AppData\Roaming\npm;C:\Program Files\Java\jdk-25.0.2\bin;;C:\Users\LENOVO\Documents\sts\sts-5.0.1.RELEASE;
USERNAME=LENOVO
OS=Windows_NT
PROCESSOR_IDENTIFIER=Intel64 Family 6 Model 140 Stepping 1, GenuineIntel
TMP=C:\Users\LENOVO\AppData\Local\Temp
TEMP=C:\Users\LENOVO\AppData\Local\Temp




Compilation memory statistics disabled.

Periodic native trim disabled

---------------  S Y S T E M  ---------------

OS:
 Windows 11 , 64 bit Build 26100 (10.0.26100.7705)
OS uptime: 0 days 19:34 hours

CPU: total 8 (initial active 8) (4 cores per cpu, 2 threads per core) family 6 model 140 stepping 1 microcode 0xbc, cx8, cmov, fxsr, ht, mmx, 3dnowpref, sse, sse2, sse3, ssse3, sse4.1, sse4.2, popcnt, lzcnt, tsc, tscinvbit, avx, avx2, aes, erms, clmul, bmi1, bmi2, adx, avx512f, avx512dq, avx512cd, avx512bw, avx512vl, sha, fma, vzeroupper, avx512_vpopcntdq, avx512_vpclmulqdq, avx512_vaes, avx512_vnni, clflush, clflushopt, clwb, avx512_vbmi2, avx512_vbmi, rdtscp, rdpid, fsrm, gfni, avx512_bitalg, f16c, pku, cet_ibt, cet_ss, avx512_ifma
Processor Information for the first 8 processors :
  Max Mhz: 2995, Current Mhz: 1198, Mhz Limit: 1198

Memory: 4k page, system-wide physical 32471M (19484M free)
TotalPageFile size 34519M (AvailPageFile size 17277M)
current process WorkingSet (physical memory assigned to process): 222M, peak: 222M
current process commit charge ("private bytes"): 260M, peak: 641M

vm_info: Java HotSpot(TM) 64-Bit Server VM (25.0.2+10-LTS-69) for windows-amd64 JRE (25.0.2+10-LTS-69), built on 2025-12-18T11:36:35Z with MS VC++ 17.13 (VS2022)

END.
