#
# A fatal error has been detected by the Java Runtime Environment:
#
#  EXCEPTION_ACCESS_VIOLATION (0xc0000005) at pc=0x00007ffcab09422f, pid=11212, tid=9720
#
# JRE version: Java(TM) SE Runtime Environment (25.0.2+10) (build 25.0.2+10-LTS-69)
# Java VM: Java HotSpot(TM) 64-Bit Server VM (25.0.2+10-LTS-69, mixed mode, sharing, tiered, compressed oops, compressed class ptrs, g1 gc, windows-amd64)
# Problematic frame:
# V  [jvm.dll+0x2c422f]
#
# No core dump will be written. Minidumps are not enabled by default on client versions of Windows
#
# If you would like to submit a bug report, please visit:
#   https://bugreport.java.com/bugreport/crash.jsp
#

---------------  S U M M A R Y ------------

Command Line: -Dfile.encoding=UTF-8 -Dstdout.encoding=UTF-8 -Dstderr.encoding=UTF-8 -XX:+ShowCodeDetailsInExceptionMessages com.example.eventmanagement.EventManagementBackendApplication

Host: 11th Gen Intel(R) Core(TM) i7-1185G7 @ 3.00GHz, 8 cores, 31G,  Windows 11 , 64 bit Build 26100 (10.0.26100.7705)
Time: Tue Feb 10 14:35:32 2026 India Standard Time elapsed time: 2.770856 seconds (0d 0h 0m 2s)

---------------  T H R E A D  ---------------

Current thread (0x0000025dd8fa7290):  JavaThread "C2 CompilerThread0" daemon [_thread_in_native, id=9720, stack(0x000000c092400000,0x000000c092500000) (1024K)]


Current CompileTask:
C2:2770 4400       4       jdk.internal.classfile.impl.StackMapGenerator::processBlock (2767 bytes)

Stack: [0x000000c092400000,0x000000c092500000],  sp=0x000000c0924fd9b0,  free space=1014k
Native frames: (J=compiled Java code, j=interpreted, Vv=VM code, C=native code)
V  [jvm.dll+0x2c422f]  (no source info available)
V  [jvm.dll+0x7cccb6]  (no source info available)
V  [jvm.dll+0x2bf971]  (no source info available)
V  [jvm.dll+0x2379a0]  (no source info available)
V  [jvm.dll+0x2cfc86]  (no source info available)
V  [jvm.dll+0x2cdf05]  (no source info available)
V  [jvm.dll+0x48e9d1]  (no source info available)
V  [jvm.dll+0x906fcd]  (no source info available)
V  [jvm.dll+0x7a56d5]  (no source info available)
C  [ucrtbase.dll+0x37b0]  (no source info available)
C  [KERNEL32.DLL+0x2e8d7]  (no source info available)
C  [ntdll.dll+0x8c40c]  (no source info available)


siginfo: EXCEPTION_ACCESS_VIOLATION (0xc0000005), reading address 0x0000125de2fe1778


Registers:
RAX=0x000000000000000e, RBX=0x0000000000000013, RCX=0x0000125de2fe1750, RDX=0x0000000000000012
RSP=0x000000c0924fd9b0, RBP=0x0000025de17ed148, RSI=0x0000025de2736c68, RDI=0x000000c0924fe540
R8 =0x000000000000010f, R9 =0x0000025de2fe2ef8, R10=0x0000025de2fe2f68, R11=0x00007ffd4c5f1c45
R12=0x0000000000000672, R13=0x0000000000000000, R14=0x000000c0924fe530, R15=0x000000000000000e
RIP=0x00007ffcab09422f, EFLAGS=0x0000000000010283

XMM[0]=0x0000000000000000 0x0000000000000000
XMM[1]=0x0000000000000000 0x0000000000000000
XMM[2]=0x0000000000000000 0x0000000000000000
XMM[3]=0x0000000000000000 0x0000000000000000
XMM[4]=0x0000000000000000 0x0000000000000000
XMM[5]=0x0000000000000000 0x0000000000000000
XMM[6]=0x0000000000000000 0x0000000000000000
XMM[7]=0x0000000000000000 0x0000000000000000
XMM[8]=0x0000000000000000 0x0000000000000000
XMM[9]=0x0000000000000000 0x0000000000000000
XMM[10]=0x0000000000000000 0x0000000000000000
XMM[11]=0x0000000000000000 0x0000000000000000
XMM[12]=0x0000000000000000 0x0000000000000000
XMM[13]=0x0000000000000000 0x0000000000000000
XMM[14]=0x0000000000000000 0x0000000000000000
XMM[15]=0x0000000000000000 0x0000000000000000
  MXCSR=0x00001fb2


Register to memory mapping:

RAX=0x000000000000000e is an unknown value
RBX=0x0000000000000013 is an unknown value
RCX=0x0000125de2fe1750 is an unknown value
RDX=0x0000000000000012 is an unknown value
RSP=0x000000c0924fd9b0 is pointing into the stack for thread: 0x0000025dd8fa7290
RBP=0x0000025de17ed148 points into unknown readable memory: 0x00007ffcab7e25c0 | c0 25 7e ab fc 7f 00 00
RSI=0x0000025de2736c68 points into unknown readable memory: 0x000000c0924fe7c0 | c0 e7 4f 92 c0 00 00 00
RDI=0x000000c0924fe540 is pointing into the stack for thread: 0x0000025dd8fa7290
R8 =0x000000000000010f is an unknown value
R9 =0x0000025de2fe2ef8 points into unknown readable memory: 0x0000025de33bd8e0 | e0 d8 3b e3 5d 02 00 00
R10=0x0000025de2fe2f68 points into unknown readable memory: 0x0000125de2fe1750 | 50 17 fe e2 5d 12 00 00
R11=0x00007ffd4c5f1c45 VCRUNTIME140.dll
R12=0x0000000000000672 is an unknown value
R13=0x0 is null
R14=0x000000c0924fe530 is pointing into the stack for thread: 0x0000025dd8fa7290
R15=0x000000000000000e is an unknown value

Top of Stack: (sp=0x000000c0924fd9b0)
0x000000c0924fd9b0:   0000000000000013 0000025de2736c68   ........hls.]...
0x000000c0924fd9c0:   000000c0924fe540 0000025de2736c68   @.O.....hls.]...
0x000000c0924fd9d0:   0000025de09f6ab8 000000c0924fe530   .j..]...0.O.....
0x000000c0924fd9e0:   0000025db4f99d10 000000c0924fdbd0   ....].....O.....
0x000000c0924fd9f0:   000000c0924fe690 0000025de2736c68   ..O.....hls.]...
0x000000c0924fda00:   0000025de0402be8 00007ffcab59ccb6   .+@.].....Y.....
0x000000c0924fda10:   000000c0924fe690 000000c000000672   ..O.....r.......
0x000000c0924fda20:   0000025de2736ce0 0000025de2736c68   .ls.]...hls.]...
0x000000c0924fda30:   0000000000000002 00007ffcab08f971   ........q.......
0x000000c0924fda40:   0000025de0402be8 000000c0924fdb40   .+@.]...@.O.....
0x000000c0924fda50:   000000c0924fe690 0000000000000001   ..O.............
0x000000c0924fda60:   0000025ddb8abe00 0000025ddb8abe00   ....].......]...
0x000000c0924fda70:   000000c0924fe690 0000025dd8f6db30   ..O.....0...]...
0x000000c0924fda80:   0000025de4219c20 0000025de421b530    .!.]...0.!.]...
0x000000c0924fda90:   0000025de4221c10 00000000000382c0   ..".]...........
0x000000c0924fdaa0:   0000025ddb8b2598 0000000000000000   .%..]...........
0x000000c0924fdab0:   0000000000000000 0000000000000000   ................
0x000000c0924fdac0:   00007ffcab7bd310 00007ffcab7bd500   ..{.......{.....
0x000000c0924fdad0:   00007ffcab7bd7b0 00007ffcab878dcc   ..{.............
0x000000c0924fdae0:   0000000000000000 000000c0924fe690   ..........O.....
0x000000c0924fdaf0:   0000000000000000 0000000000000000   ................
0x000000c0924fdb00:   0000026c00000000 0000000000000000   ....l...........
0x000000c0924fdb10:   0000025ddb8a5618 0000025ddb8a5600   .V..]....V..]...
0x000000c0924fdb20:   0000000000000000 0000000000000000   ................
0x000000c0924fdb30:   0000000000000000 0000000000000000   ................
0x000000c0924fdb40:   0000000000000000 0000000000000000   ................
0x000000c0924fdb50:   0000000000000000 0000000000000000   ................
0x000000c0924fdb60:   00007ffcab898d50 0000000000000000   P...............
0x000000c0924fdb70:   00007ffcab8bf188 0000000000000001   ................
0x000000c0924fdb80:   000000c0924fe690 000000c0924ff320   ..O..... .O.....
0x000000c0924fdb90:   000000c0924fdbd0 0000025de2a03308   ..O......3..]...
0x000000c0924fdba0:   0000000000000000 00000000ffffffff   ................

Instructions: (pc=0x00007ffcab09422f)
  0x00007ffcab09412f:   e8 4c 5a 00 00 48 8b f0 48 85 c0 74 60 48 83 38
  0x00007ffcab09413f:   00 74 5a 8b 53 28 48 8b cf e8 33 5a 00 00 48 85
  0x00007ffcab09414f:   c0 74 2d 48 8b 00 48 85 c0 74 25 8b 53 28 4c 8d
  0x00007ffcab09415f:   44 24 40 48 8b cf 48 89 44 24 40 e8 61 7a 00 00
  0x00007ffcab09416f:   48 8b 5c 24 30 48 8b 74 24 38 48 83 c4 20 5f c3
  0x00007ffcab09417f:   8b 53 28 4c 8b c6 48 8b cf 48 8b 5c 24 30 48 8b
  0x00007ffcab09418f:   74 24 38 48 83 c4 20 5f e9 34 7a 00 00 48 8b 5c
  0x00007ffcab09419f:   24 30 32 c0 48 8b 74 24 38 48 83 c4 20 5f c3 cc
  0x00007ffcab0941af:   cc 48 89 4c 24 08 53 55 56 57 41 55 41 56 41 57
  0x00007ffcab0941bf:   48 83 ec 20 45 33 ed 4c 89 64 24 70 49 8b f0 48
  0x00007ffcab0941cf:   8b fa 48 8b d9 45 8b e5 44 39 6a 20 0f 86 95 01
  0x00007ffcab0941df:   00 00 48 8b 47 10 41 8b cc 41 ff c4 44 89 64 24
  0x00007ffcab0941ef:   68 48 8b 2c c8 8b 45 2c 83 e0 03 3c 03 75 09 48
  0x00007ffcab0941ff:   8d 4d 48 e8 f9 c5 53 00 8b 5d 20 45 8b fd 85 db
  0x00007ffcab09420f:   0f 8e d8 00 00 00 66 66 66 0f 1f 84 00 00 00 00
  0x00007ffcab09421f:   00 4c 8b 4d 10 41 8b c7 49 8b 0c c1 4d 8d 14 c1
=>0x00007ffcab09422f:   8b 51 28 8b c2 c1 e8 05 3b 47 28 73 17 44 8b c0
  0x00007ffcab09423f:   83 e2 1f 48 8b 47 30 42 8b 04 80 0f a3 d0 0f 82
  0x00007ffcab09424f:   86 00 00 00 ff 4d 20 48 8b d5 8b 45 20 41 ff cf
  0x00007ffcab09425f:   ff cb 49 8b 04 c1 49 89 02 e8 73 b4 4b 00 84 c0
  0x00007ffcab09426f:   74 68 44 8b 65 28 45 8b f4 41 c1 ee 05 44 3b 76
  0x00007ffcab09427f:   28 72 0c 41 8b d6 48 8d 4e 28 e8 12 c2 68 00 48
  0x00007ffcab09428f:   8b 46 30 41 83 e4 1f 4a 8d 14 b0 41 0f b6 cc 41
  0x00007ffcab09429f:   b8 01 00 00 00 41 d3 e0 8b 0a 8b c1 41 0b c0 89
  0x00007ffcab0942af:   02 41 85 c8 75 24 44 8b 76 20 41 8d 46 01 89 46
  0x00007ffcab0942bf:   20 44 3b 76 08 72 0b 41 8b d6 48 8b ce e8 6f ae
  0x00007ffcab0942cf:   4b 00 48 8b 46 10 4a 89 2c f0 41 ff c7 44 3b fb
  0x00007ffcab0942df:   0f 8c 3b ff ff ff 44 8b 64 24 68 45 33 ed 83 7d
  0x00007ffcab0942ef:   20 01 75 74 48 8b cd e8 35 b0 4b 00 84 c0 74 68
  0x00007ffcab0942ff:   48 8b 45 10 4c 8b 38 45 8b 77 28 41 8b ee c1 ed
  0x00007ffcab09430f:   05 3b 6e 28 72 0b 8b d5 48 8d 4e 28 e8 80 c1 68
  0x00007ffcab09431f:   00 48 8b 46 30 41 83 e6 1f 48 8d 14 a8 41 0f b6


Stack slot to memory mapping:

stack at sp + 0 slots: 0x0000000000000013 is an unknown value
stack at sp + 1 slots: 0x0000025de2736c68 points into unknown readable memory: 0x000000c0924fe7c0 | c0 e7 4f 92 c0 00 00 00
stack at sp + 2 slots: 0x000000c0924fe540 is pointing into the stack for thread: 0x0000025dd8fa7290
stack at sp + 3 slots: 0x0000025de2736c68 points into unknown readable memory: 0x000000c0924fe7c0 | c0 e7 4f 92 c0 00 00 00
stack at sp + 4 slots: 0x0000025de09f6ab8 points into unknown readable memory: 0x00007ffcab883d98 | 98 3d 88 ab fc 7f 00 00
stack at sp + 5 slots: 0x000000c0924fe530 is pointing into the stack for thread: 0x0000025dd8fa7290
stack at sp + 6 slots: 0x0000025db4f99d10 points into unknown readable memory: 0x0000000000000000 | 00 00 00 00 00 00 00 00
stack at sp + 7 slots: 0x000000c0924fdbd0 is pointing into the stack for thread: 0x0000025dd8fa7290

Lock stack of current Java thread (top to bottom):


---------------  P R O C E S S  ---------------

Threads class SMR info:
_java_thread_list=0x0000025de366dcb0, length=17, elements={
0x0000025db4f78730, 0x0000025dd8f734b0, 0x0000025dd8f73f10, 0x0000025dd8f7bff0,
0x0000025dd8f9d170, 0x0000025dd8fa5d40, 0x0000025dd8f9e550, 0x0000025dd8fa7290,
0x0000025dd8fa7fd0, 0x0000025dd8fa4310, 0x0000025dd8fa3b40, 0x0000025ddba96ec0,
0x0000025de11c2200, 0x0000025de0eeb480, 0x0000025dd8fa2ba0, 0x0000025de37fa730,
0x0000025de37f9790
}

Java Threads: ( => current thread )
  0x0000025db4f78730 JavaThread "main"                              [_thread_in_vm, id=3152, stack(0x000000c091600000,0x000000c091700000) (1024K)]
  0x0000025dd8f734b0 JavaThread "Reference Handler"          daemon [_thread_blocked, id=5300, stack(0x000000c091e00000,0x000000c091f00000) (1024K)]
  0x0000025dd8f73f10 JavaThread "Finalizer"                  daemon [_thread_blocked, id=18728, stack(0x000000c091f00000,0x000000c092000000) (1024K)]
  0x0000025dd8f7bff0 JavaThread "Signal Dispatcher"          daemon [_thread_blocked, id=2916, stack(0x000000c092000000,0x000000c092100000) (1024K)]
  0x0000025dd8f9d170 JavaThread "Attach Listener"            daemon [_thread_blocked, id=10164, stack(0x000000c092100000,0x000000c092200000) (1024K)]
  0x0000025dd8fa5d40 JavaThread "Service Thread"             daemon [_thread_blocked, id=7196, stack(0x000000c092200000,0x000000c092300000) (1024K)]
  0x0000025dd8f9e550 JavaThread "Monitor Deflation Thread"   daemon [_thread_blocked, id=8688, stack(0x000000c092300000,0x000000c092400000) (1024K)]
=>0x0000025dd8fa7290 JavaThread "C2 CompilerThread0"         daemon [_thread_in_native, id=9720, stack(0x000000c092400000,0x000000c092500000) (1024K)]
  0x0000025dd8fa7fd0 JavaThread "C1 CompilerThread0"         daemon [_thread_blocked, id=2412, stack(0x000000c092500000,0x000000c092600000) (1024K)]
  0x0000025dd8fa4310 JavaThread "Notification Thread"        daemon [_thread_blocked, id=8700, stack(0x000000c092600000,0x000000c092700000) (1024K)]
  0x0000025dd8fa3b40 JavaThread "Common-Cleaner"             daemon [_thread_blocked, id=14124, stack(0x000000c092700000,0x000000c092800000) (1024K)]
  0x0000025ddba96ec0 JavaThread "C2 CompilerThread1"         daemon [_thread_in_native, id=14408, stack(0x000000c092800000,0x000000c092900000) (1024K)]
  0x0000025de11c2200 JavaThread "C2 CompilerThread2"         daemon [_thread_in_native, id=4160, stack(0x000000c093100000,0x000000c093200000) (1024K)]
  0x0000025de0eeb480 JavaThread "Catalina-utility-1"                [_thread_blocked, id=16648, stack(0x000000c093200000,0x000000c093300000) (1024K)]
  0x0000025dd8fa2ba0 JavaThread "Catalina-utility-2"                [_thread_blocked, id=8564, stack(0x000000c093300000,0x000000c093400000) (1024K)]
  0x0000025de37fa730 JavaThread "container-0"                       [_thread_blocked, id=19320, stack(0x000000c093400000,0x000000c093500000) (1024K)]
  0x0000025de37f9790 JavaThread "mysql-cj-abandoned-connection-cleanup" daemon [_thread_blocked, id=4156, stack(0x000000c093500000,0x000000c093600000) (1024K)]
Total: 17

Other Threads:
  0x0000025dd8f5fb10 VMThread "VM Thread"                           [id=19196, stack(0x000000c091d00000,0x000000c091e00000) (1024K)]
  0x0000025dd8f514b0 WatcherThread "VM Periodic Task Thread"        [id=9248, stack(0x000000c091c00000,0x000000c091d00000) (1024K)]
  0x0000025db7403270 WorkerThread "GC Thread#0"                     [id=18160, stack(0x000000c091700000,0x000000c091800000) (1024K)]
  0x0000025de0f1e990 WorkerThread "GC Thread#1"                     [id=19352, stack(0x000000c092a00000,0x000000c092b00000) (1024K)]
  0x0000025de0eb0470 WorkerThread "GC Thread#2"                     [id=15860, stack(0x000000c092b00000,0x000000c092c00000) (1024K)]
  0x0000025de0eb08a0 WorkerThread "GC Thread#3"                     [id=6744, stack(0x000000c092c00000,0x000000c092d00000) (1024K)]
  0x0000025de02bbb40 WorkerThread "GC Thread#4"                     [id=11644, stack(0x000000c092d00000,0x000000c092e00000) (1024K)]
  0x0000025de02bbf90 WorkerThread "GC Thread#5"                     [id=11364, stack(0x000000c092e00000,0x000000c092f00000) (1024K)]
  0x0000025de02bd520 WorkerThread "GC Thread#6"                     [id=5220, stack(0x000000c092f00000,0x000000c093000000) (1024K)]
  0x0000025de02bddc0 WorkerThread "GC Thread#7"                     [id=8508, stack(0x000000c093000000,0x000000c093100000) (1024K)]
  0x0000025dd8dbfe70 ConcurrentGCThread "G1 Main Marker"            [id=7216, stack(0x000000c091800000,0x000000c091900000) (1024K)]
  0x0000025dd8dc0a10 WorkerThread "G1 Conc#0"                       [id=19192, stack(0x000000c091900000,0x000000c091a00000) (1024K)]
  0x0000025de11c3600 WorkerThread "G1 Conc#1"                       [id=15216, stack(0x000000c092900000,0x000000c092a00000) (1024K)]
  0x0000025dd8e1d710 ConcurrentGCThread "G1 Refine#0"               [id=12044, stack(0x000000c091a00000,0x000000c091b00000) (1024K)]
  0x0000025dd8e1e320 ConcurrentGCThread "G1 Service"                [id=3164, stack(0x000000c091b00000,0x000000c091c00000) (1024K)]
Total: 15

Threads with active compile tasks:
C2 CompilerThread0  2835 4400       4       jdk.internal.classfile.impl.StackMapGenerator::processBlock (2767 bytes)
C2 CompilerThread1  2835 4421       4       java.lang.String::toUpperCase (29 bytes)
C2 CompilerThread2  2835 4322   !   4       jdk.internal.loader.BuiltinClassLoader::findClassOnClassPathOrNull (38 bytes)
Total: 3

VM state: not at safepoint (normal execution)

VM Mutex/Monitor currently owned by a thread: None

Heap address: 0x0000000604800000, size: 8120 MB, Compressed Oops mode: Zero based, Oop shift amount: 3

CDS archive(s) mapped at: [0x000000009a000000-0x000000009add0000-0x000000009add0000), size 14483456, SharedBaseAddress: 0x000000009a000000, ArchiveRelocationMode: 1.
Compressed class space mapped at: 0x000000009b000000-0x00000000db000000, reserved size: 1073741824
UseCompressedClassPointers 1, UseCompactObjectHeaders 0
Narrow klass pointer bits 32, Max shift 3
Narrow klass base: 0x000000009a000000, Narrow klass shift: 0
Encoding Range: [0x000000009a000000 - 0x000000019a000000), (4294967296 bytes)
Klass Range:    [0x000000009a010000 - 0x00000000db000000), (1090453504 bytes)
Klass ID Range:  [65536 - 1090519033) (1090453497)
Protection zone: [0x000000009a000000 - 0x000000009a010000), (65536 bytes)

GC Precious Log:
 CardTable entry size: 512
 Card Set container configuration: InlinePtr #cards 4 size 8 Array Of Cards #cards 32 size 80 Howl #buckets 8 coarsen threshold 7372 Howl Bitmap #cards 1024 size 144 coarsen threshold 921 Card regions per heap region 1 cards per card region 8192
 CPUs: 8 total, 8 available
 Memory: 32471M
 Large Page Support: Disabled
 NUMA Support: Disabled
 Compressed Oops: Enabled (Zero based)
 Heap Region Size: 4M
 Heap Min Capacity: 8M
 Heap Initial Capacity: 508M
 Heap Max Capacity: 8120M
 Pre-touch: Disabled
 Parallel Workers: 8
 Concurrent Workers: 2
 Concurrent Refinement Workers: 8
 Periodic GC: Disabled

Heap:
 garbage-first heap   total reserved 8314880K, committed 98304K, used 29522K [0x0000000604800000, 0x0000000800000000)
  region size 4096K, 4 young (16384K), 1 survivors (4096K)

Heap Regions: E=young(eden), S=young(survivor), O=old, HS=humongous(starts), HC=humongous(continues), CS=collection set, F=free, TAMS=top-at-mark-start, PB=parsable bottom
|   0|0x0000000604800000, 0x000000060485e6a0, 0x0000000604c00000|  9%| O|Cm|TAMS 0x0000000604800000| PB 0x0000000604800000| Complete |  0
|   1|0x0000000604c00000, 0x0000000605000000, 0x0000000605000000|100%| O|  |TAMS 0x0000000604c00000| PB 0x0000000604c00000| Untracked |  0
|   2|0x0000000605000000, 0x0000000605400000, 0x0000000605400000|100%| O|  |TAMS 0x0000000605000000| PB 0x0000000605000000| Untracked |  0
|   3|0x0000000605400000, 0x0000000605800000, 0x0000000605800000|100%| O|  |TAMS 0x0000000605400000| PB 0x0000000605400000| Untracked |  0
|   4|0x0000000605800000, 0x0000000605c00000, 0x0000000605c00000|100%| O|  |TAMS 0x0000000605800000| PB 0x0000000605800000| Untracked |  0
|   5|0x0000000605c00000, 0x0000000605e730c0, 0x0000000606000000| 61%| O|  |TAMS 0x0000000605c00000| PB 0x0000000605c00000| Untracked |  0
|   6|0x0000000606000000, 0x0000000606000000, 0x0000000606400000|  0%| F|  |TAMS 0x0000000606000000| PB 0x0000000606000000| Untracked |  0
|   7|0x0000000606400000, 0x0000000606400000, 0x0000000606800000|  0%| F|  |TAMS 0x0000000606400000| PB 0x0000000606400000| Untracked |  0
|   8|0x0000000606800000, 0x0000000606800000, 0x0000000606c00000|  0%| F|  |TAMS 0x0000000606800000| PB 0x0000000606800000| Untracked |  0
|   9|0x0000000606c00000, 0x0000000606c00000, 0x0000000607000000|  0%| F|  |TAMS 0x0000000606c00000| PB 0x0000000606c00000| Untracked |  0
|  10|0x0000000607000000, 0x0000000607000000, 0x0000000607400000|  0%| F|  |TAMS 0x0000000607000000| PB 0x0000000607000000| Untracked |  0
|  11|0x0000000607400000, 0x0000000607400000, 0x0000000607800000|  0%| F|  |TAMS 0x0000000607400000| PB 0x0000000607400000| Untracked |  0
|  12|0x0000000607800000, 0x0000000607800000, 0x0000000607c00000|  0%| F|  |TAMS 0x0000000607800000| PB 0x0000000607800000| Untracked |  0
|  13|0x0000000607c00000, 0x0000000607c00000, 0x0000000608000000|  0%| F|  |TAMS 0x0000000607c00000| PB 0x0000000607c00000| Untracked |  0
|  14|0x0000000608000000, 0x0000000608000000, 0x0000000608400000|  0%| F|  |TAMS 0x0000000608000000| PB 0x0000000608000000| Untracked |  0
|  15|0x0000000608400000, 0x0000000608400000, 0x0000000608800000|  0%| F|  |TAMS 0x0000000608400000| PB 0x0000000608400000| Untracked |  0
|  16|0x0000000608800000, 0x0000000608800000, 0x0000000608c00000|  0%| F|  |TAMS 0x0000000608800000| PB 0x0000000608800000| Untracked |  0
|  17|0x0000000608c00000, 0x0000000608c00000, 0x0000000609000000|  0%| F|  |TAMS 0x0000000608c00000| PB 0x0000000608c00000| Untracked |  0
|  18|0x0000000609000000, 0x0000000609000000, 0x0000000609400000|  0%| F|  |TAMS 0x0000000609000000| PB 0x0000000609000000| Untracked |  0
| 109|0x000000061fc00000, 0x000000061fc00000, 0x0000000620000000|  0%| F|  |TAMS 0x000000061fc00000| PB 0x000000061fc00000| Untracked |  0
| 110|0x0000000620000000, 0x00000006201a9d88, 0x0000000620400000| 41%| E|  |TAMS 0x0000000620000000| PB 0x0000000620000000| Complete |  0
| 111|0x0000000620400000, 0x0000000620800000, 0x0000000620800000|100%| E|CS|TAMS 0x0000000620400000| PB 0x0000000620400000| Complete |  0
| 126|0x0000000624000000, 0x00000006242031c0, 0x0000000624400000| 50%| S|CS|TAMS 0x0000000624000000| PB 0x0000000624000000| Complete |  0
|2029|0x00000007ffc00000, 0x0000000800000000, 0x0000000800000000|100%| E|CS|TAMS 0x00000007ffc00000| PB 0x00000007ffc00000| Complete |  0

Card table byte_map: [0x0000025dcfef0000,0x0000025dd0ed0000] _byte_map_base: 0x0000025dccecc000

Marking Bits: (CMBitMap*) 0x0000025db7403a00
 Bits: [0x0000025dd0ed0000, 0x0000025dd8db0000)

Polling page: 0x0000025db53c0000

Metaspace:
Metaspace        used 38860K, committed 39168K, reserved 1114112K
 class space     used 5285K, committed 5440K, reserved 1048576K

Usage:
  Non-class:     32.79 MB used.
      Class:      5.16 MB used.
       Both:     37.95 MB used.

Virtual space:
  Non-class space:       64.00 MB reserved,      32.94 MB ( 51%) committed,  1 nodes.
      Class space:        1.00 GB reserved,       5.31 MB ( <1%) committed,  1 nodes.
             Both:        1.06 GB reserved,      38.25 MB (  4%) committed. 

Chunk freelists:
   Non-Class:  14.50 MB
       Class:  10.66 MB
        Both:  25.16 MB

MaxMetaspaceSize: unlimited
CompressedClassSpaceSize: 1.00 GB
Initial GC threshold: 21.00 MB
Current GC threshold: 59.31 MB
CDS: on
 - commit_granule_bytes: 65536.
 - commit_granule_words: 8192.
 - virtual_space_node_default_size: 8388608.
 - enlarge_chunks_in_place: 1.
UseCompressedClassPointers 1, UseCompactObjectHeaders 0
Narrow klass pointer bits 32, Max shift 3
Narrow klass base: 0x000000009a000000, Narrow klass shift: 0
Encoding Range: [0x000000009a000000 - 0x000000019a000000), (4294967296 bytes)
Klass Range:    [0x000000009a010000 - 0x00000000db000000), (1090453504 bytes)
Klass ID Range:  [65536 - 1090519033) (1090453497)
Protection zone: [0x000000009a000000 - 0x000000009a010000), (65536 bytes)


Internal statistics:

num_allocs_failed_limit: 9.
num_arena_births: 410.
num_arena_deaths: 0.
num_vsnodes_births: 2.
num_vsnodes_deaths: 0.
num_space_committed: 612.
num_space_uncommitted: 0.
num_chunks_returned_to_freelist: 9.
num_chunks_taken_from_freelist: 1732.
num_chunk_merges: 9.
num_chunk_splits: 1279.
num_chunks_enlarged: 1045.
num_inconsistent_stats: 0.

CodeHeap 'non-profiled nmethods': size=120064Kb used=1894Kb max_used=1902Kb free=118169Kb
 bounds [0x0000025dc76a0000, 0x0000025dc7910000, 0x0000025dcebe0000]
CodeHeap 'profiled nmethods': size=120000Kb used=6495Kb max_used=7161Kb free=113504Kb
 bounds [0x0000025dbfbe0000, 0x0000025dc02e0000, 0x0000025dc7110000]
CodeHeap 'non-nmethods': size=5696Kb used=1644Kb max_used=1748Kb free=4051Kb
 bounds [0x0000025dc7110000, 0x0000025dc7380000, 0x0000025dc76a0000]
CodeCache: size=245760Kb, used=10033Kb, max_used=10811Kb, free=235724Kb
 total_blobs=4658, nmethods=4035, adapters=526, full_count=0
Compilation: enabled, stopped_count=0, restarted_count=0

Compilation events (20 events):
Event: 2.745 Thread 0x0000025dd8fa7fd0 4392       3       java.text.Format::<init> (5 bytes)
Event: 2.745 Thread 0x0000025dd8fa7fd0 nmethod 4392 0x0000025dbfc03488 code [0x0000025dbfc03580, 0x0000025dbfc036e0]
Event: 2.745 Thread 0x0000025dd8fa7fd0 4393       1       com.mysql.cj.conf.AbstractPropertyDefinition::getPropertyKey (5 bytes)
Event: 2.745 Thread 0x0000025dd8fa7fd0 nmethod 4393 0x0000025dc7725288 code [0x0000025dc7725380, 0x0000025dc7725448]
Event: 2.746 Thread 0x0000025dd8fa7fd0 4394       1       com.mysql.cj.conf.AbstractPropertyDefinition::getDefaultValue (5 bytes)
Event: 2.746 Thread 0x0000025dd8fa7fd0 nmethod 4394 0x0000025dc772f488 code [0x0000025dc772f580, 0x0000025dc772f648]
Event: 2.747 Thread 0x0000025dd8fa7fd0 4395       1       com.mysql.cj.conf.AbstractRuntimeProperty::getPropertyDefinition (5 bytes)
Event: 2.747 Thread 0x0000025dd8fa7fd0 nmethod 4395 0x0000025dc76e4a88 code [0x0000025dc76e4b80, 0x0000025dc76e4c48]
Event: 2.747 Thread 0x0000025dd8fa7fd0 4396       3       java.util.HashMap$ValueIterator::next (8 bytes)
Event: 2.747 Thread 0x0000025dd8fa7fd0 nmethod 4396 0x0000025dbfc18088 code [0x0000025dbfc18180, 0x0000025dbfc18340]
Event: 2.747 Thread 0x0000025dd8fa7fd0 4397       1       com.mysql.cj.conf.AbstractPropertyDefinition::getName (5 bytes)
Event: 2.747 Thread 0x0000025dd8fa7fd0 nmethod 4397 0x0000025dc76f9b08 code [0x0000025dc76f9c00, 0x0000025dc76f9cc8]
Event: 2.747 Thread 0x0000025dd8fa7fd0 4398       1       com.mysql.cj.conf.AbstractPropertyDefinition::getCcAlias (5 bytes)
Event: 2.747 Thread 0x0000025dd8fa7fd0 nmethod 4398 0x0000025dc76a9308 code [0x0000025dc76a9400, 0x0000025dc76a94c8]
Event: 2.753 Thread 0x0000025dd8fa7290 nmethod 4377 0x0000025dc76d2088 code [0x0000025dc76d2180, 0x0000025dc76d39a0]
Event: 2.754 Thread 0x0000025dd8fa7fd0 4399   !   3       com.mysql.cj.conf.DefaultPropertySet::getProperty (52 bytes)
Event: 2.754 Thread 0x0000025dd8fa7fd0 nmethod 4399 0x0000025dbfc40288 code [0x0000025dbfc40380, 0x0000025dbfc40a98]
Event: 2.759 Thread 0x0000025dd8fa7290 4400       4       jdk.internal.classfile.impl.StackMapGenerator::processBlock (2767 bytes)
Event: 2.761 Thread 0x0000025ddba96ec0 4401       4       java.util.zip.CRC32::update (38 bytes)
Event: 2.762 Thread 0x0000025ddba96ec0 nmethod 4401 0x0000025dc7701d08 code [0x0000025dc7701e00, 0x0000025dc7701fd8]

GC Heap Usage History (10 events):
Event: 0.754 {heap Before GC invocations=0 (full 0):
 garbage-first heap   total reserved 8314880K, committed 524288K, used 50325K [0x0000000604800000, 0x0000000800000000)
  region size 4096K, 12 young (49152K), 0 survivors (0K)
}
Event: 0.758 {heap After GC invocations=1 (full 0):
 garbage-first heap   total reserved 8314880K, committed 524288K, used 9743K [0x0000000604800000, 0x0000000800000000)
  region size 4096K, 2 young (8192K), 2 survivors (8192K)
}
Event: 1.244 {heap Before GC invocations=1 (full 0):
 garbage-first heap   total reserved 8314880K, committed 524288K, used 54799K [0x0000000604800000, 0x0000000800000000)
  region size 4096K, 14 young (57344K), 2 survivors (8192K)
}
Event: 1.250 {heap After GC invocations=2 (full 0):
 garbage-first heap   total reserved 8314880K, committed 524288K, used 14875K [0x0000000604800000, 0x0000000800000000)
  region size 4096K, 4 young (16384K), 4 survivors (16384K)
}
Event: 2.177 {heap Before GC invocations=3 (full 0):
 garbage-first heap   total reserved 8314880K, committed 81920K, used 72219K [0x0000000604800000, 0x0000000800000000)
  region size 4096K, 18 young (73728K), 4 survivors (16384K)
}
Event: 2.186 {heap After GC invocations=4 (full 0):
 garbage-first heap   total reserved 8314880K, committed 102400K, used 19309K [0x0000000604800000, 0x0000000800000000)
  region size 4096K, 5 young (20480K), 5 survivors (20480K)
}
Event: 2.609 {heap Before GC invocations=4 (full 0):
 garbage-first heap   total reserved 8314880K, committed 102400K, used 43885K [0x0000000604800000, 0x0000000800000000)
  region size 4096K, 12 young (49152K), 5 survivors (20480K)
}
Event: 2.621 {heap After GC invocations=5 (full 0):
 garbage-first heap   total reserved 8314880K, committed 102400K, used 21312K [0x0000000604800000, 0x0000000800000000)
  region size 4096K, 2 young (8192K), 2 survivors (8192K)
}
Event: 2.641 {heap Before GC invocations=5 (full 0):
 garbage-first heap   total reserved 8314880K, committed 102400K, used 21312K [0x0000000604800000, 0x0000000800000000)
  region size 4096K, 3 young (12288K), 2 survivors (8192K)
}
Event: 2.644 {heap After GC invocations=6 (full 0):
 garbage-first heap   total reserved 8314880K, committed 102400K, used 21330K [0x0000000604800000, 0x0000000800000000)
  region size 4096K, 1 young (4096K), 1 survivors (4096K)
}

Metaspace Usage History (10 events):
Event: 0.754 {metaspace Before GC invocations=0 (full 0):
 Metaspace       used 11496K, committed 11712K, reserved 1114112K
  class space    used 1591K, committed 1664K, reserved 1048576K
}
Event: 0.758 {metaspace After GC invocations=1 (full 0):
 Metaspace       used 11496K, committed 11712K, reserved 1114112K
  class space    used 1591K, committed 1664K, reserved 1048576K
}
Event: 1.244 {metaspace Before GC invocations=1 (full 0):
 Metaspace       used 21283K, committed 21504K, reserved 1114112K
  class space    used 2762K, committed 2880K, reserved 1048576K
}
Event: 1.250 {metaspace After GC invocations=2 (full 0):
 Metaspace       used 21283K, committed 21504K, reserved 1114112K
  class space    used 2762K, committed 2880K, reserved 1048576K
}
Event: 2.177 {metaspace Before GC invocations=3 (full 0):
 Metaspace       used 29889K, committed 30208K, reserved 1114112K
  class space    used 3979K, committed 4096K, reserved 1048576K
}
Event: 2.186 {metaspace After GC invocations=4 (full 0):
 Metaspace       used 29889K, committed 30208K, reserved 1114112K
  class space    used 3979K, committed 4096K, reserved 1048576K
}
Event: 2.609 {metaspace Before GC invocations=4 (full 0):
 Metaspace       used 35552K, committed 35968K, reserved 1114112K
  class space    used 4880K, committed 5056K, reserved 1048576K
}
Event: 2.621 {metaspace After GC invocations=5 (full 0):
 Metaspace       used 35552K, committed 35968K, reserved 1114112K
  class space    used 4880K, committed 5056K, reserved 1048576K
}
Event: 2.641 {metaspace Before GC invocations=5 (full 0):
 Metaspace       used 35883K, committed 36288K, reserved 1114112K
  class space    used 4924K, committed 5120K, reserved 1048576K
}
Event: 2.644 {metaspace After GC invocations=6 (full 0):
 Metaspace       used 35883K, committed 36288K, reserved 1114112K
  class space    used 4924K, committed 5120K, reserved 1048576K
}

Dll operation events (9 events):
Event: 0.009 Loaded shared library C:\Program Files\Java\jdk-25.0.2\bin\java.dll
Event: 0.093 Loaded shared library C:\Program Files\Java\jdk-25.0.2\bin\net.dll
Event: 0.095 Loaded shared library C:\Program Files\Java\jdk-25.0.2\bin\nio.dll
Event: 0.098 Loaded shared library C:\Program Files\Java\jdk-25.0.2\bin\zip.dll
Event: 0.216 Loaded shared library C:\Program Files\Java\jdk-25.0.2\bin\jimage.dll
Event: 1.032 Loaded shared library C:\Program Files\Java\jdk-25.0.2\bin\sunmscapi.dll
Event: 2.048 Loaded shared library C:\Program Files\Java\jdk-25.0.2\bin\management.dll
Event: 2.049 Loaded shared library C:\Program Files\Java\jdk-25.0.2\bin\management_ext.dll
Event: 2.487 Loaded shared library C:\Program Files\Java\jdk-25.0.2\bin\verify.dll

Deoptimization events (20 events):
Event: 2.759 Thread 0x0000025db4f78730 Uncommon trap: trap_request=0xffffffd6 fr.pc=0x0000025dc7771294 relative=0x0000000000000714
Event: 2.759 Thread 0x0000025db4f78730 Uncommon trap: reason=array_check action=maybe_recompile pc=0x0000025dc7771294 method=jdk.internal.classfile.impl.AttributeHolder.withAttribute(Ljava/lang/classfile/Attribute;)V @ 115 c2
Event: 2.759 Thread 0x0000025db4f78730 DEOPT PACKING pc=0x0000025dc7771294 sp=0x000000c0916fc280
Event: 2.759 Thread 0x0000025db4f78730 DEOPT UNPACKING pc=0x0000025dc7240802 sp=0x000000c0916fc240 mode 2
Event: 2.759 Thread 0x0000025db4f78730 Uncommon trap: trap_request=0xffffffd6 fr.pc=0x0000025dc7771294 relative=0x0000000000000714
Event: 2.759 Thread 0x0000025db4f78730 Uncommon trap: reason=array_check action=maybe_recompile pc=0x0000025dc7771294 method=jdk.internal.classfile.impl.AttributeHolder.withAttribute(Ljava/lang/classfile/Attribute;)V @ 115 c2
Event: 2.759 Thread 0x0000025db4f78730 DEOPT PACKING pc=0x0000025dc7771294 sp=0x000000c0916fc310
Event: 2.759 Thread 0x0000025db4f78730 DEOPT UNPACKING pc=0x0000025dc7240802 sp=0x000000c0916fc2d0 mode 2
Event: 2.759 Thread 0x0000025db4f78730 Uncommon trap: trap_request=0xffffffd6 fr.pc=0x0000025dc7771294 relative=0x0000000000000714
Event: 2.759 Thread 0x0000025db4f78730 Uncommon trap: reason=array_check action=maybe_recompile pc=0x0000025dc7771294 method=jdk.internal.classfile.impl.AttributeHolder.withAttribute(Ljava/lang/classfile/Attribute;)V @ 115 c2
Event: 2.759 Thread 0x0000025db4f78730 DEOPT PACKING pc=0x0000025dc7771294 sp=0x000000c0916fc270
Event: 2.759 Thread 0x0000025db4f78730 DEOPT UNPACKING pc=0x0000025dc7240802 sp=0x000000c0916fc230 mode 2
Event: 2.759 Thread 0x0000025db4f78730 Uncommon trap: trap_request=0xffffffd6 fr.pc=0x0000025dc7771294 relative=0x0000000000000714
Event: 2.759 Thread 0x0000025db4f78730 Uncommon trap: reason=array_check action=maybe_recompile pc=0x0000025dc7771294 method=jdk.internal.classfile.impl.AttributeHolder.withAttribute(Ljava/lang/classfile/Attribute;)V @ 115 c2
Event: 2.759 Thread 0x0000025db4f78730 DEOPT PACKING pc=0x0000025dc7771294 sp=0x000000c0916fc300
Event: 2.759 Thread 0x0000025db4f78730 DEOPT UNPACKING pc=0x0000025dc7240802 sp=0x000000c0916fc2c0 mode 2
Event: 2.762 Thread 0x0000025db4f78730 Uncommon trap: trap_request=0xffffff45 fr.pc=0x0000025dc782f9b8 relative=0x0000000000000c38
Event: 2.762 Thread 0x0000025db4f78730 Uncommon trap: reason=unstable_if action=reinterpret pc=0x0000025dc782f9b8 method=java.util.concurrent.ConcurrentHashMap.putVal(Ljava/lang/Object;Ljava/lang/Object;Z)Ljava/lang/Object; @ 148 c2
Event: 2.762 Thread 0x0000025db4f78730 DEOPT PACKING pc=0x0000025dc782f9b8 sp=0x000000c0916fd3a0
Event: 2.762 Thread 0x0000025db4f78730 DEOPT UNPACKING pc=0x0000025dc7240802 sp=0x000000c0916fd310 mode 2

Classes loaded (20 events):
Event: 2.759 Loading class java/util/LinkedList$LLSpliterator
Event: 2.759 Loading class java/util/LinkedList$LLSpliterator done
Event: 2.762 Loading class java/util/concurrent/ConcurrentSkipListMap$KeySet
Event: 2.762 Loading class java/util/concurrent/ConcurrentSkipListMap$KeySet done
Event: 2.762 Loading class java/util/concurrent/ConcurrentSkipListMap$KeyIterator
Event: 2.762 Loading class java/util/concurrent/ConcurrentSkipListMap$Iter
Event: 2.762 Loading class java/util/concurrent/ConcurrentSkipListMap$Iter done
Event: 2.762 Loading class java/util/concurrent/ConcurrentSkipListMap$KeyIterator done
Event: 2.762 Loading class java/net/InetAddress$NameServiceAddresses
Event: 2.762 Loading class java/net/InetAddress$Addresses
Event: 2.762 Loading class java/net/InetAddress$Addresses done
Event: 2.762 Loading class java/net/InetAddress$NameServiceAddresses done
Event: 2.762 Loading class java/net/spi/InetAddressResolverProvider
Event: 2.762 Loading class java/net/spi/InetAddressResolverProvider done
Event: 2.766 Loading class sun/net/InetAddressCachePolicy
Event: 2.766 Loading class sun/net/InetAddressCachePolicy done
Event: 2.766 Loading class java/net/InetAddress$CachedLookup
Event: 2.767 Loading class java/net/InetAddress$CachedLookup done
Event: 2.767 Loading class java/net/SocketImpl
Event: 2.767 Loading class java/net/SocketOptions

Classes unloaded (0 events):
No events

Classes redefined (0 events):
No events

Internal exceptions (20 events):
Event: 1.839 Thread 0x0000025db4f78730 Exception <a 'java/lang/IncompatibleClassChangeError'{0x00000006066ab6d0}: Found class java.lang.Object, but interface was expected> (0x00000006066ab6d0) 
thrown [s\open\src\hotspot\share\interpreter\linkResolver.cpp, line 871]
Event: 1.840 Thread 0x0000025db4f78730 Exception <a 'java/lang/NoSuchMethodError'{0x00000006066d32f0}: 'int java.lang.invoke.DirectMethodHandle$Holder.invokeSpecialIFC(java.lang.Object, java.lang.Object, java.lang.Object)'> (0x00000006066d32f0) 
thrown [s\open\src\hotspot\share\interpreter\linkResolver.cpp, line 804]
Event: 1.840 Thread 0x0000025db4f78730 Exception <a 'java/lang/NoSuchMethodError'{0x00000006066f3e30}: 'void java.lang.invoke.DirectMethodHandle$Holder.invokeStatic(java.lang.Object, int, java.lang.Object)'> (0x00000006066f3e30) 
thrown [s\open\src\hotspot\share\interpreter\linkResolver.cpp, line 804]
Event: 1.845 Thread 0x0000025db4f78730 Exception <a 'java/lang/NoSuchMethodError'{0x0000000606779ed0}: 'void java.lang.invoke.DirectMethodHandle$Holder.invokeStatic(java.lang.Object, java.lang.Object, java.lang.Object, int, java.lang.Object)'> (0x0000000606779ed0) 
thrown [s\open\src\hotspot\share\interpreter\linkResolver.cpp, line 804]
Event: 1.932 Thread 0x0000025db4f78730 Exception <a 'java/lang/NoSuchMethodError'{0x0000000605c66878}: 'java.lang.Object java.lang.invoke.DirectMethodHandle$Holder.invokeStaticInit(java.lang.Object, int, int, int, int)'> (0x0000000605c66878) 
thrown [s\open\src\hotspot\share\interpreter\linkResolver.cpp, line 804]
Event: 1.948 Thread 0x0000025db4f78730 Exception <a 'java/lang/NoSuchMethodError'{0x0000000605cf58e0}: 'java.lang.Object java.lang.invoke.DirectMethodHandle$Holder.invokeStaticInit(java.lang.Object, java.lang.Object, int, int, int, int)'> (0x0000000605cf58e0) 
thrown [s\open\src\hotspot\share\interpreter\linkResolver.cpp, line 804]
Event: 2.016 Thread 0x0000025db4f78730 Exception <a 'java/lang/NoSuchMethodError'{0x00000006058135f0}: 'int java.lang.invoke.DirectMethodHandle$Holder.invokeVirtual(java.lang.Object, java.lang.Object, java.lang.Object, java.lang.Object)'> (0x00000006058135f0) 
thrown [s\open\src\hotspot\share\interpreter\linkResolver.cpp, line 804]
Event: 2.031 Thread 0x0000025db4f78730 Exception <a 'java/io/IOException'{0x00000006058e08a8}> (0x00000006058e08a8) 
thrown [s\open\src\hotspot\share\prims\jni.cpp, line 516]
Event: 2.031 Thread 0x0000025db4f78730 Exception <a 'java/io/IOException'{0x00000006058e0fc8}> (0x00000006058e0fc8) 
thrown [s\open\src\hotspot\share\prims\jni.cpp, line 516]
Event: 2.031 Thread 0x0000025db4f78730 Exception <a 'java/io/IOException'{0x00000006058e16d8}> (0x00000006058e16d8) 
thrown [s\open\src\hotspot\share\prims\jni.cpp, line 516]
Event: 2.045 Thread 0x0000025db4f78730 Exception <a 'java/io/IOException'{0x000000060597bdc0}> (0x000000060597bdc0) 
thrown [s\open\src\hotspot\share\prims\jni.cpp, line 516]
Event: 2.045 Thread 0x0000025db4f78730 Exception <a 'java/io/IOException'{0x000000060597f7a0}> (0x000000060597f7a0) 
thrown [s\open\src\hotspot\share\prims\jni.cpp, line 516]
Event: 2.057 Thread 0x0000025db4f78730 Exception <a 'java/io/FileNotFoundException'{0x00000006059f7ba8}> (0x00000006059f7ba8) 
thrown [s\open\src\hotspot\share\prims\jni.cpp, line 516]
Event: 2.078 Thread 0x0000025db4f78730 Exception <a 'java/lang/NoSuchMethodError'{0x0000000605522178}: 'int java.lang.invoke.DirectMethodHandle$Holder.invokeInterface(java.lang.Object, java.lang.Object, java.lang.Object, java.lang.Object)'> (0x0000000605522178) 
thrown [s\open\src\hotspot\share\interpreter\linkResolver.cpp, line 804]
Event: 2.109 Thread 0x0000025db4f78730 Exception <a 'java/lang/NoSuchMethodError'{0x0000000605715958}: 'long java.lang.invoke.DirectMethodHandle$Holder.invokeVirtual(java.lang.Object, java.lang.Object)'> (0x0000000605715958) 
thrown [s\open\src\hotspot\share\interpreter\linkResolver.cpp, line 804]
Event: 2.207 Thread 0x0000025db4f78730 Exception <a 'java/lang/NoSuchMethodError'{0x00000006241811c8}: 'java.lang.Object java.lang.invoke.DirectMethodHandle$Holder.newInvokeSpecial(java.lang.Object, java.lang.Object, java.lang.Object, java.lang.Object, java.lang.Object, java.lang.Object, java.lang.Object, java.lang.Object, java.lang.Object, java.lang.Object, java.lang.Object)'> (0x00000006241811c8) 
thrown [s\open\src\hotspot\share\interpreter\linkResolver.cpp, line 804]
Event: 2.209 Thread 0x0000025db4f78730 Exception <a 'java/lang/NoSuchMethodError'{0x00000006241c5fb0}: 'java.lang.Object java.lang.invoke.DirectMethodHandle$Holder.invokeStatic(java.lang.Object, java.lang.Object, java.lang.Object, java.lang.Object, java.lang.Object, java.lang.Object, java.lang.Object, java.lang.Object, java.lang.Object)'> (0x00000006241c5fb0) 
thrown [s\open\src\hotspot\share\interpreter\linkResolver.cpp, line 804]
Event: 2.284 Thread 0x0000025db4f78730 Exception <a 'java/lang/NoSuchMethodError'{0x000000062091f4c0}: 'void java.lang.invoke.DelegatingMethodHandle$Holder.reinvoke_L(java.lang.Object, java.lang.Object, java.lang.Object, java.lang.Object, int, java.lang.Object, java.lang.Object, java.lang.Object)'> (0x000000062091f4c0) 
thrown [s\open\src\hotspot\share\interpreter\linkResolver.cpp, line 804]
Event: 2.286 Thread 0x0000025db4f78730 Exception <a 'java/lang/NoSuchMethodError'{0x00000006209733a0}: 'java.lang.Object java.lang.invoke.DirectMethodHandle$Holder.invokeStatic(java.lang.Object, java.lang.Object, java.lang.Object, java.lang.Object, java.lang.Object, java.lang.Object, java.lang.Object, java.lang.Object, java.lang.Object, java.lang.Object)'> (0x00000006209733a0) 
thrown [s\open\src\hotspot\share\interpreter\linkResolver.cpp, line 804]
Event: 2.668 Thread 0x0000025db4f78730 Exception <a 'java/lang/NoSuchMethodError'{0x00000007ffcd1cc8}: 'int java.lang.invoke.DirectMethodHandle$Holder.invokeStatic(java.lang.Object)'> (0x00000007ffcd1cc8) 
thrown [s\open\src\hotspot\share\interpreter\linkResolver.cpp, line 804]

VM Operations (20 events):
Event: 2.114 Executing non-safepoint VM operation: HandshakeAllThreads (Deoptimize)
Event: 2.114 Executing non-safepoint VM operation: HandshakeAllThreads (Deoptimize) done
Event: 2.148 Executing non-safepoint VM operation: HandshakeAllThreads (Deoptimize)
Event: 2.149 Executing non-safepoint VM operation: HandshakeAllThreads (Deoptimize) done
Event: 2.177 Executing safepoint VM operation: G1CollectForAllocation (G1 Evacuation Pause)
Event: 2.186 Executing safepoint VM operation: G1CollectForAllocation (G1 Evacuation Pause) done
Event: 2.323 Executing non-safepoint VM operation: HandshakeAllThreads (Deoptimize)
Event: 2.323 Executing non-safepoint VM operation: HandshakeAllThreads (Deoptimize) done
Event: 2.324 Executing non-safepoint VM operation: HandshakeAllThreads (Deoptimize)
Event: 2.324 Executing non-safepoint VM operation: HandshakeAllThreads (Deoptimize) done
Event: 2.325 Executing non-safepoint VM operation: HandshakeAllThreads (Deoptimize)
Event: 2.325 Executing non-safepoint VM operation: HandshakeAllThreads (Deoptimize) done
Event: 2.609 Executing safepoint VM operation: CollectForMetadataAllocation (Metadata GC Threshold)
Event: 2.621 Executing safepoint VM operation: CollectForMetadataAllocation (Metadata GC Threshold) done
Event: 2.641 Executing safepoint VM operation: CollectForMetadataAllocation (Metadata GC Threshold)
Event: 2.644 Executing safepoint VM operation: CollectForMetadataAllocation (Metadata GC Threshold) done
Event: 2.659 Executing safepoint VM operation: G1PauseRemark
Event: 2.662 Executing safepoint VM operation: G1PauseRemark done
Event: 2.669 Executing safepoint VM operation: G1PauseCleanup
Event: 2.669 Executing safepoint VM operation: G1PauseCleanup done

Memory protections (0 events):
No events

Nmethod flushes (20 events):
Event: 2.661 Thread 0x0000025dd8f5fb10 flushing  nmethod 0x0000025dbfc8e908
Event: 2.661 Thread 0x0000025dd8f5fb10 flushing  nmethod 0x0000025dbfc8f188
Event: 2.661 Thread 0x0000025dd8f5fb10 flushing  nmethod 0x0000025dbfc8f688
Event: 2.661 Thread 0x0000025dd8f5fb10 flushing  nmethod 0x0000025dbfc91588
Event: 2.661 Thread 0x0000025dd8f5fb10 flushing  nmethod 0x0000025dbfc92908
Event: 2.661 Thread 0x0000025dd8f5fb10 flushing  nmethod 0x0000025dbfc95b88
Event: 2.661 Thread 0x0000025dd8f5fb10 flushing  nmethod 0x0000025dbfc96788
Event: 2.661 Thread 0x0000025dd8f5fb10 flushing  nmethod 0x0000025dbfc96e88
Event: 2.661 Thread 0x0000025dd8f5fb10 flushing  nmethod 0x0000025dbfcdcc08
Event: 2.661 Thread 0x0000025dd8f5fb10 flushing  nmethod 0x0000025dbfd15708
Event: 2.661 Thread 0x0000025dd8f5fb10 flushing  nmethod 0x0000025dbfd60e88
Event: 2.661 Thread 0x0000025dd8f5fb10 flushing  nmethod 0x0000025dbfd61788
Event: 2.661 Thread 0x0000025dd8f5fb10 flushing  nmethod 0x0000025dbfd61a88
Event: 2.661 Thread 0x0000025dd8f5fb10 flushing  nmethod 0x0000025dbfd64208
Event: 2.661 Thread 0x0000025dd8f5fb10 flushing  nmethod 0x0000025dbfd65588
Event: 2.661 Thread 0x0000025dd8f5fb10 flushing  nmethod 0x0000025dbfd97e08
Event: 2.661 Thread 0x0000025dd8f5fb10 flushing  nmethod 0x0000025dbfd99408
Event: 2.661 Thread 0x0000025dd8f5fb10 flushing  nmethod 0x0000025dbfd99708
Event: 2.661 Thread 0x0000025dd8f5fb10 flushing  nmethod 0x0000025dbfdc8408
Event: 2.661 Thread 0x0000025dd8f5fb10 flushing  nmethod 0x0000025dbff04508

Events (20 events):
Event: 0.036 Thread 0x0000025db4f78730 Thread added: 0x0000025dd8f734b0
Event: 0.036 Thread 0x0000025db4f78730 Thread added: 0x0000025dd8f73f10
Event: 0.036 Thread 0x0000025db4f78730 Thread added: 0x0000025dd8f7bff0
Event: 0.036 Thread 0x0000025db4f78730 Thread added: 0x0000025dd8f9d170
Event: 0.036 Thread 0x0000025db4f78730 Thread added: 0x0000025dd8fa5d40
Event: 0.036 Thread 0x0000025db4f78730 Thread added: 0x0000025dd8f9e550
Event: 0.036 Thread 0x0000025db4f78730 Thread added: 0x0000025dd8fa7290
Event: 0.036 Thread 0x0000025db4f78730 Thread added: 0x0000025dd8fa7fd0
Event: 0.085 Thread 0x0000025db4f78730 Thread added: 0x0000025dd8fa4310
Event: 0.088 Thread 0x0000025db4f78730 Thread added: 0x0000025dd8fa3b40
Event: 0.147 Thread 0x0000025dd8fa7fd0 Thread added: 0x0000025ddba96ec0
Event: 0.621 Thread 0x0000025db4f78730 Thread added: 0x0000025dd8fa52b0
Event: 0.893 Thread 0x0000025db4f78730 Thread added: 0x0000025de0ee3f50
Event: 0.910 Thread 0x0000025de0ee3f50 Thread exited: 0x0000025de0ee3f50
Event: 1.012 Thread 0x0000025dd8fa7fd0 Thread added: 0x0000025de11c2200
Event: 1.057 Thread 0x0000025dd8fa52b0 Thread exited: 0x0000025dd8fa52b0
Event: 2.136 Thread 0x0000025db4f78730 Thread added: 0x0000025de0eeb480
Event: 2.137 Thread 0x0000025de0eeb480 Thread added: 0x0000025dd8fa2ba0
Event: 2.140 Thread 0x0000025db4f78730 Thread added: 0x0000025de37fa730
Event: 2.167 Thread 0x0000025db4f78730 Thread added: 0x0000025de37f9790


Dynamic libraries:
0x00007ff689d00000 - 0x00007ff689d10000 	C:\Program Files\Java\jdk-25.0.2\bin\javaw.exe
0x00007ffd6e1a0000 - 0x00007ffd6e408000 	C:\WINDOWS\SYSTEM32\ntdll.dll
0x00007ffd6d3d0000 - 0x00007ffd6d499000 	C:\WINDOWS\System32\KERNEL32.DLL
0x00007ffd6ad70000 - 0x00007ffd6b161000 	C:\WINDOWS\System32\KERNELBASE.dll
0x00007ffd57d30000 - 0x00007ffd57d47000 	C:\Program Files\Java\jdk-25.0.2\bin\jli.dll
0x00007ffd4c5e0000 - 0x00007ffd4c5fe000 	C:\Program Files\Java\jdk-25.0.2\bin\VCRUNTIME140.dll
0x00007ffd6b360000 - 0x00007ffd6b4ab000 	C:\WINDOWS\System32\ucrtbase.dll
0x00007ffd6d8f0000 - 0x00007ffd6dab6000 	C:\WINDOWS\System32\USER32.dll
0x00007ffd69c80000 - 0x00007ffd69f13000 	C:\WINDOWS\WinSxS\amd64_microsoft.windows.common-controls_6595b64144ccf1df_6.0.26100.7705_none_3e06597ae3363b04\COMCTL32.dll
0x00007ffd6b540000 - 0x00007ffd6b567000 	C:\WINDOWS\System32\win32u.dll
0x00007ffd6d4a0000 - 0x00007ffd6d549000 	C:\WINDOWS\System32\msvcrt.dll
0x00007ffd6dac0000 - 0x00007ffd6daeb000 	C:\WINDOWS\System32\GDI32.dll
0x00007ffd6b170000 - 0x00007ffd6b29b000 	C:\WINDOWS\System32\gdi32full.dll
0x00007ffd6b570000 - 0x00007ffd6b613000 	C:\WINDOWS\System32\msvcp_win.dll
0x00007ffd6d740000 - 0x00007ffd6d771000 	C:\WINDOWS\System32\IMM32.DLL
0x00007ffd4c5d0000 - 0x00007ffd4c5dc000 	C:\Program Files\Java\jdk-25.0.2\bin\vcruntime140_1.dll
0x00007ffd34630000 - 0x00007ffd346bd000 	C:\Program Files\Java\jdk-25.0.2\bin\msvcp140.dll
0x00007ffcaadd0000 - 0x00007ffcabc2f000 	C:\Program Files\Java\jdk-25.0.2\bin\server\jvm.dll
0x00007ffd6daf0000 - 0x00007ffd6dba4000 	C:\WINDOWS\System32\ADVAPI32.dll
0x00007ffd6d320000 - 0x00007ffd6d3c6000 	C:\WINDOWS\System32\sechost.dll
0x00007ffd6dcb0000 - 0x00007ffd6ddc8000 	C:\WINDOWS\System32\RPCRT4.dll
0x00007ffd6d640000 - 0x00007ffd6d6b4000 	C:\WINDOWS\System32\WS2_32.dll
0x00007ffd6a8e0000 - 0x00007ffd6a93e000 	C:\WINDOWS\SYSTEM32\POWRPROF.dll
0x00007ffd5e710000 - 0x00007ffd5e745000 	C:\WINDOWS\SYSTEM32\WINMM.dll
0x00007ffd60dd0000 - 0x00007ffd60ddb000 	C:\WINDOWS\SYSTEM32\VERSION.dll
0x00007ffd6a8c0000 - 0x00007ffd6a8d4000 	C:\WINDOWS\SYSTEM32\UMPDC.dll
0x00007ffd68f00000 - 0x00007ffd68f1b000 	C:\WINDOWS\SYSTEM32\kernel.appcore.dll
0x00007ffd4c5c0000 - 0x00007ffd4c5ca000 	C:\Program Files\Java\jdk-25.0.2\bin\jimage.dll
0x00007ffd6a230000 - 0x00007ffd6a472000 	C:\WINDOWS\SYSTEM32\DBGHELP.DLL
0x00007ffd6ddd0000 - 0x00007ffd6e156000 	C:\WINDOWS\System32\combase.dll
0x00007ffd6d560000 - 0x00007ffd6d637000 	C:\WINDOWS\System32\OLEAUT32.dll
0x00007ffd6a120000 - 0x00007ffd6a15b000 	C:\WINDOWS\SYSTEM32\dbgcore.DLL
0x00007ffd6b620000 - 0x00007ffd6b6c5000 	C:\WINDOWS\System32\bcryptPrimitives.dll
0x00007ffd4c560000 - 0x00007ffd4c57f000 	C:\Program Files\Java\jdk-25.0.2\bin\java.dll
0x00007ffd6c680000 - 0x00007ffd6c817000 	C:\WINDOWS\System32\ole32.dll
0x00007ffd6ca00000 - 0x00007ffd6d151000 	C:\WINDOWS\System32\SHELL32.dll
0x00007ffd6ac00000 - 0x00007ffd6ad6a000 	C:\WINDOWS\System32\wintypes.dll
0x00007ffd6b6d0000 - 0x00007ffd6bf32000 	C:\WINDOWS\System32\windows.storage.dll
0x00007ffd6bf40000 - 0x00007ffd6c036000 	C:\WINDOWS\System32\SHCORE.dll
0x00007ffd6c610000 - 0x00007ffd6c677000 	C:\WINDOWS\System32\shlwapi.dll
0x00007ffd6a9a0000 - 0x00007ffd6a9c9000 	C:\WINDOWS\SYSTEM32\profapi.dll
0x00007ffd4c540000 - 0x00007ffd4c552000 	C:\Program Files\Java\jdk-25.0.2\bin\net.dll
0x00007ffd69420000 - 0x00007ffd6948b000 	C:\WINDOWS\system32\mswsock.dll
0x00007ffd4c520000 - 0x00007ffd4c536000 	C:\Program Files\Java\jdk-25.0.2\bin\nio.dll
0x00007ffd34610000 - 0x00007ffd34627000 	C:\Program Files\Java\jdk-25.0.2\bin\zip.dll
0x00007ffd4c5b0000 - 0x00007ffd4c5be000 	C:\Program Files\Java\jdk-25.0.2\bin\sunmscapi.dll
0x00007ffd6aa80000 - 0x00007ffd6abf7000 	C:\WINDOWS\System32\CRYPT32.dll
0x00007ffd69b40000 - 0x00007ffd69b70000 	C:\WINDOWS\SYSTEM32\ncrypt.dll
0x00007ffd69af0000 - 0x00007ffd69b2f000 	C:\WINDOWS\SYSTEM32\NTASN1.dll
0x00007ffd6a5a0000 - 0x00007ffd6a5bb000 	C:\WINDOWS\SYSTEM32\CRYPTSP.dll
0x00007ffd69490000 - 0x00007ffd694c9000 	C:\WINDOWS\system32\rsaenh.dll
0x00007ffd69510000 - 0x00007ffd6953b000 	C:\WINDOWS\SYSTEM32\USERENV.dll
0x00007ffd6a970000 - 0x00007ffd6a99a000 	C:\WINDOWS\SYSTEM32\bcrypt.dll
0x00007ffd699e0000 - 0x00007ffd699ec000 	C:\WINDOWS\SYSTEM32\CRYPTBASE.dll
0x00007ffd68a10000 - 0x00007ffd68a44000 	C:\WINDOWS\SYSTEM32\IPHLPAPI.DLL
0x00007ffd6d240000 - 0x00007ffd6d24a000 	C:\WINDOWS\System32\NSI.dll
0x00007ffd344c0000 - 0x00007ffd344ca000 	C:\Program Files\Java\jdk-25.0.2\bin\management.dll
0x00007ffd344b0000 - 0x00007ffd344bc000 	C:\Program Files\Java\jdk-25.0.2\bin\management_ext.dll
0x00007ffd6d550000 - 0x00007ffd6d558000 	C:\WINDOWS\System32\PSAPI.DLL
0x00007ffd344a0000 - 0x00007ffd344b0000 	C:\Program Files\Java\jdk-25.0.2\bin\verify.dll
0x00007ffd68a50000 - 0x00007ffd68b7c000 	C:\WINDOWS\SYSTEM32\DNSAPI.dll
0x00007ffd619d0000 - 0x00007ffd619db000 	C:\Windows\System32\rasadhlp.dll
0x00007ffd64790000 - 0x00007ffd64816000 	C:\WINDOWS\System32\fwpuclnt.dll
0x00007ffd34490000 - 0x00007ffd34499000 	C:\Program Files\Java\jdk-25.0.2\bin\extnet.dll

JVMTI agents: none

dbghelp: loaded successfully - version: 4.0.5 - missing functions: none
symbol engine: initialized successfully - sym options: 0x614 - pdb path: .;C:\Program Files\Java\jdk-25.0.2\bin;C:\WINDOWS\SYSTEM32;C:\WINDOWS\WinSxS\amd64_microsoft.windows.common-controls_6595b64144ccf1df_6.0.26100.7705_none_3e06597ae3363b04;C:\Program Files\Java\jdk-25.0.2\bin\server

VM Arguments:
jvm_args: -Dfile.encoding=UTF-8 -Dstdout.encoding=UTF-8 -Dstderr.encoding=UTF-8 -XX:+ShowCodeDetailsInExceptionMessages 
java_command: com.example.eventmanagement.EventManagementBackendApplication
java_class_path (initial): C:\Users\LENOVO\Documents\workspace-spring-tools-for-eclipse-5.0.1.RELEASE\event-management-backend\target\classes;C:\Users\LENOVO\.m2\repository\org\springframework\boot\spring-boot-starter-web\3.2.2\spring-boot-starter-web-3.2.2.jar;C:\Users\LENOVO\.m2\repository\org\springframework\boot\spring-boot-starter\3.2.2\spring-boot-starter-3.2.2.jar;C:\Users\LENOVO\.m2\repository\org\springframework\boot\spring-boot\3.2.2\spring-boot-3.2.2.jar;C:\Users\LENOVO\.m2\repository\org\springframework\boot\spring-boot-autoconfigure\3.2.2\spring-boot-autoconfigure-3.2.2.jar;C:\Users\LENOVO\.m2\repository\org\springframework\boot\spring-boot-starter-logging\3.2.2\spring-boot-starter-logging-3.2.2.jar;C:\Users\LENOVO\.m2\repository\ch\qos\logback\logback-classic\1.4.14\logback-classic-1.4.14.jar;C:\Users\LENOVO\.m2\repository\ch\qos\logback\logback-core\1.4.14\logback-core-1.4.14.jar;C:\Users\LENOVO\.m2\repository\org\apache\logging\log4j\log4j-to-slf4j\2.21.1\log4j-to-slf4j-2.21.1.jar;C:\Users\LENOVO\.m2\repository\org\apache\logging\log4j\log4j-api\2.21.1\log4j-api-2.21.1.jar;C:\Users\LENOVO\.m2\repository\org\slf4j\jul-to-slf4j\2.0.11\jul-to-slf4j-2.0.11.jar;C:\Users\LENOVO\.m2\repository\jakarta\annotation\jakarta.annotation-api\2.1.1\jakarta.annotation-api-2.1.1.jar;C:\Users\LENOVO\.m2\repository\org\yaml\snakeyaml\2.2\snakeyaml-2.2.jar;C:\Users\LENOVO\.m2\repository\org\springframework\boot\spring-boot-starter-json\3.2.2\spring-boot-starter-json-3.2.2.jar;C:\Users\LENOVO\.m2\repository\com\fasterxml\jackson\core\jackson-databind\2.15.3\jackson-databind-2.15.3.jar;C:\Users\LENOVO\.m2\repository\com\fasterxml\jackson\core\jackson-annotations\2.15.3\jackson-annotations-2.15.3.jar;C:\Users\LENOVO\.m2\repository\com\fasterxml\jackson\core\jackson-core\2.15.3\jackson-core-2.15.3.jar;C:\Users\LENOVO\.m2\repository\com\fasterxml\jackson\datatype\jackson-datatype-jdk8\2.15.3\jackson-datatype-jdk8-2.15.3.jar;C:\Users\LENOVO\.m2\repository\com\fasterxml\jackson\datatype\jackson-datatype-jsr310\2.15.3\jackson-datatype-jsr310-2.15.3.jar;C:\Users\LENOVO\.m2\repository\com\fasterxml\jackson\module\jackson-module-parameter-names\2.15.3\jackson-module-parameter-names-2.15.3.jar;C:\Users\LENOVO\.m2\repository\org\springframework\boot\spring-boot-starter-tomcat\3.2.2\spring-boot-starter-tomcat-3.2.2.jar;C:\Users\LENOVO\.m2\repository\org\apache\tomcat\embed\tomcat-embed-core\10.1.18\tomcat-embed-core-10.1.18.jar;C:\Users\LENOVO\.m2\repository\org\apache\tomcat\embed\tomcat-embed-websocket\10.1.18\tomcat-embed-websocket-10.1.18.jar;C:\Users\LENOVO\.m2\repository\org\springframework\spring-web\6.1.3\spring-web-6.1.3.jar;C:\Users\LENOVO\.m2\repository\org\springframework\spring-beans\6.1.3\spring-beans-6.1.3.jar;C:\Users\LENOVO\.m2\repository\io\micrometer\micrometer-observation\1.12.2\micrometer-observation-1.12.2.jar;C:\Users\LENOVO\.m2\repository\io\micrometer\micrometer-commons\1.12.2\micrometer-commons-1.12.2.jar;C:\Users\LENOVO\.m2\repository\org\springframework\spring-webmvc\6.1.3\spring-webmvc-6.1.3.jar;C:\Users\LENOVO\.m2\repository\org\springframework\spring-aop\6.1.3\spring-aop-6.1.3.jar;C:\Users\LENOVO\.m2\repository\org\springframework\spring-context\6.1.3\spring-context-6.1.3.jar;C:\Users\LENOVO\.m2\repository\org\springframework\spring-expression\6.1.3\spring-expression-6.1.3.jar;C:\Users\LENOVO\.m2\repository\jakarta\xml\bind\jakarta.xml.bind-api\4.0.1\jakarta.xml.bind-api-4.0.1.jar;C:\Users\LENOVO\.m2\repository\jakarta\activation\jakarta.activation-api\2.1.2\jakarta.activation-api-2.1.2.jar;C:\Users\LENOVO\.m2\repository\net\bytebuddy\byte-buddy\1.14.11\byte-buddy-1.14.11.jar;C:\Users\LENOVO\.m2\repository\org\springframework\spring-core\6.1.3\spring-core-6.1.3.jar;C:\Users\LENOVO\.m2\repository\org\springframework\spring-jcl\6.1.3\spring-jcl-6.1.3.jar;C:\Users\LENOVO\.m2\repository\org\springframework\boot\spring-boot-starter-data-jpa\3.2.2\spring-boot-starter-data-jpa-3.2.2.jar;C:\Users\LENOVO\.m2\repository\org\springframework\boot\spring-boot-starter-aop\3.2.2\spring-boot-starter-aop-3.2.2.jar;C:\Users\LENOVO\.m2\repository\org\aspectj\aspectjweaver\1.9.21\aspectjweaver-1.9.21.jar;C:\Users\LENOVO\.m2\repository\org\springframework\boot\spring-boot-starter-jdbc\3.2.2\spring-boot-starter-jdbc-3.2.2.jar;C:\Users\LENOVO\.m2\repository\com\zaxxer\HikariCP\5.0.1\HikariCP-5.0.1.jar;C:\Users\LENOVO\.m2\repository\org\springframework\spring-jdbc\6.1.3\spring-jdbc-6.1.3.jar;C:\Users\LENOVO\.m2\repository\org\hibernate\orm\hibernate-core\6.4.1.Final\hibernate-core-6.4.1.Final.jar;C:\Users\LENOVO\.m2\repository\jakarta\persistence\jakarta.persistence-api\3.1.0\jakarta.persistence-api-3.1.0.jar;C:\Users\LENOVO\.m2\repository\jakarta\transaction\jakarta.transaction-api\2.0.1\jakarta.transaction-api-2.0.1.jar;C:\Users\LENOVO\.m2\repository\org\jboss\logging\jboss-logging\3.5.3.Final\jboss-logging-3.5.3.Final.jar;C:\Users\LENOVO\.m2\repository\org\hibernate\common\hibernate-commons-annotations\6.0.6.Final\hibernate-commons-annotations-6.0.6.Final.jar;C:\Users\LENOVO\.m2\repository\io\smallrye\jandex\3.1.2\jandex-3.1.2.jar;C:\Users\LENOVO\.m2\repository\com\fasterxml\classmate\1.6.0\classmate-1.6.0.jar;C:\Users\LENOVO\.m2\repository\org\glassfish\jaxb\jaxb-runtime\4.0.4\jaxb-runtime-4.0.4.jar;C:\Users\LENOVO\.m2\repository\org\glassfish\jaxb\jaxb-core\4.0.4\jaxb-core-4.0.4.jar;C:\Users\LENOVO\.m2\repository\org\glassfish\jaxb\txw2\4.0.4\txw2-4.0.4.jar;C:\Users\LENOVO\.m2\repository\com\sun\istack\istack-commons-runtime\4.1.2\istack-commons-runtime-4.1.2.jar;C:\Users\LENOVO\.m2\repository\jakarta\inject\jakarta.inject-api\2.0.1\jakarta.inject-api-2.0.1.jar;C:\Users\LENOVO\.m2\repository\org\antlr\antlr4-runtime\4.13.0\antlr4-runtime-4.13.0.jar;C:\Users\LENOVO\.m2\repository\org\springframework\data\spring-data-jpa\3.2.2\spring-data-jpa-3.2.2.jar;C:\Users\LENOVO\.m2\repository\org\springframework\data\spring-data-commons\3.2.2\spring-data-commons-3.2.2.jar;C:\Users\LENOVO\.m2\repository\org\springframework\spring-orm\6.1.3\spring-orm-6.1.3.jar;C:\Users\LENOVO\.m2\repository\org\springframework\spring-tx\6.1.3\spring-tx-6.1.3.jar;C:\Users\LENOVO\.m2\repository\org\springframework\spring-aspects\6.1.3\spring-aspects-6.1.3.jar;C:\Users\LENOVO\.m2\repository\com\h2database\h2\2.2.224\h2-2.2.224.jar;C:\Users\LENOVO\.m2\repository\com\mysql\mysql-connector-j\8.1.0\mysql-connector-j-8.1.0.jar;C:\Users\LENOVO\.m2\repository\org\projectlombok\lombok\1.18.30\lombok-1.18.30.jar;C:\Users\LENOVO\.m2\repository\com\itextpdf\kernel\7.2.5\kernel-7.2.5.jar;C:\Users\LENOVO\.m2\repository\com\itextpdf\io\7.2.5\io-7.2.5.jar;C:\Users\LENOVO\.m2\repository\com\itextpdf\commons\7.2.5\commons-7.2.5.jar;C:\Users\LENOVO\.m2\repository\org\bouncycastle\bcpkix-jdk15on\1.70\bcpkix-jdk15on-1.70.jar;C:\Users\LENOVO\.m2\repository\org\bouncycastle\bcutil-jdk15on\1.70\bcutil-jdk15on-1.70.jar;C:\Users\LENOVO\.m2\repository\org\bouncycastle\bcprov-jdk15on\1.70\bcprov-jdk15on-1.70.jar;C:\Users\LENOVO\.m2\repository\org\slf4j\slf4j-api\2.0.11\slf4j-api-2.0.11.jar;C:\Users\LENOVO\.m2\repository\com\itextpdf\layout\7.2.5\layout-7.2.5.jar;C:\Users\LENOVO\.m2\repository\com\google\zxing\core\3.5.0\core-3.5.0.jar;C:\Users\LENOVO\.m2\repository\com\google\zxing\javase\3.5.0\javase-3.5.0.jar;C:\Users\LENOVO\.m2\repository\com\beust\jcommander\1.82\jcommander-1.82.jar;C:\Users\LENOVO\.m2\repository\com\github\jai-imageio\jai-imageio-core\1.4.0\jai-imageio-core-1.4.0.jar;C:\Users\LENOVO\.m2\repository\org\springframework\boot\spring-boot-starter-mail\3.2.2\spring-boot-starter-mail-3.2.2.jar;C:\Users\LENOVO\.m2\repository\org\springframework\spring-context-support\6.1.3\spring-context-support-6.1.3.jar;C:\Users\LENOVO\.m2\repository\org\eclipse\angus\jakarta.mail\2.0.2\jakarta.mail-2.0.2.jar;C:\Users\LENOVO\.m2\repository\org\eclipse\angus\angus-activation\2.0.1\angus-activation-2.0.1.jar;C:\Users\LENOVO\.m2\repository\org\springframework\boot\spring-boot-starter-validation\3.2.2\spring-boot-starter-validation-3.2.2.jar;C:\Users\LENOVO\.m2\repository\org\apache\tomcat\embed\tomcat-embed-el\10.1.18\tomcat-embed-el-10.1.18.jar;C:\Users\LENOVO\.m2\repository\org\hibernate\validator\hibernate-validator\8.0.1.Final\hibernate-validator-8.0.1.Final.jar;C:\Users\LENOVO\.m2\repository\jakarta\validation\jakarta.validation-api\3.0.2\jakarta.validation-api-3.0.2.jar
Launcher Type: SUN_STANDARD

[Global flags]
     intx CICompilerCount                          = 4                                         {product} {ergonomic}
     uint ConcGCThreads                            = 2                                         {product} {ergonomic}
     uint G1ConcRefinementThreads                  = 8                                         {product} {ergonomic}
   size_t G1HeapRegionSize                         = 4194304                                   {product} {ergonomic}
   size_t InitialHeapSize                          = 532676608                                 {product} {ergonomic}
   size_t MarkStackSize                            = 4194304                                   {product} {ergonomic}
   size_t MarkStackSizeMax                         = 536870912                                 {product} {ergonomic}
   size_t MaxHeapSize                              = 8514437120                                {product} {ergonomic}
   size_t MaxNewSize                               = 5108662272                                {product} {ergonomic}
   size_t MinHeapDeltaBytes                        = 4194304                                   {product} {ergonomic}
   size_t MinHeapSize                              = 8388608                                   {product} {ergonomic}
    uintx NonNMethodCodeHeapSize                   = 5832704                                {pd product} {ergonomic}
    uintx NonProfiledCodeHeapSize                  = 122945536                              {pd product} {ergonomic}
    uintx ProfiledCodeHeapSize                     = 122880000                              {pd product} {ergonomic}
    uintx ReservedCodeCacheSize                    = 251658240                              {pd product} {ergonomic}
     bool SegmentedCodeCache                       = true                                      {product} {ergonomic}
     bool ShowCodeDetailsInExceptionMessages       = true                                   {manageable} {command line}
   size_t SoftMaxHeapSize                          = 8514437120                             {manageable} {ergonomic}
     bool UseCompressedOops                        = true                           {product lp64_product} {ergonomic}
     bool UseG1GC                                  = true                                      {product} {ergonomic}
     bool UseLargePagesIndividualAllocation        = false                                  {pd product} {ergonomic}

Logging:
Log output configuration:
 #0: stdout all=warning uptime,level,tags foldmultilines=false
 #1: stderr all=off uptime,level,tags foldmultilines=false

Release file:
IMPLEMENTOR="Oracle Corporation" 
JAVA_RUNTIME_VERSION="25.0.2+10-LTS-69" 
JAVA_VERSION="25.0.2" 
JAVA_VERSION_DATE="2026-01-20" 
LIBC="default" 
MODULES="java.base java.compiler java.datatransfer java.xml java.prefs java.desktop java.instrument java.logging java.management java.security.sasl java.naming java.rmi java.management.rmi java.net.http java.scripting java.security.jgss java.transaction.xa java.sql java.sql.rowset java.xml.crypto java.se java.smartcardio jdk.accessibility jdk.internal.jvmstat jdk.attach jdk.charsets jdk.internal.opt jdk.zipfs jdk.compiler jdk.crypto.cryptoki jdk.crypto.ec jdk.crypto.mscapi jdk.dynalink jdk.internal.ed jdk.editpad jdk.internal.vm.ci jdk.graal.compiler jdk.graal.compiler.management jdk.hotspot.agent jdk.httpserver jdk.incubator.vector jdk.internal.le jdk.internal.md jdk.jartool jdk.javadoc jdk.jcmd jdk.management jdk.management.agent jdk.jconsole jdk.jdeps jdk.jdwp.agent jdk.jdi jdk.jfr jdk.jlink jdk.jpackage jdk.jshell jdk.jsobject jdk.jstatd jdk.localedata jdk.management.jfr jdk.naming.dns jdk.naming.rmi jdk.net jdk.nio.mapmode jdk.sctp jdk.security.auth jdk.security.jgss jdk.unsupported jdk.unsupported.desktop jdk.xml.dom" 
OS_ARCH="x86_64" 
OS_NAME="Windows" 
SOURCE=".:git:b75efb40c93a open:git:405a5699ebd0" 

Environment Variables:
PATH=C:/Users/LENOVO/Documents/sts/sts-5.0.1.RELEASE//plugins/org.eclipse.justj.openjdk.hotspot.jre.full.win32.x86_64_25.0.1.v20251108-1451/jre/bin/server;C:/Users/LENOVO/Documents/sts/sts-5.0.1.RELEASE//plugins/org.eclipse.justj.openjdk.hotspot.jre.full.win32.x86_64_25.0.1.v20251108-1451/jre/bin;C:\Program Files\Common Files\Oracle\Java\javapath;C:\WINDOWS\system32;C:\WINDOWS;C:\WINDOWS\System32\Wbem;C:\WINDOWS\System32\WindowsPowerShell\v1.0\;C:\WINDOWS\System32\OpenSSH\;C:\Program Files\nodejs\;C:\Program Files\MySQL\MySQL Shell 8.0\bin\;C:\Users\LENOVO\AppData\Local\Microsoft\WindowsApps;C:\Users\LENOVO\AppData\Local\Programs\Microsoft VS Code\bin;C:\Users\LENOVO\AppData\Roaming\npm;C:\Program Files\Java\jdk-25.0.2\bin;;C:\Users\LENOVO\Documents\sts\sts-5.0.1.RELEASE;
USERNAME=LENOVO
OS=Windows_NT
PROCESSOR_IDENTIFIER=Intel64 Family 6 Model 140 Stepping 1, GenuineIntel
TMP=C:\Users\LENOVO\AppData\Local\Temp
TEMP=C:\Users\LENOVO\AppData\Local\Temp




Compilation memory statistics disabled.

Periodic native trim disabled

---------------  S Y S T E M  ---------------

OS:
 Windows 11 , 64 bit Build 26100 (10.0.26100.7705)
OS uptime: 0 days 0:26 hours

CPU: total 8 (initial active 8) (4 cores per cpu, 2 threads per core) family 6 model 140 stepping 1 microcode 0xbc, cx8, cmov, fxsr, ht, mmx, 3dnowpref, sse, sse2, sse3, ssse3, sse4.1, sse4.2, popcnt, lzcnt, tsc, tscinvbit, avx, avx2, aes, erms, clmul, bmi1, bmi2, adx, avx512f, avx512dq, avx512cd, avx512bw, avx512vl, sha, fma, vzeroupper, avx512_vpopcntdq, avx512_vpclmulqdq, avx512_vaes, avx512_vnni, clflush, clflushopt, clwb, avx512_vbmi2, avx512_vbmi, rdtscp, rdpid, fsrm, gfni, avx512_bitalg, f16c, pku, cet_ibt, cet_ss, avx512_ifma
Processor Information for the first 8 processors :
  Max Mhz: 2995, Current Mhz: 1198, Mhz Limit: 1198

Memory: 4k page, system-wide physical 32471M (20064M free)
TotalPageFile size 34519M (AvailPageFile size 21366M)
current process WorkingSet (physical memory assigned to process): 253M, peak: 254M
current process commit charge ("private bytes"): 293M, peak: 670M

vm_info: Java HotSpot(TM) 64-Bit Server VM (25.0.2+10-LTS-69) for windows-amd64 JRE (25.0.2+10-LTS-69), built on 2025-12-18T11:36:35Z with MS VC++ 17.13 (VS2022)

END.
