#
# A fatal error has been detected by the Java Runtime Environment:
#
#  EXCEPTION_ACCESS_VIOLATION (0xc0000005) at pc=0x00007ffcab0e1289, pid=19080, tid=8460
#
# JRE version: Java(TM) SE Runtime Environment (25.0.2+10) (build 25.0.2+10-LTS-69)
# Java VM: Java HotSpot(TM) 64-Bit Server VM (25.0.2+10-LTS-69, mixed mode, sharing, tiered, compressed oops, compressed class ptrs, g1 gc, windows-amd64)
# Problematic frame:
# V  [jvm.dll+0x311289]
#
# No core dump will be written. Minidumps are not enabled by default on client versions of Windows
#
# If you would like to submit a bug report, please visit:
#   https://bugreport.java.com/bugreport/crash.jsp
#

---------------  S U M M A R Y ------------

Command Line: -Dfile.encoding=UTF-8 -Dstdout.encoding=UTF-8 -Dstderr.encoding=UTF-8 -XX:+ShowCodeDetailsInExceptionMessages com.example.eventmanagement.EventManagementBackendApplication

Host: 11th Gen Intel(R) Core(TM) i7-1185G7 @ 3.00GHz, 8 cores, 31G,  Windows 11 , 64 bit Build 26100 (10.0.26100.7705)
Time: Tue Feb 10 14:35:45 2026 India Standard Time elapsed time: 2.900833 seconds (0d 0h 0m 2s)

---------------  T H R E A D  ---------------

Current thread (0x000001a92d919730):  WorkerThread "GC Thread#5"    [id=8460, stack(0x00000002e4000000,0x00000002e4100000) (1024K)]

Stack: [0x00000002e4000000,0x00000002e4100000],  sp=0x00000002e40ff630,  free space=1021k
Native frames: (J=compiled Java code, j=interpreted, Vv=VM code, C=native code)
V  [jvm.dll+0x311289]  (no source info available)
V  [jvm.dll+0x77aa66]  (no source info available)
V  [jvm.dll+0x7b3b3e]  (no source info available)
V  [jvm.dll+0x3f82f6]  (no source info available)
V  [jvm.dll+0x9998c1]  (no source info available)
V  [jvm.dll+0x906fcd]  (no source info available)
V  [jvm.dll+0x7a56d5]  (no source info available)
C  [ucrtbase.dll+0x37b0]  (no source info available)
C  [KERNEL32.DLL+0x2e8d7]  (no source info available)
C  [ntdll.dll+0x8c40c]  (no source info available)


siginfo: EXCEPTION_ACCESS_VIOLATION (0xc0000005), reading address 0x000011a92d1d3670


Registers:
RAX=0x000011a92d1d3670, RBX=0x0000000000000002, RCX=0x00000002e40ff6a0, RDX=0x0000000000000004
RSP=0x00000002e40ff630, RBP=0x00000002e40ff7f0, RSI=0x000000000000000b, RDI=0x00000002e40ff6a0
R8 =0x0000000000000000, R9 =0x0000000000007c01, R10=0x000001a92d170506, R11=0x000001a9114d5016
R12=0x0000000000000002, R13=0x0000000000000000, R14=0x0000000000000010, R15=0x0000000000000001
RIP=0x00007ffcab0e1289, EFLAGS=0x0000000000010202

XMM[0]=0x00000003b4f30000 0x0000000200000002
XMM[1]=0x000001a90681c310 0x0000000200000001
XMM[2]=0x0000000000000000 0x0000000000000000
XMM[3]=0x0000000000000000 0x0000000000000000
XMM[4]=0x0000000000000000 0x0000000000000000
XMM[5]=0x0000000000000000 0x0000000000000000
XMM[6]=0x0000000000000000 0x0000000000000000
XMM[7]=0x0000000000000000 0x0000000000000000
XMM[8]=0x0000000000000000 0x0000000000000000
XMM[9]=0x0000000000000000 0x0000000000000000
XMM[10]=0x0000000000000000 0x0000000000000000
XMM[11]=0x0000000000000000 0x0000000000000000
XMM[12]=0x0000000000000000 0x0000000000000000
XMM[13]=0x0000000000000000 0x0000000000000000
XMM[14]=0x0000000000000000 0x0000000000000000
XMM[15]=0x0000000000000000 0x0000000000000000
  MXCSR=0x00001fa0


Register to memory mapping:

RAX=0x000011a92d1d3670 is an unknown value
RBX=0x0000000000000002 is an unknown value
RCX=0x00000002e40ff6a0 points into unknown readable memory: 0x000001a9114d4f08 | 08 4f 4d 11 a9 01 00 00
RDX=0x0000000000000004 is an unknown value
RSP=0x00000002e40ff630 points into unknown readable memory: 0x000000008c4b0b08 | 08 0b 4b 8c 00 00 00 00
RBP=0x00000002e40ff7f0 points into unknown readable memory: 0x000001a9114d4a88 | 88 4a 4d 11 a9 01 00 00
RSI=0x000000000000000b is an unknown value
RDI=0x00000002e40ff6a0 points into unknown readable memory: 0x000001a9114d4f08 | 08 4f 4d 11 a9 01 00 00
R8 =0x0 is null
R9 =0x0000000000007c01 is an unknown value
R10=0x000001a92d170506 points into unknown readable memory: 82 ff
R11=0x000001a9114d5016 is at entry_point+22 in (nmethod*)0x000001a9114d4f08
Compiled method (c1) 2969   26       3       java.lang.Math::min (11 bytes)
 total in heap  [0x000001a9114d4f08,0x000001a9114d5130] = 552
 main code      [0x000001a9114d5000,0x000001a9114d50f8] = 248
 stub code      [0x000001a9114d50f8,0x000001a9114d5130] = 56
 mutable data [0x000001a92d1704e0,0x000001a92d170518] = 56
 relocation     [0x000001a92d1704e0,0x000001a92d170510] = 48
 metadata       [0x000001a92d170510,0x000001a92d170518] = 8
 immutable data [0x000011a92d1d3670,0x000011a92d1d36b8] = 72
 dependencies   [0x000011a92d1d3670,0x000011a92d1d3678] = 8
 scopes pcs     [0x000011a92d1d3678,0x000011a92d1d36a8] = 48
 scopes data    [0x000011a92d1d36a8,0x000011a92d1d36b8] = 16
R12=0x0000000000000002 is an unknown value
R13=0x0 is null
R14=0x0000000000000010 is an unknown value
R15=0x0000000000000001 is an unknown value

Top of Stack: (sp=0x00000002e40ff630)
0x00000002e40ff630:   000000008c4b0b08 000001a9114d4308   ..K......CM.....
0x00000002e40ff640:   0000000000000004 00007ffcab546155   ........UaT.....
0x00000002e40ff650:   000001a92d13de40 000001a93230c520   @..-.... .02....
0x00000002e40ff660:   0000000000000000 000001a92d13de58   ........X..-....
0x00000002e40ff670:   000001a9114d4f08 00007ffcab54aa66   .OM.....f.T.....
0x00000002e40ff680:   000001a9114d4f08 0000000000000002   .OM.............
0x00000002e40ff690:   00000002e40ff7f0 00000000000003d8   ................
0x00000002e40ff6a0:   000001a9114d4f08 0000000000000000   .OM.............
0x00000002e40ff6b0:   000011a92d1d3670 0000000000000000   p6.-............
0x00000002e40ff6c0:   0000000000000002 000000000000000a   ................
0x00000002e40ff6d0:   0000000000000009 00007342b4b711a0   ............Bs..
0x00000002e40ff6e0:   0000000000000002 00007ffcab583b3e   ........>;X.....
0x00000002e40ff6f0:   0000000000000002 000000000004c4b4   ................
0x00000002e40ff700:   000001a92d13e230 00000000000003d8   0..-............
0x00000002e40ff710:   0000000200000010 00000002e2fff310   ................
0x00000002e40ff720:   0000000000000010 000001a9114d1188   ..........M.....
0x00000002e40ff730:   000001a90681c310 0000000200000001   ................
0x00000002e40ff740:   000001a90681c310 0000000200000002   ................
0x00000002e40ff750:   00000003b4f30000 000001a9114d1188   ..........M.....
0x00000002e40ff760:   00000002e40ff810 000001a9114d1188   ..........M.....
0x00000002e40ff770:   000001a90681c310 0000000200000001   ................
0x00000002e40ff780:   000001a90681c310 0000000200000002   ................
0x00000002e40ff790:   00000003b4f30000 0000000000000518   ................
0x00000002e40ff7a0:   000001a9114d1508 000001a9114d1888   ..M.......M.....
0x00000002e40ff7b0:   000001a9114d1c08 000001a9114d2208   ..M......"M.....
0x00000002e40ff7c0:   000001a9114d2d08 000001a9114d3308   .-M......3M.....
0x00000002e40ff7d0:   000001a9114d3808 000001a9114d3b08   .8M......;M.....
0x00000002e40ff7e0:   000001a9114d4008 000001a9114d4308   .@M......CM.....
0x00000002e40ff7f0:   000001a9114d4a88 000001a9114d4f08   .JM......OM.....
0x00000002e40ff800:   000001a9114d5208 000001a9114d5508   .RM......UM.....
0x00000002e40ff810:   000001a9114d5808 000001a9114d5b08   .XM......[M.....
0x00000002e40ff820:   00007342b4b711d0 0000000000000001   ....Bs..........

Instructions: (pc=0x00007ffcab0e1289)
  0x00007ffcab0e1189:   cc cc cc cc cc cc cc 40 53 48 83 ec 20 48 8b d9
  0x00007ffcab0e1199:   8b 49 08 85 c9 0f 84 97 00 00 00 83 e9 01 74 38
  0x00007ffcab0e11a9:   83 e9 01 74 3a 83 e9 01 74 5d 83 f9 01 0f 85 87
  0x00007ffcab0e11b9:   00 00 00 48 8b 43 10 48 8b 88 a8 01 00 00 48 89
  0x00007ffcab0e11c9:   4b 18 c7 43 20 00 00 00 00 c7 43 08 01 00 00 00
  0x00007ffcab0e11d9:   b0 01 48 83 c4 20 5b c3 c7 43 08 02 00 00 00 48
  0x00007ffcab0e11e9:   8b 4b 10 48 8b 01 ff 50 78 48 89 43 10 48 85 c0
  0x00007ffcab0e11f9:   75 de 48 8b 43 18 48 85 c0 74 02 8b 00 89 43 24
  0x00007ffcab0e1209:   c7 43 08 03 00 00 00 48 63 4b 20 3b 4b 24 7d 1b
  0x00007ffcab0e1219:   8d 41 01 89 43 20 48 8b 43 18 48 8b 4c c8 08 b0
  0x00007ffcab0e1229:   01 48 89 4b 10 48 83 c4 20 5b c3 c7 43 08 00 00
  0x00007ffcab0e1239:   00 00 32 c0 48 83 c4 20 5b c3 48 8b 05 f6 32 9d
  0x00007ffcab0e1249:   00 48 8d 0d bf 25 7c 00 ba c3 08 00 00 c6 00 58
  0x00007ffcab0e1259:   e8 92 b4 fe ff cc cc 40 57 48 83 ec 40 83 79 18
  0x00007ffcab0e1269:   00 48 8b f9 75 12 48 8b 01 48 85 c0 74 0a 66 83
  0x00007ffcab0e1279:   b8 c0 00 00 00 00 74 1b 4c 63 41 18 48 8b 41 10
=>0x00007ffcab0e1289:   41 0f b6 14 00 41 8d 40 01 89 41 18 44 8b c2 84
  0x00007ffcab0e1299:   d2 75 08 32 c0 48 83 c4 40 5f c3 41 8b c8 83 e1
  0x00007ffcab0e12a9:   ef 89 4f 20 8d 41 ff 83 f8 07 0f 87 04 01 00 00
  0x00007ffcab0e12b9:   8b c1 48 8d 0d 56 34 9d 00 4c 89 64 24 68 4c 63
  0x00007ffcab0e12c9:   24 81 4d 85 e4 0f 8e dc 00 00 00 48 89 5c 24 50
  0x00007ffcab0e12d9:   41 80 e0 10 48 89 74 24 60 41 f6 d8 4c 89 74 24
  0x00007ffcab0e12e9:   38 4c 8d 77 24 4c 89 7c 24 30 4d 1b ff 49 f7 df
  0x00007ffcab0e12f9:   48 89 6c 24 58 49 ff cf 33 f6 49 3b f7 75 05 45
  0x00007ffcab0e1309:   33 c9 eb 77 48 63 6f 18 48 8b dd 48 03 5f 10 44
  0x00007ffcab0e1319:   0f b6 0b 41 ff c9 41 81 f9 bf 00 00 00 72 56 0f
  0x00007ffcab0e1329:   b6 4b 01 41 ba 06 00 00 00 41 bb 01 00 00 00 8d
  0x00007ffcab0e1339:   41 ff c1 e0 06 44 03 c8 81 f9 c0 00 00 00 72 32
  0x00007ffcab0e1349:   41 8b c3 0f 1f 40 00 48 83 f8 04 74 25 44 0f b6
  0x00007ffcab0e1359:   44 03 01 48 ff c0 41 83 c2 06 41 ff c3 41 8b ca
  0x00007ffcab0e1369:   41 8d 50 ff d3 e2 44 03 ca 41 81 f8 c0 00 00 00
  0x00007ffcab0e1379:   73 d5 41 03 eb 8d 45 01 89 47 18 45 89 0e 48 ff


Stack slot to memory mapping:

stack at sp + 0 slots: {method} {0x000000008c4b0b10} 'indexOf' '(I)I' in 'java/lang/String'
stack at sp + 1 slots: 0x000001a9114d4308 is at entry_point+-266 in (nmethod*)0x000001a9114d4308
Compiled method (c1) 2983   24       3       java.lang.String::indexOf (41 bytes)
 total in heap  [0x000001a9114d4308,0x000001a9114d4a68] = 1888
 main code      [0x000001a9114d4400,0x000001a9114d4a18] = 1560
 stub code      [0x000001a9114d4a18,0x000001a9114d4a68] = 80
 mutable data [0x000001a92d1d1170,0x000001a92d1d1240] = 208
 relocation     [0x000001a92d1d1170,0x000001a92d1d1208] = 152
 metadata       [0x000001a92d1d1208,0x000001a92d1d1240] = 56
 immutable data [0x000001a92d1d3ea0,0x000001a92d1d4050] = 432
 dependencies   [0x000001a92d1d3ea0,0x000001a92d1d3eb0] = 16
 nul chk table  [0x000001a92d1d3eb0,0x000001a92d1d3ec8] = 24
 scopes pcs     [0x000001a92d1d3ec8,0x000001a92d1d3fa8] = 224
 scopes data    [0x000001a92d1d3fa8,0x000001a92d1d4050] = 168
stack at sp + 2 slots: 0x0000000000000004 is an unknown value
stack at sp + 3 slots: 0x00007ffcab546155 jvm.dll
stack at sp + 4 slots: 0x000001a92d13de40 points into unknown readable memory: 0x0000000000000000 | 00 00 00 00 00 00 00 00
stack at sp + 5 slots: 0x000001a93230c520 points into unknown readable memory: 0x0000000000000002 | 02 00 00 00 00 00 00 00
stack at sp + 6 slots: 0x0 is null
stack at sp + 7 slots: 0x000001a92d13de58 points into unknown readable memory: 0x6e616c2e6176616a | 6a 61 76 61 2e 6c 61 6e


---------------  P R O C E S S  ---------------

Threads class SMR info:
_java_thread_list=0x000001a932e7a190, length=17, elements={
0x000001a9068388b0, 0x000001a92a85f060, 0x000001a92a85fac0, 0x000001a92a865e50,
0x000001a92a866dc0, 0x000001a92a870ad0, 0x000001a92a893910, 0x000001a92d130dc0,
0x000001a92d134a80, 0x000001a92d1e02d0, 0x000001a92d1ea7e0, 0x000001a92d132a40,
0x000001a92d136ac0, 0x000001a9329015a0, 0x000001a934a4bbe0, 0x000001a934a4c3a0,
0x000001a9345454f0
}

Java Threads: ( => current thread )
  0x000001a9068388b0 JavaThread "main"                              [_thread_blocked, id=18548, stack(0x00000002e2800000,0x00000002e2900000) (1024K)]
  0x000001a92a85f060 JavaThread "Reference Handler"          daemon [_thread_blocked, id=2956, stack(0x00000002e3000000,0x00000002e3100000) (1024K)]
  0x000001a92a85fac0 JavaThread "Finalizer"                  daemon [_thread_blocked, id=11756, stack(0x00000002e3100000,0x00000002e3200000) (1024K)]
  0x000001a92a865e50 JavaThread "Signal Dispatcher"          daemon [_thread_blocked, id=8452, stack(0x00000002e3200000,0x00000002e3300000) (1024K)]
  0x000001a92a866dc0 JavaThread "Attach Listener"            daemon [_thread_blocked, id=7176, stack(0x00000002e3300000,0x00000002e3400000) (1024K)]
  0x000001a92a870ad0 JavaThread "Service Thread"             daemon [_thread_blocked, id=18848, stack(0x00000002e3400000,0x00000002e3500000) (1024K)]
  0x000001a92a893910 JavaThread "Monitor Deflation Thread"   daemon [_thread_blocked, id=8344, stack(0x00000002e3500000,0x00000002e3600000) (1024K)]
  0x000001a92d130dc0 JavaThread "C2 CompilerThread0"         daemon [_thread_blocked, id=19328, stack(0x00000002e3600000,0x00000002e3700000) (1024K)]
  0x000001a92d134a80 JavaThread "C1 CompilerThread0"         daemon [_thread_blocked, id=2728, stack(0x00000002e3700000,0x00000002e3800000) (1024K)]
  0x000001a92d1e02d0 JavaThread "Notification Thread"        daemon [_thread_blocked, id=6172, stack(0x00000002e3800000,0x00000002e3900000) (1024K)]
  0x000001a92d1ea7e0 JavaThread "Common-Cleaner"             daemon [_thread_blocked, id=11400, stack(0x00000002e3900000,0x00000002e3a00000) (1024K)]
  0x000001a92d132a40 JavaThread "C2 CompilerThread1"         daemon [_thread_blocked, id=18376, stack(0x00000002e3a00000,0x00000002e3b00000) (1024K)]
  0x000001a92d136ac0 JavaThread "C2 CompilerThread2"         daemon [_thread_blocked, id=11308, stack(0x00000002e4300000,0x00000002e4400000) (1024K)]
  0x000001a9329015a0 JavaThread "Catalina-utility-1"                [_thread_blocked, id=5256, stack(0x00000002e4400000,0x00000002e4500000) (1024K)]
  0x000001a934a4bbe0 JavaThread "Catalina-utility-2"                [_thread_blocked, id=14892, stack(0x00000002e4500000,0x00000002e4600000) (1024K)]
  0x000001a934a4c3a0 JavaThread "container-0"                       [_thread_blocked, id=17744, stack(0x00000002e4600000,0x00000002e4700000) (1024K)]
  0x000001a9345454f0 JavaThread "mysql-cj-abandoned-connection-cleanup" daemon [_thread_blocked, id=5692, stack(0x00000002e4700000,0x00000002e4800000) (1024K)]
Total: 17

Other Threads:
  0x000001a92a849740 VMThread "VM Thread"                           [id=10096, stack(0x00000002e2f00000,0x00000002e3000000) (1024K)]
  0x000001a92a83af80 WatcherThread "VM Periodic Task Thread"        [id=12896, stack(0x00000002e2e00000,0x00000002e2f00000) (1024K)]
  0x000001a908cf0580 WorkerThread "GC Thread#0"                     [id=12448, stack(0x00000002e2900000,0x00000002e2a00000) (1024K)]
  0x000001a92d918e90 WorkerThread "GC Thread#1"                     [id=8640, stack(0x00000002e3c00000,0x00000002e3d00000) (1024K)]
  0x000001a92d919fd0 WorkerThread "GC Thread#2"                     [id=18224, stack(0x00000002e3d00000,0x00000002e3e00000) (1024K)]
  0x000001a92d91a870 WorkerThread "GC Thread#3"                     [id=19092, stack(0x00000002e3e00000,0x00000002e3f00000) (1024K)]
  0x000001a92d9192e0 WorkerThread "GC Thread#4"                     [id=2416, stack(0x00000002e3f00000,0x00000002e4000000) (1024K)]
=>0x000001a92d919730 WorkerThread "GC Thread#5"                     [id=8460, stack(0x00000002e4000000,0x00000002e4100000) (1024K)]
  0x000001a92d919b80 WorkerThread "GC Thread#6"                     [id=4172, stack(0x00000002e4100000,0x00000002e4200000) (1024K)]
  0x000001a932361b20 WorkerThread "GC Thread#7"                     [id=6624, stack(0x00000002e4200000,0x00000002e4300000) (1024K)]
  0x000001a92a6abef0 ConcurrentGCThread "G1 Main Marker"            [id=18960, stack(0x00000002e2a00000,0x00000002e2b00000) (1024K)]
  0x000001a92a6aca90 WorkerThread "G1 Conc#0"                       [id=12764, stack(0x00000002e2b00000,0x00000002e2c00000) (1024K)]
  0x000001a93235f8a0 WorkerThread "G1 Conc#1"                       [id=9924, stack(0x00000002e3b00000,0x00000002e3c00000) (1024K)]
  0x000001a92a6f5600 ConcurrentGCThread "G1 Refine#0"               [id=12876, stack(0x00000002e2c00000,0x00000002e2d00000) (1024K)]
  0x000001a92a6f6210 ConcurrentGCThread "G1 Service"                [id=12884, stack(0x00000002e2d00000,0x00000002e2e00000) (1024K)]
Total: 15

Threads with active compile tasks:
C2 CompilerThread0  2995 4255   !   4       jdk.internal.loader.BuiltinClassLoader::findClassOnClassPathOrNull (38 bytes)
C2 CompilerThread1  2995 4297       4       jdk.internal.classfile.impl.StackMapGenerator::processBlock (2767 bytes)
C2 CompilerThread2  2996 4273       4       java.net.URLStreamHandler::parseURL (1130 bytes)
Total: 3

VM state: at safepoint (normal execution)

VM Mutex/Monitor currently owned by a thread:  ([mutex/lock_event])
[0x00007ffcabb495e8] Threads_lock - owner thread: 0x000001a92a849740
[0x00007ffcabb49768] Heap_lock - owner thread: 0x000001a92a6abef0

Heap address: 0x0000000604800000, size: 8120 MB, Compressed Oops mode: Zero based, Oop shift amount: 3

CDS archive(s) mapped at: [0x000000008c000000-0x000000008cdd0000-0x000000008cdd0000), size 14483456, SharedBaseAddress: 0x000000008c000000, ArchiveRelocationMode: 1.
Compressed class space mapped at: 0x000000008d000000-0x00000000cd000000, reserved size: 1073741824
UseCompressedClassPointers 1, UseCompactObjectHeaders 0
Narrow klass pointer bits 32, Max shift 3
Narrow klass base: 0x000000008c000000, Narrow klass shift: 0
Encoding Range: [0x000000008c000000 - 0x000000018c000000), (4294967296 bytes)
Klass Range:    [0x000000008c010000 - 0x00000000cd000000), (1090453504 bytes)
Klass ID Range:  [65536 - 1090519033) (1090453497)
Protection zone: [0x000000008c000000 - 0x000000008c010000), (65536 bytes)

GC Precious Log:
 CardTable entry size: 512
 Card Set container configuration: InlinePtr #cards 4 size 8 Array Of Cards #cards 32 size 80 Howl #buckets 8 coarsen threshold 7372 Howl Bitmap #cards 1024 size 144 coarsen threshold 921 Card regions per heap region 1 cards per card region 8192
 CPUs: 8 total, 8 available
 Memory: 32471M
 Large Page Support: Disabled
 NUMA Support: Disabled
 Compressed Oops: Enabled (Zero based)
 Heap Region Size: 4M
 Heap Min Capacity: 8M
 Heap Initial Capacity: 508M
 Heap Max Capacity: 8120M
 Pre-touch: Disabled
 Parallel Workers: 8
 Concurrent Workers: 2
 Concurrent Refinement Workers: 8
 Periodic GC: Disabled

Heap:
 garbage-first heap   total reserved 8314880K, committed 102400K, used 20965K [0x0000000604800000, 0x0000000800000000)
  region size 4096K, 2 young (8192K), 1 survivors (4096K)

Heap Regions: E=young(eden), S=young(survivor), O=old, HS=humongous(starts), HC=humongous(continues), CS=collection set, F=free, TAMS=top-at-mark-start, PB=parsable bottom
|   0|0x0000000604800000, 0x000000060486d690, 0x0000000604c00000| 10%| O|  |TAMS 0x000000060486d690| PB 0x0000000604800000| Untracked |  0
|   1|0x0000000604c00000, 0x0000000605000000, 0x0000000605000000|100%| O|  |TAMS 0x0000000605000000| PB 0x0000000604c00000| Untracked |  0
|   2|0x0000000605000000, 0x0000000605400000, 0x0000000605400000|100%| O|  |TAMS 0x0000000605400000| PB 0x0000000605000000| Untracked |  0
|   3|0x0000000605400000, 0x0000000605800000, 0x0000000605800000|100%| O|  |TAMS 0x0000000605800000| PB 0x0000000605400000| Untracked |  0
|   4|0x0000000605800000, 0x0000000605c00000, 0x0000000605c00000|100%| O|  |TAMS 0x00000006059a3400| PB 0x0000000605800000| Untracked |  0
|   5|0x0000000605c00000, 0x0000000605e3ab10, 0x0000000606000000| 55%| O|  |TAMS 0x0000000605c00000| PB 0x0000000605c00000| Untracked |  0
|   6|0x0000000606000000, 0x0000000606000000, 0x0000000606400000|  0%| F|  |TAMS 0x0000000606000000| PB 0x0000000606000000| Untracked |  0
|   7|0x0000000606400000, 0x0000000606400000, 0x0000000606800000|  0%| F|  |TAMS 0x0000000606400000| PB 0x0000000606400000| Untracked |  0
|   8|0x0000000606800000, 0x0000000606800000, 0x0000000606c00000|  0%| F|  |TAMS 0x0000000606800000| PB 0x0000000606800000| Untracked |  0
|   9|0x0000000606c00000, 0x0000000606c00000, 0x0000000607000000|  0%| F|  |TAMS 0x0000000606c00000| PB 0x0000000606c00000| Untracked |  0
|  10|0x0000000607000000, 0x0000000607000000, 0x0000000607400000|  0%| F|  |TAMS 0x0000000607000000| PB 0x0000000607000000| Untracked |  0
|  11|0x0000000607400000, 0x0000000607400000, 0x0000000607800000|  0%| F|  |TAMS 0x0000000607400000| PB 0x0000000607400000| Untracked |  0
|  12|0x0000000607800000, 0x0000000607800000, 0x0000000607c00000|  0%| F|  |TAMS 0x0000000607800000| PB 0x0000000607800000| Untracked |  0
|  13|0x0000000607c00000, 0x0000000607c00000, 0x0000000608000000|  0%| F|  |TAMS 0x0000000607c00000| PB 0x0000000607c00000| Untracked |  0
|  14|0x0000000608000000, 0x0000000608000000, 0x0000000608400000|  0%| F|  |TAMS 0x0000000608000000| PB 0x0000000608000000| Untracked |  0
|  15|0x0000000608400000, 0x0000000608400000, 0x0000000608800000|  0%| F|  |TAMS 0x0000000608400000| PB 0x0000000608400000| Untracked |  0
|  16|0x0000000608800000, 0x0000000608800000, 0x0000000608c00000|  0%| F|  |TAMS 0x0000000608800000| PB 0x0000000608800000| Untracked |  0
|  17|0x0000000608c00000, 0x0000000608c00000, 0x0000000609000000|  0%| F|  |TAMS 0x0000000608c00000| PB 0x0000000608c00000| Untracked |  0
|  18|0x0000000609000000, 0x0000000609000000, 0x0000000609400000|  0%| F|  |TAMS 0x0000000609000000| PB 0x0000000609000000| Untracked |  0
| 109|0x000000061fc00000, 0x000000061fc00000, 0x0000000620000000|  0%| F|  |TAMS 0x000000061fc00000| PB 0x000000061fc00000| Untracked |  0
| 110|0x0000000620000000, 0x0000000620000000, 0x0000000620400000|  0%| F|  |TAMS 0x0000000620000000| PB 0x0000000620000000| Untracked |  0
| 111|0x0000000620400000, 0x0000000620400000, 0x0000000620800000|  0%| F|  |TAMS 0x0000000620400000| PB 0x0000000620400000| Untracked |  0
| 112|0x0000000620800000, 0x0000000620800000, 0x0000000620c00000|  0%| F|  |TAMS 0x0000000620800000| PB 0x0000000620800000| Untracked |  0
| 126|0x0000000624000000, 0x00000006241d15a0, 0x0000000624400000| 45%| S|CS|TAMS 0x0000000624000000| PB 0x0000000624000000| Complete |  0
|2029|0x00000007ffc00000, 0x00000007ffcd51c0, 0x0000000800000000| 20%| E|  |TAMS 0x00000007ffc00000| PB 0x00000007ffc00000| Complete |  0

Card table byte_map: [0x000001a9217e0000,0x000001a9227c0000] _byte_map_base: 0x000001a91e7bc000

Marking Bits: (CMBitMap*) 0x000001a908cf0d10
 Bits: [0x000001a9227c0000, 0x000001a92a6a0000)

Polling page: 0x000001a906a70000

Metaspace:
Metaspace        used 36093K, committed 36544K, reserved 1114112K
 class space     used 4977K, committed 5184K, reserved 1048576K

Usage:
  Non-class:     30.39 MB used.
      Class:      4.86 MB used.
       Both:     35.25 MB used.

Virtual space:
  Non-class space:       64.00 MB reserved,      30.62 MB ( 48%) committed,  1 nodes.
      Class space:        1.00 GB reserved,       5.06 MB ( <1%) committed,  1 nodes.
             Both:        1.06 GB reserved,      35.69 MB (  3%) committed. 

Chunk freelists:
   Non-Class:  1.41 MB
       Class:  10.91 MB
        Both:  12.32 MB

MaxMetaspaceSize: unlimited
CompressedClassSpaceSize: 1.00 GB
Initial GC threshold: 21.00 MB
Current GC threshold: 35.75 MB
CDS: on
 - commit_granule_bytes: 65536.
 - commit_granule_words: 8192.
 - virtual_space_node_default_size: 8388608.
 - enlarge_chunks_in_place: 1.
UseCompressedClassPointers 1, UseCompactObjectHeaders 0
Narrow klass pointer bits 32, Max shift 3
Narrow klass base: 0x000000008c000000, Narrow klass shift: 0
Encoding Range: [0x000000008c000000 - 0x000000018c000000), (4294967296 bytes)
Klass Range:    [0x000000008c010000 - 0x00000000cd000000), (1090453504 bytes)
Klass ID Range:  [65536 - 1090519033) (1090453497)
Protection zone: [0x000000008c000000 - 0x000000008c010000), (65536 bytes)


Internal statistics:

num_allocs_failed_limit: 9.
num_arena_births: 414.
num_arena_deaths: 0.
num_vsnodes_births: 2.
num_vsnodes_deaths: 0.
num_space_committed: 571.
num_space_uncommitted: 0.
num_chunks_returned_to_freelist: 9.
num_chunks_taken_from_freelist: 1645.
num_chunk_merges: 9.
num_chunk_splits: 1216.
num_chunks_enlarged: 987.
num_inconsistent_stats: 0.

CodeHeap 'non-profiled nmethods': size=120064Kb used=1823Kb max_used=1823Kb free=118240Kb
 bounds [0x000001a918f90000, 0x000001a919200000, 0x000001a9204d0000]
CodeHeap 'profiled nmethods': size=120000Kb used=7074Kb max_used=7074Kb free=112925Kb
 bounds [0x000001a9114d0000, 0x000001a911bc0000, 0x000001a918a00000]
CodeHeap 'non-nmethods': size=5696Kb used=1605Kb max_used=1743Kb free=4090Kb
 bounds [0x000001a918a00000, 0x000001a918c70000, 0x000001a918f90000]
CodeCache: size=245760Kb, used=10502Kb, max_used=10640Kb, free=235255Kb
 total_blobs=4887, nmethods=4294, adapters=496, full_count=0
Compilation: enabled, stopped_count=0, restarted_count=0

Compilation events (20 events):
Event: 2.769 Thread 0x000001a92d134a80 4289       3       java.lang.System$1::join (11 bytes)
Event: 2.772 Thread 0x000001a92d134a80 nmethod 4289 0x000001a911bb4888 code [0x000001a911bb4980, 0x000001a911bb6be0]
Event: 2.772 Thread 0x000001a92d134a80 4290       3       java.lang.reflect.ProxyGenerator::addProxyMethod (174 bytes)
Event: 2.775 Thread 0x000001a92d134a80 nmethod 4290 0x000001a911bb6c08 code [0x000001a911bb6d00, 0x000001a911bb8408]
Event: 2.810 Thread 0x000001a92d132a40 nmethod 4269 0x000001a919153088 code [0x000001a919153180, 0x000001a9191560a0]
Event: 2.810 Thread 0x000001a92d132a40 4271       4       java.util.zip.InflaterInputStream::<init> (70 bytes)
Event: 2.813 Thread 0x000001a92d132a40 nmethod 4271 0x000001a919156108 code [0x000001a919156200, 0x000001a9191568d8]
Event: 2.813 Thread 0x000001a92d132a40 4272       4       java.util.Arrays$ArrayList::size (6 bytes)
Event: 2.813 Thread 0x000001a92d132a40 nmethod 4272 0x000001a919156908 code [0x000001a919156a00, 0x000001a919156a90]
Event: 2.814 Thread 0x000001a92d134a80 4291       3       net.bytebuddy.matcher.ElementMatcher$Junction$ForNonNullValues::<init> (5 bytes)
Event: 2.814 Thread 0x000001a92d134a80 nmethod 4291 0x000001a911bb8488 code [0x000001a911bb8580, 0x000001a911bb8740]
Event: 2.816 Thread 0x000001a92d132a40 4292       4       java.lang.String::<init> (10 bytes)
Event: 2.818 Thread 0x000001a92d134a80 4293       3       java.util.concurrent.ConcurrentHashMap::<init> (5 bytes)
Event: 2.818 Thread 0x000001a92d132a40 nmethod 4292 0x000001a919156c08 code [0x000001a919156d00, 0x000001a919157168]
Event: 2.818 Thread 0x000001a92d134a80 nmethod 4293 0x000001a911bb8788 code [0x000001a911bb8880, 0x000001a911bb8a40]
Event: 2.820 Thread 0x000001a92d132a40 4294       4       java.io.File::exists (18 bytes)
Event: 2.826 Thread 0x000001a92d132a40 nmethod 4294 0x000001a919157188 code [0x000001a919157280, 0x000001a9191577a0]
Event: 2.858 Thread 0x000001a92d132a40 4295       4       jdk.internal.misc.VM::isModuleSystemInited (13 bytes)
Event: 2.859 Thread 0x000001a92d132a40 nmethod 4295 0x000001a919157808 code [0x000001a919157900, 0x000001a919157998]
Event: 2.860 Thread 0x000001a92d132a40 4297       4       jdk.internal.classfile.impl.StackMapGenerator::processBlock (2767 bytes)

GC Heap Usage History (10 events):
Event: 0.681 {heap Before GC invocations=0 (full 0):
 garbage-first heap   total reserved 8314880K, committed 524288K, used 50325K [0x0000000604800000, 0x0000000800000000)
  region size 4096K, 12 young (49152K), 0 survivors (0K)
}
Event: 0.685 {heap After GC invocations=1 (full 0):
 garbage-first heap   total reserved 8314880K, committed 524288K, used 9803K [0x0000000604800000, 0x0000000800000000)
  region size 4096K, 2 young (8192K), 2 survivors (8192K)
}
Event: 1.138 {heap Before GC invocations=1 (full 0):
 garbage-first heap   total reserved 8314880K, committed 524288K, used 54859K [0x0000000604800000, 0x0000000800000000)
  region size 4096K, 14 young (57344K), 2 survivors (8192K)
}
Event: 1.144 {heap After GC invocations=2 (full 0):
 garbage-first heap   total reserved 8314880K, committed 524288K, used 15193K [0x0000000604800000, 0x0000000800000000)
  region size 4096K, 4 young (16384K), 4 survivors (16384K)
}
Event: 2.152 {heap Before GC invocations=3 (full 0):
 garbage-first heap   total reserved 8314880K, committed 81920K, used 72537K [0x0000000604800000, 0x0000000800000000)
  region size 4096K, 18 young (73728K), 4 survivors (16384K)
}
Event: 2.168 {heap After GC invocations=4 (full 0):
 garbage-first heap   total reserved 8314880K, committed 102400K, used 20146K [0x0000000604800000, 0x0000000800000000)
  region size 4096K, 5 young (20480K), 5 survivors (20480K)
}
Event: 2.789 {heap Before GC invocations=4 (full 0):
 garbage-first heap   total reserved 8314880K, committed 102400K, used 44722K [0x0000000604800000, 0x0000000800000000)
  region size 4096K, 12 young (49152K), 5 survivors (20480K)
}
Event: 2.806 {heap After GC invocations=5 (full 0):
 garbage-first heap   total reserved 8314880K, committed 102400K, used 20545K [0x0000000604800000, 0x0000000800000000)
  region size 4096K, 2 young (8192K), 2 survivors (8192K)
}
Event: 2.836 {heap Before GC invocations=5 (full 0):
 garbage-first heap   total reserved 8314880K, committed 102400K, used 20545K [0x0000000604800000, 0x0000000800000000)
  region size 4096K, 3 young (12288K), 2 survivors (8192K)
}
Event: 2.842 {heap After GC invocations=6 (full 0):
 garbage-first heap   total reserved 8314880K, committed 102400K, used 20965K [0x0000000604800000, 0x0000000800000000)
  region size 4096K, 1 young (4096K), 1 survivors (4096K)
}

Metaspace Usage History (10 events):
Event: 0.681 {metaspace Before GC invocations=0 (full 0):
 Metaspace       used 11352K, committed 11520K, reserved 1114112K
  class space    used 1577K, committed 1664K, reserved 1048576K
}
Event: 0.685 {metaspace After GC invocations=1 (full 0):
 Metaspace       used 11352K, committed 11520K, reserved 1114112K
  class space    used 1577K, committed 1664K, reserved 1048576K
}
Event: 1.138 {metaspace Before GC invocations=1 (full 0):
 Metaspace       used 21315K, committed 21504K, reserved 1114112K
  class space    used 2769K, committed 2880K, reserved 1048576K
}
Event: 1.144 {metaspace After GC invocations=2 (full 0):
 Metaspace       used 21315K, committed 21504K, reserved 1114112K
  class space    used 2769K, committed 2880K, reserved 1048576K
}
Event: 2.152 {metaspace Before GC invocations=3 (full 0):
 Metaspace       used 29882K, committed 30144K, reserved 1114112K
  class space    used 3996K, committed 4096K, reserved 1048576K
}
Event: 2.168 {metaspace After GC invocations=4 (full 0):
 Metaspace       used 29882K, committed 30144K, reserved 1114112K
  class space    used 3996K, committed 4096K, reserved 1048576K
}
Event: 2.789 {metaspace Before GC invocations=4 (full 0):
 Metaspace       used 35541K, committed 35968K, reserved 1114112K
  class space    used 4898K, committed 5120K, reserved 1048576K
}
Event: 2.806 {metaspace After GC invocations=5 (full 0):
 Metaspace       used 35541K, committed 35968K, reserved 1114112K
  class space    used 4898K, committed 5120K, reserved 1048576K
}
Event: 2.836 {metaspace Before GC invocations=5 (full 0):
 Metaspace       used 35889K, committed 36288K, reserved 1114112K
  class space    used 4944K, committed 5120K, reserved 1048576K
}
Event: 2.842 {metaspace After GC invocations=6 (full 0):
 Metaspace       used 35889K, committed 36288K, reserved 1114112K
  class space    used 4944K, committed 5120K, reserved 1048576K
}

Dll operation events (9 events):
Event: 0.009 Loaded shared library C:\Program Files\Java\jdk-25.0.2\bin\java.dll
Event: 0.102 Loaded shared library C:\Program Files\Java\jdk-25.0.2\bin\net.dll
Event: 0.104 Loaded shared library C:\Program Files\Java\jdk-25.0.2\bin\nio.dll
Event: 0.107 Loaded shared library C:\Program Files\Java\jdk-25.0.2\bin\zip.dll
Event: 0.212 Loaded shared library C:\Program Files\Java\jdk-25.0.2\bin\jimage.dll
Event: 0.950 Loaded shared library C:\Program Files\Java\jdk-25.0.2\bin\sunmscapi.dll
Event: 1.973 Loaded shared library C:\Program Files\Java\jdk-25.0.2\bin\management.dll
Event: 1.975 Loaded shared library C:\Program Files\Java\jdk-25.0.2\bin\management_ext.dll
Event: 2.615 Loaded shared library C:\Program Files\Java\jdk-25.0.2\bin\verify.dll

Deoptimization events (20 events):
Event: 2.238 Thread 0x000001a9068388b0 Uncommon trap: trap_request=0xffffff45 fr.pc=0x000001a9191264ac relative=0x00000000000007ac
Event: 2.238 Thread 0x000001a9068388b0 Uncommon trap: reason=unstable_if action=reinterpret pc=0x000001a9191264ac method=java.lang.PublicMethods$MethodList.filter([Ljava/lang/reflect/Method;Ljava/lang/String;[Ljava/lang/Class;Z)Ljava/lang/PublicMethods$MethodList; @ 43 c2
Event: 2.238 Thread 0x000001a9068388b0 DEOPT PACKING pc=0x000001a9191264ac sp=0x00000002e28fd8a0
Event: 2.238 Thread 0x000001a9068388b0 DEOPT UNPACKING pc=0x000001a918b2fe02 sp=0x00000002e28fd830 mode 2
Event: 2.442 Thread 0x000001a9068388b0 Uncommon trap: trap_request=0xffffff45 fr.pc=0x000001a91903ce64 relative=0x00000000000000e4
Event: 2.442 Thread 0x000001a9068388b0 Uncommon trap: reason=unstable_if action=reinterpret pc=0x000001a91903ce64 method=java.lang.ClassLoader.getClassLoadingLock(Ljava/lang/String;)Ljava/lang/Object; @ 6 c2
Event: 2.442 Thread 0x000001a9068388b0 DEOPT PACKING pc=0x000001a91903ce64 sp=0x00000002e28fd5d0
Event: 2.442 Thread 0x000001a9068388b0 DEOPT UNPACKING pc=0x000001a918b2fe02 sp=0x00000002e28fd560 mode 2
Event: 2.514 Thread 0x000001a9068388b0 Uncommon trap: trap_request=0xffffff66 fr.pc=0x000001a91913d8c0 relative=0x0000000000000240
Event: 2.514 Thread 0x000001a9068388b0 Uncommon trap: reason=loop_limit_check action=maybe_recompile pc=0x000001a91913d8c0 method=java.math.BigInteger.implMulAdd([I[IIII)I @ 26 c2
Event: 2.514 Thread 0x000001a9068388b0 DEOPT PACKING pc=0x000001a91913d8c0 sp=0x00000002e28fbe40
Event: 2.514 Thread 0x000001a9068388b0 DEOPT UNPACKING pc=0x000001a918b2fe02 sp=0x00000002e28fbd90 mode 2
Event: 2.578 Thread 0x000001a9068388b0 Uncommon trap: trap_request=0xffffff45 fr.pc=0x000001a919074520 relative=0x0000000000000880
Event: 2.578 Thread 0x000001a9068388b0 Uncommon trap: reason=unstable_if action=reinterpret pc=0x000001a919074520 method=jdk.internal.classfile.impl.SplitConstantPool.maybeCloneUtf8Entry(Ljava/lang/classfile/constantpool/Utf8Entry;)Ljdk/internal/classfile/impl/AbstractPoolEntry$Utf8EntryImpl; 
Event: 2.578 Thread 0x000001a9068388b0 DEOPT PACKING pc=0x000001a919074520 sp=0x00000002e28fc010
Event: 2.578 Thread 0x000001a9068388b0 DEOPT UNPACKING pc=0x000001a918b2fe02 sp=0x00000002e28fbfc0 mode 2
Event: 2.684 Thread 0x000001a9068388b0 Uncommon trap: trap_request=0xffffff45 fr.pc=0x000001a91914e868 relative=0x0000000000000068
Event: 2.684 Thread 0x000001a9068388b0 Uncommon trap: reason=unstable_if action=reinterpret pc=0x000001a91914e868 method=java.lang.reflect.AnnotatedElement.isAnnotationPresent(Ljava/lang/Class;)Z @ 7 c2
Event: 2.684 Thread 0x000001a9068388b0 DEOPT PACKING pc=0x000001a91914e868 sp=0x00000002e28fccd0
Event: 2.684 Thread 0x000001a9068388b0 DEOPT UNPACKING pc=0x000001a918b2fe02 sp=0x00000002e28fcc60 mode 2

Classes loaded (20 events):
Event: 2.597 Loading class javax/xml/stream/XMLResolver
Event: 2.597 Loading class javax/xml/stream/XMLResolver done
Event: 2.601 Loading class javax/xml/stream/XMLEventFactory
Event: 2.601 Loading class javax/xml/stream/XMLEventFactory done
Event: 2.601 Loading class javax/xml/stream/FactoryFinder
Event: 2.601 Loading class javax/xml/stream/FactoryFinder done
Event: 2.602 Loading class com/sun/xml/internal/stream/events/XMLEventFactoryImpl
Event: 2.602 Loading class com/sun/xml/internal/stream/events/XMLEventFactoryImpl done
Event: 2.629 Loading class java/lang/Process
Event: 2.629 Loading class java/lang/Process done
Event: 2.644 Loading class java/lang/reflect/GenericSignatureFormatError
Event: 2.644 Loading class java/lang/reflect/GenericSignatureFormatError done
Event: 2.684 Loading class java/lang/SecurityManager
Event: 2.684 Loading class java/lang/SecurityManager done
Event: 2.848 Loading class javax/naming/InvalidNameException
Event: 2.848 Loading class javax/naming/InvalidNameException done
Event: 2.848 Loading class javax/naming/event/NamingListener
Event: 2.848 Loading class javax/naming/event/NamingListener done
Event: 2.849 Loading class javax/naming/event/NamespaceChangeListener
Event: 2.849 Loading class javax/naming/event/NamespaceChangeListener done

Classes unloaded (0 events):
No events

Classes redefined (0 events):
No events

Internal exceptions (20 events):
Event: 1.681 Thread 0x000001a9068388b0 Exception <a 'java/lang/IncompatibleClassChangeError'{0x000000060669bb48}: Found class java.lang.Object, but interface was expected> (0x000000060669bb48) 
thrown [s\open\src\hotspot\share\interpreter\linkResolver.cpp, line 871]
Event: 1.682 Thread 0x000001a9068388b0 Exception <a 'java/lang/NoSuchMethodError'{0x00000006066c3768}: 'int java.lang.invoke.DirectMethodHandle$Holder.invokeSpecialIFC(java.lang.Object, java.lang.Object, java.lang.Object)'> (0x00000006066c3768) 
thrown [s\open\src\hotspot\share\interpreter\linkResolver.cpp, line 804]
Event: 1.684 Thread 0x000001a9068388b0 Exception <a 'java/lang/NoSuchMethodError'{0x00000006066e42a8}: 'void java.lang.invoke.DirectMethodHandle$Holder.invokeStatic(java.lang.Object, int, java.lang.Object)'> (0x00000006066e42a8) 
thrown [s\open\src\hotspot\share\interpreter\linkResolver.cpp, line 804]
Event: 1.691 Thread 0x000001a9068388b0 Exception <a 'java/lang/NoSuchMethodError'{0x000000060676a8d8}: 'void java.lang.invoke.DirectMethodHandle$Holder.invokeStatic(java.lang.Object, java.lang.Object, java.lang.Object, int, java.lang.Object)'> (0x000000060676a8d8) 
thrown [s\open\src\hotspot\share\interpreter\linkResolver.cpp, line 804]
Event: 1.778 Thread 0x000001a9068388b0 Exception <a 'java/lang/NoSuchMethodError'{0x0000000605c57bd8}: 'java.lang.Object java.lang.invoke.DirectMethodHandle$Holder.invokeStaticInit(java.lang.Object, int, int, int, int)'> (0x0000000605c57bd8) 
thrown [s\open\src\hotspot\share\interpreter\linkResolver.cpp, line 804]
Event: 1.803 Thread 0x000001a9068388b0 Exception <a 'java/lang/NoSuchMethodError'{0x0000000605ce7848}: 'java.lang.Object java.lang.invoke.DirectMethodHandle$Holder.invokeStaticInit(java.lang.Object, java.lang.Object, int, int, int, int)'> (0x0000000605ce7848) 
thrown [s\open\src\hotspot\share\interpreter\linkResolver.cpp, line 804]
Event: 1.896 Thread 0x000001a9068388b0 Exception <a 'java/lang/NoSuchMethodError'{0x000000060581f470}: 'int java.lang.invoke.DirectMethodHandle$Holder.invokeVirtual(java.lang.Object, java.lang.Object, java.lang.Object, java.lang.Object)'> (0x000000060581f470) 
thrown [s\open\src\hotspot\share\interpreter\linkResolver.cpp, line 804]
Event: 1.916 Thread 0x000001a9068388b0 Exception <a 'java/io/IOException'{0x00000006058ec730}> (0x00000006058ec730) 
thrown [s\open\src\hotspot\share\prims\jni.cpp, line 516]
Event: 1.917 Thread 0x000001a9068388b0 Exception <a 'java/io/IOException'{0x00000006058ece50}> (0x00000006058ece50) 
thrown [s\open\src\hotspot\share\prims\jni.cpp, line 516]
Event: 1.917 Thread 0x000001a9068388b0 Exception <a 'java/io/IOException'{0x00000006058ed560}> (0x00000006058ed560) 
thrown [s\open\src\hotspot\share\prims\jni.cpp, line 516]
Event: 1.967 Thread 0x000001a9068388b0 Exception <a 'java/io/IOException'{0x0000000605987c18}> (0x0000000605987c18) 
thrown [s\open\src\hotspot\share\prims\jni.cpp, line 516]
Event: 1.968 Thread 0x000001a9068388b0 Exception <a 'java/io/IOException'{0x000000060598b5f8}> (0x000000060598b5f8) 
thrown [s\open\src\hotspot\share\prims\jni.cpp, line 516]
Event: 1.989 Thread 0x000001a9068388b0 Exception <a 'java/io/FileNotFoundException'{0x0000000605a03c50}> (0x0000000605a03c50) 
thrown [s\open\src\hotspot\share\prims\jni.cpp, line 516]
Event: 2.029 Thread 0x000001a9068388b0 Exception <a 'java/lang/NoSuchMethodError'{0x000000060552cba8}: 'int java.lang.invoke.DirectMethodHandle$Holder.invokeInterface(java.lang.Object, java.lang.Object, java.lang.Object, java.lang.Object)'> (0x000000060552cba8) 
thrown [s\open\src\hotspot\share\interpreter\linkResolver.cpp, line 804]
Event: 2.083 Thread 0x000001a9068388b0 Exception <a 'java/lang/NoSuchMethodError'{0x000000060572feb0}: 'long java.lang.invoke.DirectMethodHandle$Holder.invokeVirtual(java.lang.Object, java.lang.Object)'> (0x000000060572feb0) 
thrown [s\open\src\hotspot\share\interpreter\linkResolver.cpp, line 804]
Event: 2.191 Thread 0x000001a9068388b0 Exception <a 'java/lang/NoSuchMethodError'{0x0000000624186cc0}: 'java.lang.Object java.lang.invoke.DirectMethodHandle$Holder.newInvokeSpecial(java.lang.Object, java.lang.Object, java.lang.Object, java.lang.Object, java.lang.Object, java.lang.Object, java.lang.Object, java.lang.Object, java.lang.Object, java.lang.Object, java.lang.Object)'> (0x0000000624186cc0) 
thrown [s\open\src\hotspot\share\interpreter\linkResolver.cpp, line 804]
Event: 2.195 Thread 0x000001a9068388b0 Exception <a 'java/lang/NoSuchMethodError'{0x00000006241ca128}: 'java.lang.Object java.lang.invoke.DirectMethodHandle$Holder.invokeStatic(java.lang.Object, java.lang.Object, java.lang.Object, java.lang.Object, java.lang.Object, java.lang.Object, java.lang.Object, java.lang.Object, java.lang.Object)'> (0x00000006241ca128) 
thrown [s\open\src\hotspot\share\interpreter\linkResolver.cpp, line 804]
Event: 2.284 Thread 0x000001a9068388b0 Exception <a 'java/lang/NoSuchMethodError'{0x0000000620b49648}: 'void java.lang.invoke.DelegatingMethodHandle$Holder.reinvoke_L(java.lang.Object, java.lang.Object, java.lang.Object, java.lang.Object, int, java.lang.Object, java.lang.Object, java.lang.Object)'> (0x0000000620b49648) 
thrown [s\open\src\hotspot\share\interpreter\linkResolver.cpp, line 804]
Event: 2.287 Thread 0x000001a9068388b0 Exception <a 'java/lang/NoSuchMethodError'{0x0000000620b9d580}: 'java.lang.Object java.lang.invoke.DirectMethodHandle$Holder.invokeStatic(java.lang.Object, java.lang.Object, java.lang.Object, java.lang.Object, java.lang.Object, java.lang.Object, java.lang.Object, java.lang.Object, java.lang.Object, java.lang.Object)'> (0x0000000620b9d580) 
thrown [s\open\src\hotspot\share\interpreter\linkResolver.cpp, line 804]
Event: 2.860 Thread 0x000001a9068388b0 Exception <a 'java/lang/NoSuchMethodError'{0x00000007ffca2568}: 'int java.lang.invoke.DirectMethodHandle$Holder.invokeStatic(java.lang.Object)'> (0x00000007ffca2568) 
thrown [s\open\src\hotspot\share\interpreter\linkResolver.cpp, line 804]

VM Operations (20 events):
Event: 1.981 Executing non-safepoint VM operation: HandshakeAllThreads (Deoptimize) done
Event: 2.057 Executing non-safepoint VM operation: HandshakeAllThreads (Deoptimize)
Event: 2.057 Executing non-safepoint VM operation: HandshakeAllThreads (Deoptimize) done
Event: 2.058 Executing non-safepoint VM operation: HandshakeAllThreads (Deoptimize)
Event: 2.058 Executing non-safepoint VM operation: HandshakeAllThreads (Deoptimize) done
Event: 2.090 Executing non-safepoint VM operation: HandshakeAllThreads (Deoptimize)
Event: 2.090 Executing non-safepoint VM operation: HandshakeAllThreads (Deoptimize) done
Event: 2.111 Executing non-safepoint VM operation: HandshakeAllThreads (Deoptimize)
Event: 2.111 Executing non-safepoint VM operation: HandshakeAllThreads (Deoptimize) done
Event: 2.152 Executing safepoint VM operation: G1CollectForAllocation (G1 Evacuation Pause)
Event: 2.168 Executing safepoint VM operation: G1CollectForAllocation (G1 Evacuation Pause) done
Event: 2.352 Executing non-safepoint VM operation: HandshakeAllThreads (Deoptimize)
Event: 2.352 Executing non-safepoint VM operation: HandshakeAllThreads (Deoptimize) done
Event: 2.353 Executing non-safepoint VM operation: HandshakeAllThreads (Deoptimize)
Event: 2.353 Executing non-safepoint VM operation: HandshakeAllThreads (Deoptimize) done
Event: 2.789 Executing safepoint VM operation: CollectForMetadataAllocation (Metadata GC Threshold)
Event: 2.806 Executing safepoint VM operation: CollectForMetadataAllocation (Metadata GC Threshold) done
Event: 2.836 Executing safepoint VM operation: CollectForMetadataAllocation (Metadata GC Threshold)
Event: 2.842 Executing safepoint VM operation: CollectForMetadataAllocation (Metadata GC Threshold) done
Event: 2.865 Executing safepoint VM operation: G1PauseRemark

Memory protections (0 events):
No events

Nmethod flushes (0 events):
No events

Events (20 events):
Event: 0.050 Thread 0x000001a9068388b0 Thread added: 0x000001a92a85f060
Event: 0.050 Thread 0x000001a9068388b0 Thread added: 0x000001a92a85fac0
Event: 0.051 Thread 0x000001a9068388b0 Thread added: 0x000001a92a865e50
Event: 0.051 Thread 0x000001a9068388b0 Thread added: 0x000001a92a866dc0
Event: 0.051 Thread 0x000001a9068388b0 Thread added: 0x000001a92a870ad0
Event: 0.051 Thread 0x000001a9068388b0 Thread added: 0x000001a92a893910
Event: 0.051 Thread 0x000001a9068388b0 Thread added: 0x000001a92d130dc0
Event: 0.051 Thread 0x000001a9068388b0 Thread added: 0x000001a92d134a80
Event: 0.096 Thread 0x000001a9068388b0 Thread added: 0x000001a92d1e02d0
Event: 0.098 Thread 0x000001a9068388b0 Thread added: 0x000001a92d1ea7e0
Event: 0.136 Thread 0x000001a92d130dc0 Thread added: 0x000001a92d132a40
Event: 0.563 Thread 0x000001a9068388b0 Thread added: 0x000001a9324b7230
Event: 0.771 Thread 0x000001a92d134a80 Thread added: 0x000001a92d136ac0
Event: 0.825 Thread 0x000001a9068388b0 Thread added: 0x000001a9327df440
Event: 0.840 Thread 0x000001a9327df440 Thread exited: 0x000001a9327df440
Event: 0.960 Thread 0x000001a9324b7230 Thread exited: 0x000001a9324b7230
Event: 2.096 Thread 0x000001a9068388b0 Thread added: 0x000001a9329015a0
Event: 2.097 Thread 0x000001a9329015a0 Thread added: 0x000001a934a4bbe0
Event: 2.102 Thread 0x000001a9068388b0 Thread added: 0x000001a934a4c3a0
Event: 2.136 Thread 0x000001a9068388b0 Thread added: 0x000001a9345454f0


Dynamic libraries:
0x00007ff689d00000 - 0x00007ff689d10000 	C:\Program Files\Java\jdk-25.0.2\bin\javaw.exe
0x00007ffd6e1a0000 - 0x00007ffd6e408000 	C:\WINDOWS\SYSTEM32\ntdll.dll
0x00007ffd6d3d0000 - 0x00007ffd6d499000 	C:\WINDOWS\System32\KERNEL32.DLL
0x00007ffd6ad70000 - 0x00007ffd6b161000 	C:\WINDOWS\System32\KERNELBASE.dll
0x00007ffd6b360000 - 0x00007ffd6b4ab000 	C:\WINDOWS\System32\ucrtbase.dll
0x00007ffd4c5e0000 - 0x00007ffd4c5fe000 	C:\Program Files\Java\jdk-25.0.2\bin\VCRUNTIME140.dll
0x00007ffd57d30000 - 0x00007ffd57d47000 	C:\Program Files\Java\jdk-25.0.2\bin\jli.dll
0x00007ffd6d8f0000 - 0x00007ffd6dab6000 	C:\WINDOWS\System32\USER32.dll
0x00007ffd69c80000 - 0x00007ffd69f13000 	C:\WINDOWS\WinSxS\amd64_microsoft.windows.common-controls_6595b64144ccf1df_6.0.26100.7705_none_3e06597ae3363b04\COMCTL32.dll
0x00007ffd6b540000 - 0x00007ffd6b567000 	C:\WINDOWS\System32\win32u.dll
0x00007ffd6d4a0000 - 0x00007ffd6d549000 	C:\WINDOWS\System32\msvcrt.dll
0x00007ffd6dac0000 - 0x00007ffd6daeb000 	C:\WINDOWS\System32\GDI32.dll
0x00007ffd6b170000 - 0x00007ffd6b29b000 	C:\WINDOWS\System32\gdi32full.dll
0x00007ffd6b570000 - 0x00007ffd6b613000 	C:\WINDOWS\System32\msvcp_win.dll
0x00007ffd6d740000 - 0x00007ffd6d771000 	C:\WINDOWS\System32\IMM32.DLL
0x00007ffd4c5d0000 - 0x00007ffd4c5dc000 	C:\Program Files\Java\jdk-25.0.2\bin\vcruntime140_1.dll
0x00007ffd34630000 - 0x00007ffd346bd000 	C:\Program Files\Java\jdk-25.0.2\bin\msvcp140.dll
0x00007ffcaadd0000 - 0x00007ffcabc2f000 	C:\Program Files\Java\jdk-25.0.2\bin\server\jvm.dll
0x00007ffd6daf0000 - 0x00007ffd6dba4000 	C:\WINDOWS\System32\ADVAPI32.dll
0x00007ffd6d320000 - 0x00007ffd6d3c6000 	C:\WINDOWS\System32\sechost.dll
0x00007ffd6dcb0000 - 0x00007ffd6ddc8000 	C:\WINDOWS\System32\RPCRT4.dll
0x00007ffd6d640000 - 0x00007ffd6d6b4000 	C:\WINDOWS\System32\WS2_32.dll
0x00007ffd5e710000 - 0x00007ffd5e745000 	C:\WINDOWS\SYSTEM32\WINMM.dll
0x00007ffd6a8e0000 - 0x00007ffd6a93e000 	C:\WINDOWS\SYSTEM32\POWRPROF.dll
0x00007ffd60dd0000 - 0x00007ffd60ddb000 	C:\WINDOWS\SYSTEM32\VERSION.dll
0x00007ffd6a8c0000 - 0x00007ffd6a8d4000 	C:\WINDOWS\SYSTEM32\UMPDC.dll
0x00007ffd68f00000 - 0x00007ffd68f1b000 	C:\WINDOWS\SYSTEM32\kernel.appcore.dll
0x00007ffd4c5c0000 - 0x00007ffd4c5ca000 	C:\Program Files\Java\jdk-25.0.2\bin\jimage.dll
0x00007ffd6a230000 - 0x00007ffd6a472000 	C:\WINDOWS\SYSTEM32\DBGHELP.DLL
0x00007ffd6ddd0000 - 0x00007ffd6e156000 	C:\WINDOWS\System32\combase.dll
0x00007ffd6d560000 - 0x00007ffd6d637000 	C:\WINDOWS\System32\OLEAUT32.dll
0x00007ffd6a120000 - 0x00007ffd6a15b000 	C:\WINDOWS\SYSTEM32\dbgcore.DLL
0x00007ffd6b620000 - 0x00007ffd6b6c5000 	C:\WINDOWS\System32\bcryptPrimitives.dll
0x00007ffd4c560000 - 0x00007ffd4c57f000 	C:\Program Files\Java\jdk-25.0.2\bin\java.dll
0x00007ffd6c680000 - 0x00007ffd6c817000 	C:\WINDOWS\System32\ole32.dll
0x00007ffd6ca00000 - 0x00007ffd6d151000 	C:\WINDOWS\System32\SHELL32.dll
0x00007ffd6ac00000 - 0x00007ffd6ad6a000 	C:\WINDOWS\System32\wintypes.dll
0x00007ffd6b6d0000 - 0x00007ffd6bf32000 	C:\WINDOWS\System32\windows.storage.dll
0x00007ffd6bf40000 - 0x00007ffd6c036000 	C:\WINDOWS\System32\SHCORE.dll
0x00007ffd6c610000 - 0x00007ffd6c677000 	C:\WINDOWS\System32\shlwapi.dll
0x00007ffd6a9a0000 - 0x00007ffd6a9c9000 	C:\WINDOWS\SYSTEM32\profapi.dll
0x00007ffd4c540000 - 0x00007ffd4c552000 	C:\Program Files\Java\jdk-25.0.2\bin\net.dll
0x00007ffd69420000 - 0x00007ffd6948b000 	C:\WINDOWS\system32\mswsock.dll
0x00007ffd4c520000 - 0x00007ffd4c536000 	C:\Program Files\Java\jdk-25.0.2\bin\nio.dll
0x00007ffd34610000 - 0x00007ffd34627000 	C:\Program Files\Java\jdk-25.0.2\bin\zip.dll
0x00007ffd4c5b0000 - 0x00007ffd4c5be000 	C:\Program Files\Java\jdk-25.0.2\bin\sunmscapi.dll
0x00007ffd6aa80000 - 0x00007ffd6abf7000 	C:\WINDOWS\System32\CRYPT32.dll
0x00007ffd69b40000 - 0x00007ffd69b70000 	C:\WINDOWS\SYSTEM32\ncrypt.dll
0x00007ffd69af0000 - 0x00007ffd69b2f000 	C:\WINDOWS\SYSTEM32\NTASN1.dll
0x00007ffd6a5a0000 - 0x00007ffd6a5bb000 	C:\WINDOWS\SYSTEM32\CRYPTSP.dll
0x00007ffd69490000 - 0x00007ffd694c9000 	C:\WINDOWS\system32\rsaenh.dll
0x00007ffd69510000 - 0x00007ffd6953b000 	C:\WINDOWS\SYSTEM32\USERENV.dll
0x00007ffd6a970000 - 0x00007ffd6a99a000 	C:\WINDOWS\SYSTEM32\bcrypt.dll
0x00007ffd699e0000 - 0x00007ffd699ec000 	C:\WINDOWS\SYSTEM32\CRYPTBASE.dll
0x00007ffd68a10000 - 0x00007ffd68a44000 	C:\WINDOWS\SYSTEM32\IPHLPAPI.DLL
0x00007ffd6d240000 - 0x00007ffd6d24a000 	C:\WINDOWS\System32\NSI.dll
0x00007ffd344c0000 - 0x00007ffd344ca000 	C:\Program Files\Java\jdk-25.0.2\bin\management.dll
0x00007ffd344b0000 - 0x00007ffd344bc000 	C:\Program Files\Java\jdk-25.0.2\bin\management_ext.dll
0x00007ffd6d550000 - 0x00007ffd6d558000 	C:\WINDOWS\System32\PSAPI.DLL
0x00007ffd344a0000 - 0x00007ffd344b0000 	C:\Program Files\Java\jdk-25.0.2\bin\verify.dll

JVMTI agents: none

dbghelp: loaded successfully - version: 4.0.5 - missing functions: none
symbol engine: initialized successfully - sym options: 0x614 - pdb path: .;C:\Program Files\Java\jdk-25.0.2\bin;C:\WINDOWS\SYSTEM32;C:\WINDOWS\WinSxS\amd64_microsoft.windows.common-controls_6595b64144ccf1df_6.0.26100.7705_none_3e06597ae3363b04;C:\Program Files\Java\jdk-25.0.2\bin\server

VM Arguments:
jvm_args: -Dfile.encoding=UTF-8 -Dstdout.encoding=UTF-8 -Dstderr.encoding=UTF-8 -XX:+ShowCodeDetailsInExceptionMessages 
java_command: com.example.eventmanagement.EventManagementBackendApplication
java_class_path (initial): C:\Users\LENOVO\Documents\workspace-spring-tools-for-eclipse-5.0.1.RELEASE\event-management-backend\target\classes;C:\Users\LENOVO\.m2\repository\org\springframework\boot\spring-boot-starter-web\3.2.2\spring-boot-starter-web-3.2.2.jar;C:\Users\LENOVO\.m2\repository\org\springframework\boot\spring-boot-starter\3.2.2\spring-boot-starter-3.2.2.jar;C:\Users\LENOVO\.m2\repository\org\springframework\boot\spring-boot\3.2.2\spring-boot-3.2.2.jar;C:\Users\LENOVO\.m2\repository\org\springframework\boot\spring-boot-autoconfigure\3.2.2\spring-boot-autoconfigure-3.2.2.jar;C:\Users\LENOVO\.m2\repository\org\springframework\boot\spring-boot-starter-logging\3.2.2\spring-boot-starter-logging-3.2.2.jar;C:\Users\LENOVO\.m2\repository\ch\qos\logback\logback-classic\1.4.14\logback-classic-1.4.14.jar;C:\Users\LENOVO\.m2\repository\ch\qos\logback\logback-core\1.4.14\logback-core-1.4.14.jar;C:\Users\LENOVO\.m2\repository\org\apache\logging\log4j\log4j-to-slf4j\2.21.1\log4j-to-slf4j-2.21.1.jar;C:\Users\LENOVO\.m2\repository\org\apache\logging\log4j\log4j-api\2.21.1\log4j-api-2.21.1.jar;C:\Users\LENOVO\.m2\repository\org\slf4j\jul-to-slf4j\2.0.11\jul-to-slf4j-2.0.11.jar;C:\Users\LENOVO\.m2\repository\jakarta\annotation\jakarta.annotation-api\2.1.1\jakarta.annotation-api-2.1.1.jar;C:\Users\LENOVO\.m2\repository\org\yaml\snakeyaml\2.2\snakeyaml-2.2.jar;C:\Users\LENOVO\.m2\repository\org\springframework\boot\spring-boot-starter-json\3.2.2\spring-boot-starter-json-3.2.2.jar;C:\Users\LENOVO\.m2\repository\com\fasterxml\jackson\core\jackson-databind\2.15.3\jackson-databind-2.15.3.jar;C:\Users\LENOVO\.m2\repository\com\fasterxml\jackson\core\jackson-annotations\2.15.3\jackson-annotations-2.15.3.jar;C:\Users\LENOVO\.m2\repository\com\fasterxml\jackson\core\jackson-core\2.15.3\jackson-core-2.15.3.jar;C:\Users\LENOVO\.m2\repository\com\fasterxml\jackson\datatype\jackson-datatype-jdk8\2.15.3\jackson-datatype-jdk8-2.15.3.jar;C:\Users\LENOVO\.m2\repository\com\fasterxml\jackson\datatype\jackson-datatype-jsr310\2.15.3\jackson-datatype-jsr310-2.15.3.jar;C:\Users\LENOVO\.m2\repository\com\fasterxml\jackson\module\jackson-module-parameter-names\2.15.3\jackson-module-parameter-names-2.15.3.jar;C:\Users\LENOVO\.m2\repository\org\springframework\boot\spring-boot-starter-tomcat\3.2.2\spring-boot-starter-tomcat-3.2.2.jar;C:\Users\LENOVO\.m2\repository\org\apache\tomcat\embed\tomcat-embed-core\10.1.18\tomcat-embed-core-10.1.18.jar;C:\Users\LENOVO\.m2\repository\org\apache\tomcat\embed\tomcat-embed-websocket\10.1.18\tomcat-embed-websocket-10.1.18.jar;C:\Users\LENOVO\.m2\repository\org\springframework\spring-web\6.1.3\spring-web-6.1.3.jar;C:\Users\LENOVO\.m2\repository\org\springframework\spring-beans\6.1.3\spring-beans-6.1.3.jar;C:\Users\LENOVO\.m2\repository\io\micrometer\micrometer-observation\1.12.2\micrometer-observation-1.12.2.jar;C:\Users\LENOVO\.m2\repository\io\micrometer\micrometer-commons\1.12.2\micrometer-commons-1.12.2.jar;C:\Users\LENOVO\.m2\repository\org\springframework\spring-webmvc\6.1.3\spring-webmvc-6.1.3.jar;C:\Users\LENOVO\.m2\repository\org\springframework\spring-aop\6.1.3\spring-aop-6.1.3.jar;C:\Users\LENOVO\.m2\repository\org\springframework\spring-context\6.1.3\spring-context-6.1.3.jar;C:\Users\LENOVO\.m2\repository\org\springframework\spring-expression\6.1.3\spring-expression-6.1.3.jar;C:\Users\LENOVO\.m2\repository\jakarta\xml\bind\jakarta.xml.bind-api\4.0.1\jakarta.xml.bind-api-4.0.1.jar;C:\Users\LENOVO\.m2\repository\jakarta\activation\jakarta.activation-api\2.1.2\jakarta.activation-api-2.1.2.jar;C:\Users\LENOVO\.m2\repository\net\bytebuddy\byte-buddy\1.14.11\byte-buddy-1.14.11.jar;C:\Users\LENOVO\.m2\repository\org\springframework\spring-core\6.1.3\spring-core-6.1.3.jar;C:\Users\LENOVO\.m2\repository\org\springframework\spring-jcl\6.1.3\spring-jcl-6.1.3.jar;C:\Users\LENOVO\.m2\repository\org\springframework\boot\spring-boot-starter-data-jpa\3.2.2\spring-boot-starter-data-jpa-3.2.2.jar;C:\Users\LENOVO\.m2\repository\org\springframework\boot\spring-boot-starter-aop\3.2.2\spring-boot-starter-aop-3.2.2.jar;C:\Users\LENOVO\.m2\repository\org\aspectj\aspectjweaver\1.9.21\aspectjweaver-1.9.21.jar;C:\Users\LENOVO\.m2\repository\org\springframework\boot\spring-boot-starter-jdbc\3.2.2\spring-boot-starter-jdbc-3.2.2.jar;C:\Users\LENOVO\.m2\repository\com\zaxxer\HikariCP\5.0.1\HikariCP-5.0.1.jar;C:\Users\LENOVO\.m2\repository\org\springframework\spring-jdbc\6.1.3\spring-jdbc-6.1.3.jar;C:\Users\LENOVO\.m2\repository\org\hibernate\orm\hibernate-core\6.4.1.Final\hibernate-core-6.4.1.Final.jar;C:\Users\LENOVO\.m2\repository\jakarta\persistence\jakarta.persistence-api\3.1.0\jakarta.persistence-api-3.1.0.jar;C:\Users\LENOVO\.m2\repository\jakarta\transaction\jakarta.transaction-api\2.0.1\jakarta.transaction-api-2.0.1.jar;C:\Users\LENOVO\.m2\repository\org\jboss\logging\jboss-logging\3.5.3.Final\jboss-logging-3.5.3.Final.jar;C:\Users\LENOVO\.m2\repository\org\hibernate\common\hibernate-commons-annotations\6.0.6.Final\hibernate-commons-annotations-6.0.6.Final.jar;C:\Users\LENOVO\.m2\repository\io\smallrye\jandex\3.1.2\jandex-3.1.2.jar;C:\Users\LENOVO\.m2\repository\com\fasterxml\classmate\1.6.0\classmate-1.6.0.jar;C:\Users\LENOVO\.m2\repository\org\glassfish\jaxb\jaxb-runtime\4.0.4\jaxb-runtime-4.0.4.jar;C:\Users\LENOVO\.m2\repository\org\glassfish\jaxb\jaxb-core\4.0.4\jaxb-core-4.0.4.jar;C:\Users\LENOVO\.m2\repository\org\glassfish\jaxb\txw2\4.0.4\txw2-4.0.4.jar;C:\Users\LENOVO\.m2\repository\com\sun\istack\istack-commons-runtime\4.1.2\istack-commons-runtime-4.1.2.jar;C:\Users\LENOVO\.m2\repository\jakarta\inject\jakarta.inject-api\2.0.1\jakarta.inject-api-2.0.1.jar;C:\Users\LENOVO\.m2\repository\org\antlr\antlr4-runtime\4.13.0\antlr4-runtime-4.13.0.jar;C:\Users\LENOVO\.m2\repository\org\springframework\data\spring-data-jpa\3.2.2\spring-data-jpa-3.2.2.jar;C:\Users\LENOVO\.m2\repository\org\springframework\data\spring-data-commons\3.2.2\spring-data-commons-3.2.2.jar;C:\Users\LENOVO\.m2\repository\org\springframework\spring-orm\6.1.3\spring-orm-6.1.3.jar;C:\Users\LENOVO\.m2\repository\org\springframework\spring-tx\6.1.3\spring-tx-6.1.3.jar;C:\Users\LENOVO\.m2\repository\org\springframework\spring-aspects\6.1.3\spring-aspects-6.1.3.jar;C:\Users\LENOVO\.m2\repository\com\h2database\h2\2.2.224\h2-2.2.224.jar;C:\Users\LENOVO\.m2\repository\com\mysql\mysql-connector-j\8.1.0\mysql-connector-j-8.1.0.jar;C:\Users\LENOVO\.m2\repository\org\projectlombok\lombok\1.18.30\lombok-1.18.30.jar;C:\Users\LENOVO\.m2\repository\com\itextpdf\kernel\7.2.5\kernel-7.2.5.jar;C:\Users\LENOVO\.m2\repository\com\itextpdf\io\7.2.5\io-7.2.5.jar;C:\Users\LENOVO\.m2\repository\com\itextpdf\commons\7.2.5\commons-7.2.5.jar;C:\Users\LENOVO\.m2\repository\org\bouncycastle\bcpkix-jdk15on\1.70\bcpkix-jdk15on-1.70.jar;C:\Users\LENOVO\.m2\repository\org\bouncycastle\bcutil-jdk15on\1.70\bcutil-jdk15on-1.70.jar;C:\Users\LENOVO\.m2\repository\org\bouncycastle\bcprov-jdk15on\1.70\bcprov-jdk15on-1.70.jar;C:\Users\LENOVO\.m2\repository\org\slf4j\slf4j-api\2.0.11\slf4j-api-2.0.11.jar;C:\Users\LENOVO\.m2\repository\com\itextpdf\layout\7.2.5\layout-7.2.5.jar;C:\Users\LENOVO\.m2\repository\com\google\zxing\core\3.5.0\core-3.5.0.jar;C:\Users\LENOVO\.m2\repository\com\google\zxing\javase\3.5.0\javase-3.5.0.jar;C:\Users\LENOVO\.m2\repository\com\beust\jcommander\1.82\jcommander-1.82.jar;C:\Users\LENOVO\.m2\repository\com\github\jai-imageio\jai-imageio-core\1.4.0\jai-imageio-core-1.4.0.jar;C:\Users\LENOVO\.m2\repository\org\springframework\boot\spring-boot-starter-mail\3.2.2\spring-boot-starter-mail-3.2.2.jar;C:\Users\LENOVO\.m2\repository\org\springframework\spring-context-support\6.1.3\spring-context-support-6.1.3.jar;C:\Users\LENOVO\.m2\repository\org\eclipse\angus\jakarta.mail\2.0.2\jakarta.mail-2.0.2.jar;C:\Users\LENOVO\.m2\repository\org\eclipse\angus\angus-activation\2.0.1\angus-activation-2.0.1.jar;C:\Users\LENOVO\.m2\repository\org\springframework\boot\spring-boot-starter-validation\3.2.2\spring-boot-starter-validation-3.2.2.jar;C:\Users\LENOVO\.m2\repository\org\apache\tomcat\embed\tomcat-embed-el\10.1.18\tomcat-embed-el-10.1.18.jar;C:\Users\LENOVO\.m2\repository\org\hibernate\validator\hibernate-validator\8.0.1.Final\hibernate-validator-8.0.1.Final.jar;C:\Users\LENOVO\.m2\repository\jakarta\validation\jakarta.validation-api\3.0.2\jakarta.validation-api-3.0.2.jar
Launcher Type: SUN_STANDARD

[Global flags]
     intx CICompilerCount                          = 4                                         {product} {ergonomic}
     uint ConcGCThreads                            = 2                                         {product} {ergonomic}
     uint G1ConcRefinementThreads                  = 8                                         {product} {ergonomic}
   size_t G1HeapRegionSize                         = 4194304                                   {product} {ergonomic}
   size_t InitialHeapSize                          = 532676608                                 {product} {ergonomic}
   size_t MarkStackSize                            = 4194304                                   {product} {ergonomic}
   size_t MarkStackSizeMax                         = 536870912                                 {product} {ergonomic}
   size_t MaxHeapSize                              = 8514437120                                {product} {ergonomic}
   size_t MaxNewSize                               = 5108662272                                {product} {ergonomic}
   size_t MinHeapDeltaBytes                        = 4194304                                   {product} {ergonomic}
   size_t MinHeapSize                              = 8388608                                   {product} {ergonomic}
    uintx NonNMethodCodeHeapSize                   = 5832704                                {pd product} {ergonomic}
    uintx NonProfiledCodeHeapSize                  = 122945536                              {pd product} {ergonomic}
    uintx ProfiledCodeHeapSize                     = 122880000                              {pd product} {ergonomic}
    uintx ReservedCodeCacheSize                    = 251658240                              {pd product} {ergonomic}
     bool SegmentedCodeCache                       = true                                      {product} {ergonomic}
     bool ShowCodeDetailsInExceptionMessages       = true                                   {manageable} {command line}
   size_t SoftMaxHeapSize                          = 8514437120                             {manageable} {ergonomic}
     bool UseCompressedOops                        = true                           {product lp64_product} {ergonomic}
     bool UseG1GC                                  = true                                      {product} {ergonomic}
     bool UseLargePagesIndividualAllocation        = false                                  {pd product} {ergonomic}

Logging:
Log output configuration:
 #0: stdout all=warning uptime,level,tags foldmultilines=false
 #1: stderr all=off uptime,level,tags foldmultilines=false

Release file:
IMPLEMENTOR="Oracle Corporation" 
JAVA_RUNTIME_VERSION="25.0.2+10-LTS-69" 
JAVA_VERSION="25.0.2" 
JAVA_VERSION_DATE="2026-01-20" 
LIBC="default" 
MODULES="java.base java.compiler java.datatransfer java.xml java.prefs java.desktop java.instrument java.logging java.management java.security.sasl java.naming java.rmi java.management.rmi java.net.http java.scripting java.security.jgss java.transaction.xa java.sql java.sql.rowset java.xml.crypto java.se java.smartcardio jdk.accessibility jdk.internal.jvmstat jdk.attach jdk.charsets jdk.internal.opt jdk.zipfs jdk.compiler jdk.crypto.cryptoki jdk.crypto.ec jdk.crypto.mscapi jdk.dynalink jdk.internal.ed jdk.editpad jdk.internal.vm.ci jdk.graal.compiler jdk.graal.compiler.management jdk.hotspot.agent jdk.httpserver jdk.incubator.vector jdk.internal.le jdk.internal.md jdk.jartool jdk.javadoc jdk.jcmd jdk.management jdk.management.agent jdk.jconsole jdk.jdeps jdk.jdwp.agent jdk.jdi jdk.jfr jdk.jlink jdk.jpackage jdk.jshell jdk.jsobject jdk.jstatd jdk.localedata jdk.management.jfr jdk.naming.dns jdk.naming.rmi jdk.net jdk.nio.mapmode jdk.sctp jdk.security.auth jdk.security.jgss jdk.unsupported jdk.unsupported.desktop jdk.xml.dom" 
OS_ARCH="x86_64" 
OS_NAME="Windows" 
SOURCE=".:git:b75efb40c93a open:git:405a5699ebd0" 

Environment Variables:
PATH=C:/Users/LENOVO/Documents/sts/sts-5.0.1.RELEASE//plugins/org.eclipse.justj.openjdk.hotspot.jre.full.win32.x86_64_25.0.1.v20251108-1451/jre/bin/server;C:/Users/LENOVO/Documents/sts/sts-5.0.1.RELEASE//plugins/org.eclipse.justj.openjdk.hotspot.jre.full.win32.x86_64_25.0.1.v20251108-1451/jre/bin;C:\Program Files\Common Files\Oracle\Java\javapath;C:\WINDOWS\system32;C:\WINDOWS;C:\WINDOWS\System32\Wbem;C:\WINDOWS\System32\WindowsPowerShell\v1.0\;C:\WINDOWS\System32\OpenSSH\;C:\Program Files\nodejs\;C:\Program Files\MySQL\MySQL Shell 8.0\bin\;C:\Users\LENOVO\AppData\Local\Microsoft\WindowsApps;C:\Users\LENOVO\AppData\Local\Programs\Microsoft VS Code\bin;C:\Users\LENOVO\AppData\Roaming\npm;C:\Program Files\Java\jdk-25.0.2\bin;;C:\Users\LENOVO\Documents\sts\sts-5.0.1.RELEASE;
USERNAME=LENOVO
OS=Windows_NT
PROCESSOR_IDENTIFIER=Intel64 Family 6 Model 140 Stepping 1, GenuineIntel
TMP=C:\Users\LENOVO\AppData\Local\Temp
TEMP=C:\Users\LENOVO\AppData\Local\Temp




Compilation memory statistics disabled.

Periodic native trim disabled

---------------  S Y S T E M  ---------------

OS:
 Windows 11 , 64 bit Build 26100 (10.0.26100.7705)
OS uptime: 0 days 0:26 hours

CPU: total 8 (initial active 8) (4 cores per cpu, 2 threads per core) family 6 model 140 stepping 1 microcode 0xbc, cx8, cmov, fxsr, ht, mmx, 3dnowpref, sse, sse2, sse3, ssse3, sse4.1, sse4.2, popcnt, lzcnt, tsc, tscinvbit, avx, avx2, aes, erms, clmul, bmi1, bmi2, adx, avx512f, avx512dq, avx512cd, avx512bw, avx512vl, sha, fma, vzeroupper, avx512_vpopcntdq, avx512_vpclmulqdq, avx512_vaes, avx512_vnni, clflush, clflushopt, clwb, avx512_vbmi2, avx512_vbmi, rdtscp, rdpid, fsrm, gfni, avx512_bitalg, f16c, pku, cet_ibt, cet_ss, avx512_ifma
Processor Information for the first 8 processors :
  Max Mhz: 2995, Current Mhz: 1198, Mhz Limit: 1198

Memory: 4k page, system-wide physical 32471M (20052M free)
TotalPageFile size 34519M (AvailPageFile size 21358M)
current process WorkingSet (physical memory assigned to process): 257M, peak: 257M
current process commit charge ("private bytes"): 301M, peak: 685M

vm_info: Java HotSpot(TM) 64-Bit Server VM (25.0.2+10-LTS-69) for windows-amd64 JRE (25.0.2+10-LTS-69), built on 2025-12-18T11:36:35Z with MS VC++ 17.13 (VS2022)

END.
