#
# A fatal error has been detected by the Java Runtime Environment:
#
#  EXCEPTION_ACCESS_VIOLATION (0xc0000005) at pc=0x00007ffcab5a0062, pid=15708, tid=8884
#
# JRE version: Java(TM) SE Runtime Environment (25.0.2+10) (build 25.0.2+10-LTS-69)
# Java VM: Java HotSpot(TM) 64-Bit Server VM (25.0.2+10-LTS-69, mixed mode, sharing, tiered, compressed oops, compressed class ptrs, g1 gc, windows-amd64)
# Problematic frame:
# V  [jvm.dll+0x7d0062]
#
# No core dump will be written. Minidumps are not enabled by default on client versions of Windows
#
# If you would like to submit a bug report, please visit:
#   https://bugreport.java.com/bugreport/crash.jsp
#

---------------  S U M M A R Y ------------

Command Line: -Dfile.encoding=UTF-8 -Dstdout.encoding=UTF-8 -Dstderr.encoding=UTF-8 -XX:+ShowCodeDetailsInExceptionMessages com.example.eventmanagement.EventManagementBackendApplication

Host: 11th Gen Intel(R) Core(TM) i7-1185G7 @ 3.00GHz, 8 cores, 31G,  Windows 11 , 64 bit Build 26100 (10.0.26100.7705)
Time: Tue Feb 10 14:35:38 2026 India Standard Time elapsed time: 1.470614 seconds (0d 0h 0m 1s)

---------------  T H R E A D  ---------------

Current thread (0x0000014f9d013ac0):  JavaThread "C2 CompilerThread0" daemon [_thread_in_native, id=8884, stack(0x00000012d1a00000,0x00000012d1b00000) (1024K)]


Current CompileTask:
C2:1470 2059   !   4       java.net.URL::<init> (523 bytes)

Stack: [0x00000012d1a00000,0x00000012d1b00000],  sp=0x00000012d1afc1a0,  free space=1008k
Native frames: (J=compiled Java code, j=interpreted, Vv=VM code, C=native code)
V  [jvm.dll+0x7d0062]  (no source info available)
V  [jvm.dll+0x7d0d86]  (no source info available)
V  [jvm.dll+0x7ce499]  (no source info available)
V  [jvm.dll+0x2c2370]  (no source info available)
V  [jvm.dll+0x2bfa65]  (no source info available)
V  [jvm.dll+0x2379a0]  (no source info available)
V  [jvm.dll+0x2cfc86]  (no source info available)
V  [jvm.dll+0x2cdf05]  (no source info available)
V  [jvm.dll+0x48e9d1]  (no source info available)
V  [jvm.dll+0x906fcd]  (no source info available)
V  [jvm.dll+0x7a56d5]  (no source info available)
C  [ucrtbase.dll+0x37b0]  (no source info available)
C  [KERNEL32.DLL+0x2e8d7]  (no source info available)
C  [ntdll.dll+0x8c40c]  (no source info available)


siginfo: EXCEPTION_ACCESS_VIOLATION (0xc0000005), reading address 0x0000100000000028


Registers:
RAX=0x0000100000000000, RBX=0x0000014f9dbf44e8, RCX=0x0000000000000010, RDX=0x000000000000002b
RSP=0x00000012d1afc1a0, RBP=0x00000012d1afc2d0, RSI=0x00000012d1afcee0, RDI=0x00000012d1afc238
R8 =0x00000000000084a0, R9 =0x0000014f9e4b3ac8, R10=0x0000000000002f6c, R11=0x0000014f9d1ff238
R12=0x00000012d1afcee0, R13=0x0000014f9d899648, R14=0x0000014f9deabd68, R15=0x0000014f9d1ff1f0
RIP=0x00007ffcab5a0062, EFLAGS=0x0000000000010212

XMM[0]=0x0000000000000000 0x0000000000000000
XMM[1]=0x0000014f9d8998e0 0x0000014f9d89a8a8
XMM[2]=0x0000014f9da68e18 0x0000014f9da68698
XMM[3]=0x0000014f9d92d0e0 0x0000014f9dc91018
XMM[4]=0x0000014f9ded9cf8 0x0000014f9d3bfc28
XMM[5]=0x0000014f9d8991f8 0x0000014f9d8971e0
XMM[6]=0x0000000000000000 0x0000000000000000
XMM[7]=0x0000000000000000 0x0000000000000000
XMM[8]=0x0000000000000000 0x0000000000000000
XMM[9]=0x0000000000000000 0x0000000000000000
XMM[10]=0x0000000000000000 0x0000000000000000
XMM[11]=0x0000000000000000 0x0000000000000000
XMM[12]=0x0000000000000000 0x0000000000000000
XMM[13]=0x0000000000000000 0x0000000000000000
XMM[14]=0x0000000000000000 0x0000000000000000
XMM[15]=0x0000000000000000 0x0000000000000000
  MXCSR=0x00001fa0


Register to memory mapping:

RAX=0x0000100000000000 is an unknown value
RBX=0x0000014f9dbf44e8 points into unknown readable memory: 0x00000012d1afe6b0 | b0 e6 af d1 12 00 00 00
RCX=0x0000000000000010 is an unknown value
RDX=0x000000000000002b is an unknown value
RSP=0x00000012d1afc1a0 is pointing into the stack for thread: 0x0000014f9d013ac0
RBP=0x00000012d1afc2d0 is pointing into the stack for thread: 0x0000014f9d013ac0
RSI=0x00000012d1afcee0 is pointing into the stack for thread: 0x0000014f9d013ac0
RDI=0x00000012d1afc238 is pointing into the stack for thread: 0x0000014f9d013ac0
R8 =0x00000000000084a0 is an unknown value
R9 =0x0000014f9e4b3ac8 points into unknown readable memory: 0x0000000000000000 | 00 00 00 00 00 00 00 00
R10=0x0000000000002f6c is an unknown value
R11=0x0000014f9d1ff238 points into unknown readable memory: 0x00007ffcab7e25c0 | c0 25 7e ab fc 7f 00 00
R12=0x00000012d1afcee0 is pointing into the stack for thread: 0x0000014f9d013ac0
R13=0x0000014f9d899648 points into unknown readable memory: 0x00007ffcab7e25c0 | c0 25 7e ab fc 7f 00 00
R14=0x0000014f9deabd68 points into unknown readable memory: 0x0000014f9d899648 | 48 96 89 9d 4f 01 00 00
R15=0x0000014f9d1ff1f0 points into unknown readable memory: 0x00007ffcab884b10 | 10 4b 88 ab fc 7f 00 00

Top of Stack: (sp=0x00000012d1afc1a0)
0x00000012d1afc1a0:   0000014f9dd21168 0000014f9d0a7d18   h...O....}..O...
0x00000012d1afc1b0:   0000014f9d1ff1f0 0000014f9deabd68   ....O...h...O...
0x00000012d1afc1c0:   0000000000000001 00007ffcab5a0d86   ..........Z.....
0x00000012d1afc1d0:   0000000000000000 0000000000000846   ........F.......
0x00000012d1afc1e0:   0000000000000001 0000000000000846   ........F.......
0x00000012d1afc1f0:   0000084600000000 0000014f9deabd68   ....F...h...O...
0x00000012d1afc200:   0000000000000000 00007ffcabb338e0   .........8......
0x00000012d1afc210:   0000014ffe9e91d0 0000014f00002000   ....O.... ..O...
0x00000012d1afc220:   0000014f9e513b88 00007ffcab59e32d   .;Q.O...-.Y.....
0x00000012d1afc230:   000000000000107f 0000010000000100   ................
0x00000012d1afc240:   0000014f9dde8098 0000014ffe9e91d0   ....O.......O...
0x00000012d1afc250:   0000014ffe9e91d0 0000001200000000   ....O...........
0x00000012d1afc260:   0000014ffe9e91d0 0000000000002000   ....O.... ......
0x00000012d1afc270:   0000014f9e562768 0000000000000000   h'V.O...........
0x00000012d1afc280:   0000000000000000 0000014f9d17a0f0   ............O...
0x00000012d1afc290:   00000012d1afc260 00007ffc00000800   `...............
0x00000012d1afc2a0:   0000014f9deabd68 0000014f9dea80a0   h...O.......O...
0x00000012d1afc2b0:   0000000000058270 0000014f9deabd48   p.......H...O...
0x00000012d1afc2c0:   0000014f9deb0090 00000012d1afc260   ....O...`.......
0x00000012d1afc2d0:   0000014f9e51d9d8 0000014ffe9e91d0   ..Q.O.......O...
0x00000012d1afc2e0:   0000014f9d1ff168 0000014f9dc99490   h...O.......O...
0x00000012d1afc2f0:   0000014ff3c89930 00000012d1afe580   0...O...........
0x00000012d1afc300:   00000012d1afe603 00000012d1afcee0   ................
0x00000012d1afc310:   00000012d1afc450 00007ffcab59e499   P.........Y.....
0x00000012d1afc320:   0000014f9d899648 0000014f9d1ff168   H...O...h...O...
0x00000012d1afc330:   0000014f9d032568 0000014ffe9e91d0   h%..O.......O...
0x00000012d1afc340:   00000012d1afe580 00007ffcab092370   ........p#......
0x00000012d1afc350:   00000012d1afe580 00000012d1afc450   ........P.......
0x00000012d1afc360:   00000012d1afe603 0000014ff3c89930   ........0...O...
0x00000012d1afc370:   0000000000000000 0000000000000000   ................
0x00000012d1afc380:   0000000000000000 0000000000000000   ................
0x00000012d1afc390:   0000014f9d000001 0000000000000000   ....O...........

Instructions: (pc=0x00007ffcab5a0062)
  0x00007ffcab59ff62:   89 41 20 eb 13 45 33 c0 ba 08 00 00 00 49 8b c9
  0x00007ffcab59ff72:   e8 c9 1d 94 ff 48 8b c8 48 89 4e 10 4c 89 29 44
  0x00007ffcab59ff82:   8b 7e 08 8d 53 01 85 d2 74 04 85 d3 74 0c 0f bd
  0x00007ffcab59ff92:   ca ba 01 00 00 00 ff c1 d3 e2 48 8b 0e 4a 8d 3c
  0x00007ffcab59ffa2:   fd 00 00 00 00 44 8b ca 4c 8b c7 89 56 08 48 8b
  0x00007ffcab59ffb2:   56 10 49 c1 e1 03 44 89 6c 24 20 e8 8e 18 94 ff
  0x00007ffcab59ffc2:   44 8b 46 08 33 d2 45 2b c7 48 89 46 10 49 c1 e0
  0x00007ffcab59ffd2:   03 48 8d 0c 07 e8 16 8d 21 00 48 8b 46 10 4c 89
  0x00007ffcab59ffe2:   24 e8 49 8b 46 28 ff c3 3b 58 08 0f 82 1d ff ff
  0x00007ffcab59fff2:   ff 4c 8b 7c 24 30 4c 8b 64 24 38 48 8b 7c 24 70
  0x00007ffcab5a0002:   48 8b 74 24 68 48 8b 6c 24 60 48 83 c4 40 41 5e
  0x00007ffcab5a0012:   41 5d 5b c3 cc cc cc cc cc cc cc cc cc cc 48 89
  0x00007ffcab5a0022:   5c 24 08 48 89 74 24 10 57 48 83 ec 20 48 8b 59
  0x00007ffcab5a0032:   20 48 8b fa 48 8b f1 8b 43 08 4c 8b 5b 20 85 c0
  0x00007ffcab5a0042:   74 49 45 33 c0 44 8b d0 66 0f 1f 44 00 00 4c 8b
  0x00007ffcab5a0052:   4b 18 4b 8b 04 01 48 85 c0 74 26 49 3b c3 74 21
=>0x00007ffcab5a0062:   8b 48 28 8b c1 c1 e8 05 3b 07 73 11 8b d0 83 e1
  0x00007ffcab5a0072:   1f 48 8b 47 08 8b 04 90 0f a3 c8 72 04 4f 89 1c
  0x00007ffcab5a0082:   01 49 83 c0 08 49 83 ea 01 75 c3 48 8d 4e 30 33
  0x00007ffcab5a0092:   d2 41 b8 48 04 00 00 e8 54 8c 21 00 48 8d 8e 78
  0x00007ffcab5a00a2:   04 00 00 33 d2 41 b8 48 04 00 00 e8 40 8c 21 00
  0x00007ffcab5a00b2:   48 8d 8e c0 08 00 00 33 d2 41 b8 a0 00 00 00 48
  0x00007ffcab5a00c2:   8b 5c 24 30 48 8b 74 24 38 48 83 c4 20 5f e9 1d
  0x00007ffcab5a00d2:   8c 21 00 cc cc cc cc cc cc cc cc cc cc cc 40 53
  0x00007ffcab5a00e2:   41 55 41 57 48 83 ec 40 4c 8b e9 48 8b da 48 8b
  0x00007ffcab5a00f2:   49 10 48 89 4c 24 70 45 8b 7d 20 49 ff cf 4e 8d
  0x00007ffcab5a0102:   3c f9 4c 89 7c 24 60 4c 3b f9 0f 82 de 01 00 00
  0x00007ffcab5a0112:   8b 15 e4 77 5d 00 65 48 8b 04 25 58 00 00 00 48
  0x00007ffcab5a0122:   89 6c 24 68 48 89 74 24 38 48 89 7c 24 30 4c 89
  0x00007ffcab5a0132:   64 24 28 4c 8d 24 d0 4c 89 74 24 20 66 90 49 8b
  0x00007ffcab5a0142:   3f 33 ed 33 f6 44 8b 47 1c 45 85 c0 0f 84 6c 01
  0x00007ffcab5a0152:   00 00 41 bf 48 00 00 00 66 0f 1f 44 00 00 4c 8b


Stack slot to memory mapping:

stack at sp + 0 slots: 0x0000014f9dd21168 points into unknown readable memory: 0x00007ffcab86e930 | 30 e9 86 ab fc 7f 00 00
stack at sp + 1 slots: 0x0000014f9d0a7d18 points into unknown readable memory: 0x00007ffcab937e00 | 00 7e 93 ab fc 7f 00 00
stack at sp + 2 slots: 0x0000014f9d1ff1f0 points into unknown readable memory: 0x00007ffcab884b10 | 10 4b 88 ab fc 7f 00 00
stack at sp + 3 slots: 0x0000014f9deabd68 points into unknown readable memory: 0x0000014f9d899648 | 48 96 89 9d 4f 01 00 00
stack at sp + 4 slots: 0x0000000000000001 is an unknown value
stack at sp + 5 slots: 0x00007ffcab5a0d86 jvm.dll
stack at sp + 6 slots: 0x0 is null
stack at sp + 7 slots: 0x0000000000000846 is an unknown value

Lock stack of current Java thread (top to bottom):


---------------  P R O C E S S  ---------------

Threads class SMR info:
_java_thread_list=0x0000014f9e938430, length=14, elements={
0x0000014ff1a4adc0, 0x0000014ffe9ee450, 0x0000014f9d000080, 0x0000014f9d0064e0,
0x0000014f9d0070a0, 0x0000014f9d00fc70, 0x0000014f9d012840, 0x0000014f9d013ac0,
0x0000014f9d032fd0, 0x0000014f9d0f72c0, 0x0000014f9d0fd7c0, 0x0000014f9d1eabe0,
0x0000014f9e080040, 0x0000014f9e34da70
}

Java Threads: ( => current thread )
  0x0000014ff1a4adc0 JavaThread "main"                              [_thread_in_Java, id=3492, stack(0x00000012d0c00000,0x00000012d0d00000) (1024K)]
  0x0000014ffe9ee450 JavaThread "Reference Handler"          daemon [_thread_blocked, id=15548, stack(0x00000012d1400000,0x00000012d1500000) (1024K)]
  0x0000014f9d000080 JavaThread "Finalizer"                  daemon [_thread_blocked, id=1840, stack(0x00000012d1500000,0x00000012d1600000) (1024K)]
  0x0000014f9d0064e0 JavaThread "Signal Dispatcher"          daemon [_thread_blocked, id=18656, stack(0x00000012d1600000,0x00000012d1700000) (1024K)]
  0x0000014f9d0070a0 JavaThread "Attach Listener"            daemon [_thread_blocked, id=4980, stack(0x00000012d1700000,0x00000012d1800000) (1024K)]
  0x0000014f9d00fc70 JavaThread "Service Thread"             daemon [_thread_blocked, id=17340, stack(0x00000012d1800000,0x00000012d1900000) (1024K)]
  0x0000014f9d012840 JavaThread "Monitor Deflation Thread"   daemon [_thread_blocked, id=6536, stack(0x00000012d1900000,0x00000012d1a00000) (1024K)]
=>0x0000014f9d013ac0 JavaThread "C2 CompilerThread0"         daemon [_thread_in_native, id=8884, stack(0x00000012d1a00000,0x00000012d1b00000) (1024K)]
  0x0000014f9d032fd0 JavaThread "C1 CompilerThread0"         daemon [_thread_blocked, id=2200, stack(0x00000012d1b00000,0x00000012d1c00000) (1024K)]
  0x0000014f9d0f72c0 JavaThread "Notification Thread"        daemon [_thread_blocked, id=18028, stack(0x00000012d1c00000,0x00000012d1d00000) (1024K)]
  0x0000014f9d0fd7c0 JavaThread "Common-Cleaner"             daemon [_thread_blocked, id=5948, stack(0x00000012d1d00000,0x00000012d1e00000) (1024K)]
  0x0000014f9d1eabe0 JavaThread "C2 CompilerThread1"         daemon [_thread_in_native, id=4612, stack(0x00000012d1e00000,0x00000012d1f00000) (1024K)]
  0x0000014f9e080040 JavaThread "background-preinit"                [_thread_in_vm, id=15640, stack(0x00000012d1f00000,0x00000012d2000000) (1024K)]
  0x0000014f9e34da70 JavaThread "C2 CompilerThread2"         daemon [_thread_in_native, id=8080, stack(0x00000012d2700000,0x00000012d2800000) (1024K)]
Total: 14

Other Threads:
  0x0000014ffe9dad70 VMThread "VM Thread"                           [id=16468, stack(0x00000012d1300000,0x00000012d1400000) (1024K)]
  0x0000014ffe9cc940 WatcherThread "VM Periodic Task Thread"        [id=7804, stack(0x00000012d1200000,0x00000012d1300000) (1024K)]
  0x0000014ff3d21fd0 WorkerThread "GC Thread#0"                     [id=13812, stack(0x00000012d0d00000,0x00000012d0e00000) (1024K)]
  0x0000014f9e045300 WorkerThread "GC Thread#1"                     [id=2356, stack(0x00000012d2000000,0x00000012d2100000) (1024K)]
  0x0000014f9e046ce0 WorkerThread "GC Thread#2"                     [id=10304, stack(0x00000012d2100000,0x00000012d2200000) (1024K)]
  0x0000014f9e045750 WorkerThread "GC Thread#3"                     [id=16760, stack(0x00000012d2200000,0x00000012d2300000) (1024K)]
  0x0000014f9e044eb0 WorkerThread "GC Thread#4"                     [id=17960, stack(0x00000012d2300000,0x00000012d2400000) (1024K)]
  0x0000014f9e046890 WorkerThread "GC Thread#5"                     [id=18860, stack(0x00000012d2400000,0x00000012d2500000) (1024K)]
  0x0000014f9e045ba0 WorkerThread "GC Thread#6"                     [id=18168, stack(0x00000012d2500000,0x00000012d2600000) (1024K)]
  0x0000014f9e044610 WorkerThread "GC Thread#7"                     [id=8272, stack(0x00000012d2600000,0x00000012d2700000) (1024K)]
  0x0000014ffe83e010 ConcurrentGCThread "G1 Main Marker"            [id=7572, stack(0x00000012d0e00000,0x00000012d0f00000) (1024K)]
  0x0000014ffe83ebb0 WorkerThread "G1 Conc#0"                       [id=5284, stack(0x00000012d0f00000,0x00000012d1000000) (1024K)]
  0x0000014ffe893b40 ConcurrentGCThread "G1 Refine#0"               [id=1708, stack(0x00000012d1000000,0x00000012d1100000) (1024K)]
  0x0000014ffe896760 ConcurrentGCThread "G1 Service"                [id=12396, stack(0x00000012d1100000,0x00000012d1200000) (1024K)]
Total: 14

Threads with active compile tasks:
C2 CompilerThread0  1570 2059   !   4       java.net.URL::<init> (523 bytes)
C1 CompilerThread0  1570 2299       3       java.util.TimSort::countRunAndMakeAscending (128 bytes)
C2 CompilerThread1  1570 2296 %     4       java.io.WinNTFileSystem::normalize @ 27 (148 bytes)
C2 CompilerThread2  1570 2278 %     4       java.util.Properties::load0 @ 29 (249 bytes)
Total: 4

VM state: not at safepoint (normal execution)

VM Mutex/Monitor currently owned by a thread: None

Heap address: 0x0000000604800000, size: 8120 MB, Compressed Oops mode: Zero based, Oop shift amount: 3

CDS archive(s) mapped at: [0x0000000021000000-0x0000000021dd0000-0x0000000021dd0000), size 14483456, SharedBaseAddress: 0x0000000021000000, ArchiveRelocationMode: 1.
Compressed class space mapped at: 0x0000000022000000-0x0000000062000000, reserved size: 1073741824
UseCompressedClassPointers 1, UseCompactObjectHeaders 0
Narrow klass pointer bits 32, Max shift 3
Narrow klass base: 0x0000000021000000, Narrow klass shift: 0
Encoding Range: [0x0000000021000000 - 0x0000000121000000), (4294967296 bytes)
Klass Range:    [0x0000000021010000 - 0x0000000062000000), (1090453504 bytes)
Klass ID Range:  [65536 - 1090519033) (1090453497)
Protection zone: [0x0000000021000000 - 0x0000000021010000), (65536 bytes)

GC Precious Log:
 CardTable entry size: 512
 Card Set container configuration: InlinePtr #cards 4 size 8 Array Of Cards #cards 32 size 80 Howl #buckets 8 coarsen threshold 7372 Howl Bitmap #cards 1024 size 144 coarsen threshold 921 Card regions per heap region 1 cards per card region 8192
 CPUs: 8 total, 8 available
 Memory: 32471M
 Large Page Support: Disabled
 NUMA Support: Disabled
 Compressed Oops: Enabled (Zero based)
 Heap Region Size: 4M
 Heap Min Capacity: 8M
 Heap Initial Capacity: 508M
 Heap Max Capacity: 8120M
 Pre-touch: Disabled
 Parallel Workers: 8
 Concurrent Workers: 2
 Concurrent Refinement Workers: 8
 Periodic GC: Disabled

Heap:
 garbage-first heap   total reserved 8314880K, committed 524288K, used 35030K [0x0000000604800000, 0x0000000800000000)
  region size 4096K, 9 young (36864K), 2 survivors (8192K)

Heap Regions: E=young(eden), S=young(survivor), O=old, HS=humongous(starts), HC=humongous(continues), CS=collection set, F=free, TAMS=top-at-mark-start, PB=parsable bottom
|   0|0x0000000604800000, 0x00000006049101c0, 0x0000000604c00000| 26%| O|  |TAMS 0x0000000604800000| PB 0x0000000604800000| Untracked |  0
|   1|0x0000000604c00000, 0x0000000604c00000, 0x0000000605000000|  0%| F|  |TAMS 0x0000000604c00000| PB 0x0000000604c00000| Untracked |  0
|   2|0x0000000605000000, 0x0000000605000000, 0x0000000605400000|  0%| F|  |TAMS 0x0000000605000000| PB 0x0000000605000000| Untracked |  0
|   3|0x0000000605400000, 0x0000000605400000, 0x0000000605800000|  0%| F|  |TAMS 0x0000000605400000| PB 0x0000000605400000| Untracked |  0
|   4|0x0000000605800000, 0x0000000605800000, 0x0000000605c00000|  0%| F|  |TAMS 0x0000000605800000| PB 0x0000000605800000| Untracked |  0
|   5|0x0000000605c00000, 0x0000000605c00000, 0x0000000606000000|  0%| F|  |TAMS 0x0000000605c00000| PB 0x0000000605c00000| Untracked |  0
|   6|0x0000000606000000, 0x0000000606000000, 0x0000000606400000|  0%| F|  |TAMS 0x0000000606000000| PB 0x0000000606000000| Untracked |  0
|   7|0x0000000606400000, 0x0000000606400000, 0x0000000606800000|  0%| F|  |TAMS 0x0000000606400000| PB 0x0000000606400000| Untracked |  0
|   8|0x0000000606800000, 0x0000000606800000, 0x0000000606c00000|  0%| F|  |TAMS 0x0000000606800000| PB 0x0000000606800000| Untracked |  0
|   9|0x0000000606c00000, 0x0000000606c00000, 0x0000000607000000|  0%| F|  |TAMS 0x0000000606c00000| PB 0x0000000606c00000| Untracked |  0
|  10|0x0000000607000000, 0x0000000607000000, 0x0000000607400000|  0%| F|  |TAMS 0x0000000607000000| PB 0x0000000607000000| Untracked |  0
|  11|0x0000000607400000, 0x0000000607400000, 0x0000000607800000|  0%| F|  |TAMS 0x0000000607400000| PB 0x0000000607400000| Untracked |  0
|  12|0x0000000607800000, 0x0000000607800000, 0x0000000607c00000|  0%| F|  |TAMS 0x0000000607800000| PB 0x0000000607800000| Untracked |  0
|  13|0x0000000607c00000, 0x0000000607c00000, 0x0000000608000000|  0%| F|  |TAMS 0x0000000607c00000| PB 0x0000000607c00000| Untracked |  0
|  14|0x0000000608000000, 0x0000000608000000, 0x0000000608400000|  0%| F|  |TAMS 0x0000000608000000| PB 0x0000000608000000| Untracked |  0
|  15|0x0000000608400000, 0x0000000608400000, 0x0000000608800000|  0%| F|  |TAMS 0x0000000608400000| PB 0x0000000608400000| Untracked |  0
|  16|0x0000000608800000, 0x0000000608800000, 0x0000000608c00000|  0%| F|  |TAMS 0x0000000608800000| PB 0x0000000608800000| Untracked |  0
|  17|0x0000000608c00000, 0x0000000608c00000, 0x0000000609000000|  0%| F|  |TAMS 0x0000000608c00000| PB 0x0000000608c00000| Untracked |  0
|  18|0x0000000609000000, 0x0000000609000000, 0x0000000609400000|  0%| F|  |TAMS 0x0000000609000000| PB 0x0000000609000000| Untracked |  0
|  19|0x0000000609400000, 0x0000000609400000, 0x0000000609800000|  0%| F|  |TAMS 0x0000000609400000| PB 0x0000000609400000| Untracked |  0
|  20|0x0000000609800000, 0x0000000609800000, 0x0000000609c00000|  0%| F|  |TAMS 0x0000000609800000| PB 0x0000000609800000| Untracked |  0
|  21|0x0000000609c00000, 0x0000000609c00000, 0x000000060a000000|  0%| F|  |TAMS 0x0000000609c00000| PB 0x0000000609c00000| Untracked |  0
|  22|0x000000060a000000, 0x000000060a000000, 0x000000060a400000|  0%| F|  |TAMS 0x000000060a000000| PB 0x000000060a000000| Untracked |  0
|  23|0x000000060a400000, 0x000000060a400000, 0x000000060a800000|  0%| F|  |TAMS 0x000000060a400000| PB 0x000000060a400000| Untracked |  0
|  24|0x000000060a800000, 0x000000060a800000, 0x000000060ac00000|  0%| F|  |TAMS 0x000000060a800000| PB 0x000000060a800000| Untracked |  0
|  25|0x000000060ac00000, 0x000000060ac00000, 0x000000060b000000|  0%| F|  |TAMS 0x000000060ac00000| PB 0x000000060ac00000| Untracked |  0
|  26|0x000000060b000000, 0x000000060b000000, 0x000000060b400000|  0%| F|  |TAMS 0x000000060b000000| PB 0x000000060b000000| Untracked |  0
|  27|0x000000060b400000, 0x000000060b400000, 0x000000060b800000|  0%| F|  |TAMS 0x000000060b400000| PB 0x000000060b400000| Untracked |  0
|  28|0x000000060b800000, 0x000000060b800000, 0x000000060bc00000|  0%| F|  |TAMS 0x000000060b800000| PB 0x000000060b800000| Untracked |  0
|  29|0x000000060bc00000, 0x000000060bc00000, 0x000000060c000000|  0%| F|  |TAMS 0x000000060bc00000| PB 0x000000060bc00000| Untracked |  0
|  30|0x000000060c000000, 0x000000060c000000, 0x000000060c400000|  0%| F|  |TAMS 0x000000060c000000| PB 0x000000060c000000| Untracked |  0
|  31|0x000000060c400000, 0x000000060c400000, 0x000000060c800000|  0%| F|  |TAMS 0x000000060c400000| PB 0x000000060c400000| Untracked |  0
|  32|0x000000060c800000, 0x000000060c800000, 0x000000060cc00000|  0%| F|  |TAMS 0x000000060c800000| PB 0x000000060c800000| Untracked |  0
|  33|0x000000060cc00000, 0x000000060cc00000, 0x000000060d000000|  0%| F|  |TAMS 0x000000060cc00000| PB 0x000000060cc00000| Untracked |  0
|  34|0x000000060d000000, 0x000000060d000000, 0x000000060d400000|  0%| F|  |TAMS 0x000000060d000000| PB 0x000000060d000000| Untracked |  0
|  35|0x000000060d400000, 0x000000060d400000, 0x000000060d800000|  0%| F|  |TAMS 0x000000060d400000| PB 0x000000060d400000| Untracked |  0
|  36|0x000000060d800000, 0x000000060d800000, 0x000000060dc00000|  0%| F|  |TAMS 0x000000060d800000| PB 0x000000060d800000| Untracked |  0
|  37|0x000000060dc00000, 0x000000060dc00000, 0x000000060e000000|  0%| F|  |TAMS 0x000000060dc00000| PB 0x000000060dc00000| Untracked |  0
|  38|0x000000060e000000, 0x000000060e000000, 0x000000060e400000|  0%| F|  |TAMS 0x000000060e000000| PB 0x000000060e000000| Untracked |  0
|  39|0x000000060e400000, 0x000000060e400000, 0x000000060e800000|  0%| F|  |TAMS 0x000000060e400000| PB 0x000000060e400000| Untracked |  0
|  40|0x000000060e800000, 0x000000060e800000, 0x000000060ec00000|  0%| F|  |TAMS 0x000000060e800000| PB 0x000000060e800000| Untracked |  0
|  41|0x000000060ec00000, 0x000000060ec00000, 0x000000060f000000|  0%| F|  |TAMS 0x000000060ec00000| PB 0x000000060ec00000| Untracked |  0
|  42|0x000000060f000000, 0x000000060f000000, 0x000000060f400000|  0%| F|  |TAMS 0x000000060f000000| PB 0x000000060f000000| Untracked |  0
|  43|0x000000060f400000, 0x000000060f400000, 0x000000060f800000|  0%| F|  |TAMS 0x000000060f400000| PB 0x000000060f400000| Untracked |  0
|  44|0x000000060f800000, 0x000000060f800000, 0x000000060fc00000|  0%| F|  |TAMS 0x000000060f800000| PB 0x000000060f800000| Untracked |  0
|  45|0x000000060fc00000, 0x000000060fc00000, 0x0000000610000000|  0%| F|  |TAMS 0x000000060fc00000| PB 0x000000060fc00000| Untracked |  0
|  46|0x0000000610000000, 0x0000000610000000, 0x0000000610400000|  0%| F|  |TAMS 0x0000000610000000| PB 0x0000000610000000| Untracked |  0
|  47|0x0000000610400000, 0x0000000610400000, 0x0000000610800000|  0%| F|  |TAMS 0x0000000610400000| PB 0x0000000610400000| Untracked |  0
|  48|0x0000000610800000, 0x0000000610800000, 0x0000000610c00000|  0%| F|  |TAMS 0x0000000610800000| PB 0x0000000610800000| Untracked |  0
|  49|0x0000000610c00000, 0x0000000610c00000, 0x0000000611000000|  0%| F|  |TAMS 0x0000000610c00000| PB 0x0000000610c00000| Untracked |  0
|  50|0x0000000611000000, 0x0000000611000000, 0x0000000611400000|  0%| F|  |TAMS 0x0000000611000000| PB 0x0000000611000000| Untracked |  0
|  51|0x0000000611400000, 0x0000000611400000, 0x0000000611800000|  0%| F|  |TAMS 0x0000000611400000| PB 0x0000000611400000| Untracked |  0
|  52|0x0000000611800000, 0x0000000611800000, 0x0000000611c00000|  0%| F|  |TAMS 0x0000000611800000| PB 0x0000000611800000| Untracked |  0
|  53|0x0000000611c00000, 0x0000000611c00000, 0x0000000612000000|  0%| F|  |TAMS 0x0000000611c00000| PB 0x0000000611c00000| Untracked |  0
|  54|0x0000000612000000, 0x0000000612000000, 0x0000000612400000|  0%| F|  |TAMS 0x0000000612000000| PB 0x0000000612000000| Untracked |  0
|  55|0x0000000612400000, 0x0000000612400000, 0x0000000612800000|  0%| F|  |TAMS 0x0000000612400000| PB 0x0000000612400000| Untracked |  0
|  56|0x0000000612800000, 0x0000000612800000, 0x0000000612c00000|  0%| F|  |TAMS 0x0000000612800000| PB 0x0000000612800000| Untracked |  0
|  57|0x0000000612c00000, 0x0000000612c00000, 0x0000000613000000|  0%| F|  |TAMS 0x0000000612c00000| PB 0x0000000612c00000| Untracked |  0
|  58|0x0000000613000000, 0x0000000613000000, 0x0000000613400000|  0%| F|  |TAMS 0x0000000613000000| PB 0x0000000613000000| Untracked |  0
|  59|0x0000000613400000, 0x0000000613400000, 0x0000000613800000|  0%| F|  |TAMS 0x0000000613400000| PB 0x0000000613400000| Untracked |  0
|  60|0x0000000613800000, 0x0000000613800000, 0x0000000613c00000|  0%| F|  |TAMS 0x0000000613800000| PB 0x0000000613800000| Untracked |  0
|  61|0x0000000613c00000, 0x0000000613c00000, 0x0000000614000000|  0%| F|  |TAMS 0x0000000613c00000| PB 0x0000000613c00000| Untracked |  0
|  62|0x0000000614000000, 0x0000000614000000, 0x0000000614400000|  0%| F|  |TAMS 0x0000000614000000| PB 0x0000000614000000| Untracked |  0
|  63|0x0000000614400000, 0x0000000614400000, 0x0000000614800000|  0%| F|  |TAMS 0x0000000614400000| PB 0x0000000614400000| Untracked |  0
|  64|0x0000000614800000, 0x0000000614800000, 0x0000000614c00000|  0%| F|  |TAMS 0x0000000614800000| PB 0x0000000614800000| Untracked |  0
|  65|0x0000000614c00000, 0x0000000614c00000, 0x0000000615000000|  0%| F|  |TAMS 0x0000000614c00000| PB 0x0000000614c00000| Untracked |  0
|  66|0x0000000615000000, 0x0000000615000000, 0x0000000615400000|  0%| F|  |TAMS 0x0000000615000000| PB 0x0000000615000000| Untracked |  0
|  67|0x0000000615400000, 0x0000000615400000, 0x0000000615800000|  0%| F|  |TAMS 0x0000000615400000| PB 0x0000000615400000| Untracked |  0
|  68|0x0000000615800000, 0x0000000615800000, 0x0000000615c00000|  0%| F|  |TAMS 0x0000000615800000| PB 0x0000000615800000| Untracked |  0
|  69|0x0000000615c00000, 0x0000000615c00000, 0x0000000616000000|  0%| F|  |TAMS 0x0000000615c00000| PB 0x0000000615c00000| Untracked |  0
|  70|0x0000000616000000, 0x0000000616000000, 0x0000000616400000|  0%| F|  |TAMS 0x0000000616000000| PB 0x0000000616000000| Untracked |  0
|  71|0x0000000616400000, 0x0000000616400000, 0x0000000616800000|  0%| F|  |TAMS 0x0000000616400000| PB 0x0000000616400000| Untracked |  0
|  72|0x0000000616800000, 0x0000000616800000, 0x0000000616c00000|  0%| F|  |TAMS 0x0000000616800000| PB 0x0000000616800000| Untracked |  0
|  73|0x0000000616c00000, 0x0000000616c00000, 0x0000000617000000|  0%| F|  |TAMS 0x0000000616c00000| PB 0x0000000616c00000| Untracked |  0
|  74|0x0000000617000000, 0x0000000617000000, 0x0000000617400000|  0%| F|  |TAMS 0x0000000617000000| PB 0x0000000617000000| Untracked |  0
|  75|0x0000000617400000, 0x0000000617400000, 0x0000000617800000|  0%| F|  |TAMS 0x0000000617400000| PB 0x0000000617400000| Untracked |  0
|  76|0x0000000617800000, 0x0000000617800000, 0x0000000617c00000|  0%| F|  |TAMS 0x0000000617800000| PB 0x0000000617800000| Untracked |  0
|  77|0x0000000617c00000, 0x0000000617c00000, 0x0000000618000000|  0%| F|  |TAMS 0x0000000617c00000| PB 0x0000000617c00000| Untracked |  0
|  78|0x0000000618000000, 0x0000000618000000, 0x0000000618400000|  0%| F|  |TAMS 0x0000000618000000| PB 0x0000000618000000| Untracked |  0
|  79|0x0000000618400000, 0x0000000618400000, 0x0000000618800000|  0%| F|  |TAMS 0x0000000618400000| PB 0x0000000618400000| Untracked |  0
|  80|0x0000000618800000, 0x0000000618800000, 0x0000000618c00000|  0%| F|  |TAMS 0x0000000618800000| PB 0x0000000618800000| Untracked |  0
|  81|0x0000000618c00000, 0x0000000618c00000, 0x0000000619000000|  0%| F|  |TAMS 0x0000000618c00000| PB 0x0000000618c00000| Untracked |  0
|  82|0x0000000619000000, 0x0000000619000000, 0x0000000619400000|  0%| F|  |TAMS 0x0000000619000000| PB 0x0000000619000000| Untracked |  0
|  83|0x0000000619400000, 0x0000000619400000, 0x0000000619800000|  0%| F|  |TAMS 0x0000000619400000| PB 0x0000000619400000| Untracked |  0
|  84|0x0000000619800000, 0x0000000619800000, 0x0000000619c00000|  0%| F|  |TAMS 0x0000000619800000| PB 0x0000000619800000| Untracked |  0
|  85|0x0000000619c00000, 0x0000000619c00000, 0x000000061a000000|  0%| F|  |TAMS 0x0000000619c00000| PB 0x0000000619c00000| Untracked |  0
|  86|0x000000061a000000, 0x000000061a000000, 0x000000061a400000|  0%| F|  |TAMS 0x000000061a000000| PB 0x000000061a000000| Untracked |  0
|  87|0x000000061a400000, 0x000000061a400000, 0x000000061a800000|  0%| F|  |TAMS 0x000000061a400000| PB 0x000000061a400000| Untracked |  0
|  88|0x000000061a800000, 0x000000061a800000, 0x000000061ac00000|  0%| F|  |TAMS 0x000000061a800000| PB 0x000000061a800000| Untracked |  0
|  89|0x000000061ac00000, 0x000000061ac00000, 0x000000061b000000|  0%| F|  |TAMS 0x000000061ac00000| PB 0x000000061ac00000| Untracked |  0
|  90|0x000000061b000000, 0x000000061b000000, 0x000000061b400000|  0%| F|  |TAMS 0x000000061b000000| PB 0x000000061b000000| Untracked |  0
|  91|0x000000061b400000, 0x000000061b400000, 0x000000061b800000|  0%| F|  |TAMS 0x000000061b400000| PB 0x000000061b400000| Untracked |  0
|  92|0x000000061b800000, 0x000000061b800000, 0x000000061bc00000|  0%| F|  |TAMS 0x000000061b800000| PB 0x000000061b800000| Untracked |  0
|  93|0x000000061bc00000, 0x000000061bc00000, 0x000000061c000000|  0%| F|  |TAMS 0x000000061bc00000| PB 0x000000061bc00000| Untracked |  0
|  94|0x000000061c000000, 0x000000061c000000, 0x000000061c400000|  0%| F|  |TAMS 0x000000061c000000| PB 0x000000061c000000| Untracked |  0
|  95|0x000000061c400000, 0x000000061c400000, 0x000000061c800000|  0%| F|  |TAMS 0x000000061c400000| PB 0x000000061c400000| Untracked |  0
|  96|0x000000061c800000, 0x000000061c800000, 0x000000061cc00000|  0%| F|  |TAMS 0x000000061c800000| PB 0x000000061c800000| Untracked |  0
|  97|0x000000061cc00000, 0x000000061cc00000, 0x000000061d000000|  0%| F|  |TAMS 0x000000061cc00000| PB 0x000000061cc00000| Untracked |  0
|  98|0x000000061d000000, 0x000000061d000000, 0x000000061d400000|  0%| F|  |TAMS 0x000000061d000000| PB 0x000000061d000000| Untracked |  0
|  99|0x000000061d400000, 0x000000061d400000, 0x000000061d800000|  0%| F|  |TAMS 0x000000061d400000| PB 0x000000061d400000| Untracked |  0
| 100|0x000000061d800000, 0x000000061d800000, 0x000000061dc00000|  0%| F|  |TAMS 0x000000061d800000| PB 0x000000061d800000| Untracked |  0
| 101|0x000000061dc00000, 0x000000061dc00000, 0x000000061e000000|  0%| F|  |TAMS 0x000000061dc00000| PB 0x000000061dc00000| Untracked |  0
| 102|0x000000061e000000, 0x000000061e000000, 0x000000061e400000|  0%| F|  |TAMS 0x000000061e000000| PB 0x000000061e000000| Untracked |  0
| 103|0x000000061e400000, 0x000000061e400000, 0x000000061e800000|  0%| F|  |TAMS 0x000000061e400000| PB 0x000000061e400000| Untracked |  0
| 104|0x000000061e800000, 0x000000061e800000, 0x000000061ec00000|  0%| F|  |TAMS 0x000000061e800000| PB 0x000000061e800000| Untracked |  0
| 105|0x000000061ec00000, 0x000000061ec00000, 0x000000061f000000|  0%| F|  |TAMS 0x000000061ec00000| PB 0x000000061ec00000| Untracked |  0
| 106|0x000000061f000000, 0x000000061f000000, 0x000000061f400000|  0%| F|  |TAMS 0x000000061f000000| PB 0x000000061f000000| Untracked |  0
| 107|0x000000061f400000, 0x000000061f400000, 0x000000061f800000|  0%| F|  |TAMS 0x000000061f400000| PB 0x000000061f400000| Untracked |  0
| 108|0x000000061f800000, 0x000000061f800000, 0x000000061fc00000|  0%| F|  |TAMS 0x000000061f800000| PB 0x000000061f800000| Untracked |  0
| 109|0x000000061fc00000, 0x000000061fc00000, 0x0000000620000000|  0%| F|  |TAMS 0x000000061fc00000| PB 0x000000061fc00000| Untracked |  0
| 110|0x0000000620000000, 0x0000000620000000, 0x0000000620400000|  0%| F|  |TAMS 0x0000000620000000| PB 0x0000000620000000| Untracked |  0
| 111|0x0000000620400000, 0x0000000620400000, 0x0000000620800000|  0%| F|  |TAMS 0x0000000620400000| PB 0x0000000620400000| Untracked |  0
| 112|0x0000000620800000, 0x0000000620800000, 0x0000000620c00000|  0%| F|  |TAMS 0x0000000620800000| PB 0x0000000620800000| Untracked |  0
| 113|0x0000000620c00000, 0x0000000621000000, 0x0000000621000000|100%| S|CS|TAMS 0x0000000620c00000| PB 0x0000000620c00000| Complete |  0
| 114|0x0000000621000000, 0x0000000621400000, 0x0000000621400000|100%| S|CS|TAMS 0x0000000621000000| PB 0x0000000621000000| Complete |  0
| 115|0x0000000621400000, 0x0000000621400000, 0x0000000621800000|  0%| F|  |TAMS 0x0000000621400000| PB 0x0000000621400000| Untracked |  0
| 116|0x0000000621800000, 0x0000000621800000, 0x0000000621c00000|  0%| F|  |TAMS 0x0000000621800000| PB 0x0000000621800000| Untracked |  0
| 117|0x0000000621c00000, 0x0000000621c00000, 0x0000000622000000|  0%| F|  |TAMS 0x0000000621c00000| PB 0x0000000621c00000| Untracked |  0
| 118|0x0000000622000000, 0x0000000622000000, 0x0000000622400000|  0%| F|  |TAMS 0x0000000622000000| PB 0x0000000622000000| Untracked |  0
| 119|0x0000000622400000, 0x0000000622400000, 0x0000000622800000|  0%| F|  |TAMS 0x0000000622400000| PB 0x0000000622400000| Untracked |  0
| 120|0x0000000622800000, 0x000000062292ba58, 0x0000000622c00000| 29%| E|  |TAMS 0x0000000622800000| PB 0x0000000622800000| Complete |  0
| 121|0x0000000622c00000, 0x0000000623000000, 0x0000000623000000|100%| E|CS|TAMS 0x0000000622c00000| PB 0x0000000622c00000| Complete |  0
| 122|0x0000000623000000, 0x0000000623400000, 0x0000000623400000|100%| E|CS|TAMS 0x0000000623000000| PB 0x0000000623000000| Complete |  0
| 123|0x0000000623400000, 0x0000000623800000, 0x0000000623800000|100%| E|CS|TAMS 0x0000000623400000| PB 0x0000000623400000| Complete |  0
| 124|0x0000000623800000, 0x0000000623c00000, 0x0000000623c00000|100%| E|CS|TAMS 0x0000000623800000| PB 0x0000000623800000| Complete |  0
| 125|0x0000000623c00000, 0x0000000624000000, 0x0000000624000000|100%| E|CS|TAMS 0x0000000623c00000| PB 0x0000000623c00000| Complete |  0
| 126|0x0000000624000000, 0x0000000624400000, 0x0000000624400000|100%| E|CS|TAMS 0x0000000624000000| PB 0x0000000624000000| Complete |  0
|2029|0x00000007ffc00000, 0x00000007ffd257b8, 0x0000000800000000| 28%| O|  |TAMS 0x00000007ffc00000| PB 0x00000007ffc00000| Untracked |  0

Card table byte_map: [0x0000014ffd810000,0x0000014ffe7f0000] _byte_map_base: 0x0000014ffa7ec000

Marking Bits: (CMBitMap*) 0x0000014ff3d22760
 Bits: [0x0000014f8f000000, 0x0000014f96ee0000)

Polling page: 0x0000014ff3430000

Metaspace:
Metaspace        used 17917K, committed 18112K, reserved 1114112K
 class space     used 2333K, committed 2432K, reserved 1048576K

Usage:
  Non-class:     15.22 MB used.
      Class:      2.28 MB used.
       Both:     17.50 MB used.

Virtual space:
  Non-class space:       64.00 MB reserved,      15.31 MB ( 24%) committed,  1 nodes.
      Class space:        1.00 GB reserved,       2.38 MB ( <1%) committed,  1 nodes.
             Both:        1.06 GB reserved,      17.69 MB (  2%) committed. 

Chunk freelists:
   Non-Class:  528.00 KB
       Class:  13.56 MB
        Both:  14.08 MB

MaxMetaspaceSize: unlimited
CompressedClassSpaceSize: 1.00 GB
Initial GC threshold: 21.00 MB
Current GC threshold: 21.00 MB
CDS: on
 - commit_granule_bytes: 65536.
 - commit_granule_words: 8192.
 - virtual_space_node_default_size: 8388608.
 - enlarge_chunks_in_place: 1.
UseCompressedClassPointers 1, UseCompactObjectHeaders 0
Narrow klass pointer bits 32, Max shift 3
Narrow klass base: 0x0000000021000000, Narrow klass shift: 0
Encoding Range: [0x0000000021000000 - 0x0000000121000000), (4294967296 bytes)
Klass Range:    [0x0000000021010000 - 0x0000000062000000), (1090453504 bytes)
Klass ID Range:  [65536 - 1090519033) (1090453497)
Protection zone: [0x0000000021000000 - 0x0000000021010000), (65536 bytes)


Internal statistics:

num_allocs_failed_limit: 0.
num_arena_births: 142.
num_arena_deaths: 0.
num_vsnodes_births: 2.
num_vsnodes_deaths: 0.
num_space_committed: 283.
num_space_uncommitted: 0.
num_chunks_returned_to_freelist: 0.
num_chunks_taken_from_freelist: 720.
num_chunk_merges: 0.
num_chunk_splits: 531.
num_chunks_enlarged: 439.
num_inconsistent_stats: 0.

CodeHeap 'non-profiled nmethods': size=120064Kb used=690Kb max_used=690Kb free=119373Kb
 bounds [0x0000014f87ac0000, 0x0000014f87d30000, 0x0000014f8f000000]
CodeHeap 'profiled nmethods': size=120000Kb used=3410Kb max_used=3410Kb free=116589Kb
 bounds [0x0000014f80000000, 0x0000014f80360000, 0x0000014f87530000]
CodeHeap 'non-nmethods': size=5696Kb used=1523Kb max_used=1560Kb free=4173Kb
 bounds [0x0000014f87530000, 0x0000014f877a0000, 0x0000014f87ac0000]
CodeCache: size=245760Kb, used=5623Kb, max_used=5660Kb, free=240135Kb
 total_blobs=2827, nmethods=2303, adapters=427, full_count=0
Compilation: enabled, stopped_count=0, restarted_count=0

Compilation events (20 events):
Event: 1.429 Thread 0x0000014f9d032fd0 nmethod 2187 0x0000014f87b5e908 code [0x0000014f87b5ea00, 0x0000014f87b5eaa8]
Event: 1.429 Thread 0x0000014f9d032fd0 2188       3       java.util.LinkedHashMap::values (5 bytes)
Event: 1.429 Thread 0x0000014f9d032fd0 nmethod 2188 0x0000014f80315988 code [0x0000014f80315a80, 0x0000014f80315c40]
Event: 1.429 Thread 0x0000014f9d032fd0 2189       3       java.util.LinkedHashMap::sequencedValues (31 bytes)
Event: 1.429 Thread 0x0000014f9d1eabe0 nmethod 2178 0x0000014f87b5ec08 code [0x0000014f87b5ed00, 0x0000014f87b5f0e0]
Event: 1.429 Thread 0x0000014f9d032fd0 nmethod 2189 0x0000014f80315c88 code [0x0000014f80315d80, 0x0000014f80316270]
Event: 1.429 Thread 0x0000014f9d032fd0 2190       3       org.springframework.core.annotation.AttributeMethods::forAnnotationType (26 bytes)
Event: 1.430 Thread 0x0000014f9d032fd0 nmethod 2190 0x0000014f80316288 code [0x0000014f80316380, 0x0000014f80316720]
Event: 1.430 Thread 0x0000014f9d032fd0 2191       3       java.util.ArrayList::addAll (76 bytes)
Event: 1.430 Thread 0x0000014f9d032fd0 nmethod 2191 0x0000014f80316788 code [0x0000014f80316880, 0x0000014f80316cf8]
Event: 1.430 Thread 0x0000014f9d032fd0 2192       3       org.springframework.core.annotation.AnnotationTypeMappings::forAnnotationType (74 bytes)
Event: 1.431 Thread 0x0000014f9d032fd0 nmethod 2192 0x0000014f80316d08 code [0x0000014f80316e00, 0x0000014f80318cf8]
Event: 1.431 Thread 0x0000014f9d032fd0 2194       3       java.lang.Module::canRead (86 bytes)
Event: 1.432 Thread 0x0000014f9e34da70 2196       4       jdk.internal.classfile.impl.SplitConstantPool::utf8Entry (6 bytes)
Event: 1.432 Thread 0x0000014f9d032fd0 nmethod 2194 0x0000014f80318d88 code [0x0000014f80318e80, 0x0000014f8031ab88]
Event: 1.432 Thread 0x0000014f9d032fd0 2195       3       java.lang.invoke.MethodHandles$Lookup::canBeCached (136 bytes)
Event: 1.432 Thread 0x0000014f9e34da70 nmethod 2196 0x0000014f87b5f108 code [0x0000014f87b5f200, 0x0000014f87b5f2a0]
Event: 1.433 Thread 0x0000014f9d032fd0 nmethod 2195 0x0000014f8031ac08 code [0x0000014f8031ad00, 0x0000014f8031c260]
Event: 1.433 Thread 0x0000014f9d032fd0 2193       3       org.springframework.core.annotation.AnnotationTypeMappings$Cache::get (21 bytes)
Event: 1.434 Thread 0x0000014f9d032fd0 nmethod 2193 0x0000014f8031c288 code [0x0000014f8031c380, 0x0000014f8031cb10]

GC Heap Usage History (2 events):
Event: 1.248 {heap Before GC invocations=0 (full 0):
 garbage-first heap   total reserved 8314880K, committed 524288K, used 50325K [0x0000000604800000, 0x0000000800000000)
  region size 4096K, 12 young (49152K), 0 survivors (0K)
}
Event: 1.254 {heap After GC invocations=1 (full 0):
 garbage-first heap   total reserved 8314880K, committed 524288K, used 10454K [0x0000000604800000, 0x0000000800000000)
  region size 4096K, 2 young (8192K), 2 survivors (8192K)
}

Metaspace Usage History (2 events):
Event: 1.248 {metaspace Before GC invocations=0 (full 0):
 Metaspace       used 11359K, committed 11584K, reserved 1114112K
  class space    used 1572K, committed 1664K, reserved 1048576K
}
Event: 1.254 {metaspace After GC invocations=1 (full 0):
 Metaspace       used 11359K, committed 11584K, reserved 1114112K
  class space    used 1572K, committed 1664K, reserved 1048576K
}

Dll operation events (5 events):
Event: 0.010 Loaded shared library C:\Program Files\Java\jdk-25.0.2\bin\java.dll
Event: 0.125 Loaded shared library C:\Program Files\Java\jdk-25.0.2\bin\net.dll
Event: 0.127 Loaded shared library C:\Program Files\Java\jdk-25.0.2\bin\nio.dll
Event: 0.131 Loaded shared library C:\Program Files\Java\jdk-25.0.2\bin\zip.dll
Event: 0.323 Loaded shared library C:\Program Files\Java\jdk-25.0.2\bin\jimage.dll

Deoptimization events (20 events):
Event: 1.399 Thread 0x0000014f9e080040 Uncommon trap: trap_request=0xffffff45 fr.pc=0x0000014f87b13640 relative=0x0000000000000040
Event: 1.399 Thread 0x0000014f9e080040 Uncommon trap: reason=unstable_if action=reinterpret pc=0x0000014f87b13640 method=java.lang.AbstractStringBuilder.isLatin1(B)Z @ 7 c2
Event: 1.399 Thread 0x0000014f9e080040 DEOPT PACKING pc=0x0000014f87b13640 sp=0x00000012d1ffde70
Event: 1.399 Thread 0x0000014f9e080040 DEOPT UNPACKING pc=0x0000014f8765fe02 sp=0x00000012d1ffde00 mode 2
Event: 1.399 Thread 0x0000014f9e080040 Uncommon trap: trap_request=0xffffff45 fr.pc=0x0000014f87b255d4 relative=0x00000000000001d4
Event: 1.399 Thread 0x0000014f9e080040 Uncommon trap: reason=unstable_if action=reinterpret pc=0x0000014f87b255d4 method=java.lang.AbstractStringBuilder.isLatin1(B)Z @ 7 c2
Event: 1.399 Thread 0x0000014f9e080040 DEOPT PACKING pc=0x0000014f87b255d4 sp=0x00000012d1ffdf30
Event: 1.399 Thread 0x0000014f9e080040 DEOPT UNPACKING pc=0x0000014f8765fe02 sp=0x00000012d1ffde70 mode 2
Event: 1.399 Thread 0x0000014f9e080040 Uncommon trap: trap_request=0xffffff45 fr.pc=0x0000014f87b0b3d0 relative=0x0000000000000050
Event: 1.399 Thread 0x0000014f9e080040 Uncommon trap: reason=unstable_if action=reinterpret pc=0x0000014f87b0b3d0 method=java.lang.CharacterData.of(I)Ljava/lang/CharacterData; @ 4 c2
Event: 1.399 Thread 0x0000014f9e080040 DEOPT PACKING pc=0x0000014f87b0b3d0 sp=0x00000012d1ffdb20
Event: 1.399 Thread 0x0000014f9e080040 DEOPT UNPACKING pc=0x0000014f8765fe02 sp=0x00000012d1ffdab8 mode 2
Event: 1.400 Thread 0x0000014ff1a4adc0 Uncommon trap: trap_request=0xffffff45 fr.pc=0x0000014f87ad9f48 relative=0x00000000000002c8
Event: 1.400 Thread 0x0000014ff1a4adc0 Uncommon trap: reason=unstable_if action=reinterpret pc=0x0000014f87ad9f48 method=jdk.internal.util.ArraysSupport.hashCodeOfUnsigned([BIII)I @ 1 c2
Event: 1.400 Thread 0x0000014ff1a4adc0 DEOPT PACKING pc=0x0000014f87ad9f48 sp=0x00000012d0cfeaa0
Event: 1.400 Thread 0x0000014ff1a4adc0 DEOPT UNPACKING pc=0x0000014f8765fe02 sp=0x00000012d0cfe958 mode 2
Event: 1.401 Thread 0x0000014ff1a4adc0 Uncommon trap: trap_request=0xffffff45 fr.pc=0x0000014f87ac9c8c relative=0x000000000000028c
Event: 1.401 Thread 0x0000014ff1a4adc0 Uncommon trap: reason=unstable_if action=reinterpret pc=0x0000014f87ac9c8c method=jdk.internal.util.ArraysSupport.hashCodeOfUnsigned([BIII)I @ 1 c2
Event: 1.401 Thread 0x0000014ff1a4adc0 DEOPT PACKING pc=0x0000014f87ac9c8c sp=0x00000012d0cfe9b0
Event: 1.401 Thread 0x0000014ff1a4adc0 DEOPT UNPACKING pc=0x0000014f8765fe02 sp=0x00000012d0cfe950 mode 2

Classes loaded (20 events):
Event: 1.357 Loading class java/beans/Transient
Event: 1.357 Loading class java/beans/Transient done
Event: 1.357 Loading class java/beans/ConstructorProperties
Event: 1.357 Loading class java/beans/ConstructorProperties done
Event: 1.358 Loading class java/io/InvalidObjectException
Event: 1.359 Loading class java/io/InvalidObjectException done
Event: 1.360 Loading class java/util/concurrent/ConcurrentLinkedQueue
Event: 1.360 Loading class java/util/concurrent/ConcurrentLinkedQueue done
Event: 1.360 Loading class java/util/concurrent/ConcurrentLinkedQueue$Node
Event: 1.360 Loading class java/util/concurrent/ConcurrentLinkedQueue$Node done
Event: 1.361 Loading class java/util/concurrent/atomic/AtomicLongArray
Event: 1.361 Loading class java/util/concurrent/atomic/AtomicLongArray done
Event: 1.361 Loading class java/lang/invoke/VarHandleLongs$Array
Event: 1.361 Loading class java/lang/invoke/VarHandleLongs$Array done
Event: 1.398 Loading class sun/text/resources/cldr/FormatData_en
Event: 1.398 Loading class sun/text/resources/cldr/FormatData_en done
Event: 1.398 Loading class sun/text/resources/cldr/FormatData_en_US
Event: 1.398 Loading class sun/text/resources/cldr/FormatData_en_US done
Event: 1.408 Loading class java/io/CharArrayReader
Event: 1.408 Loading class java/io/CharArrayReader done

Classes unloaded (0 events):
No events

Classes redefined (0 events):
No events

Internal exceptions (20 events):
Event: 0.868 Thread 0x0000014ff1a4adc0 Exception <a 'java/lang/NoSuchMethodError'{0x0000000622a3b2a8}: 'java.lang.Object java.lang.invoke.DirectMethodHandle$Holder.invokeSpecial(java.lang.Object, java.lang.Object, java.lang.Object, java.lang.Object, java.lang.Object, java.lang.Object, int)'> (0x0000000622a3b2a8) 
thrown [s\open\src\hotspot\share\interpreter\linkResolver.cpp, line 804]
Event: 0.869 Thread 0x0000014ff1a4adc0 Exception <a 'java/lang/NoSuchMethodError'{0x0000000622a4d390}: 'java.lang.Object java.lang.invoke.DirectMethodHandle$Holder.newInvokeSpecial(java.lang.Object, java.lang.Object, java.lang.Object, java.lang.Object, java.lang.Object, java.lang.Object, int)'> (0x0000000622a4d390) 
thrown [s\open\src\hotspot\share\interpreter\linkResolver.cpp, line 804]
Event: 0.870 Thread 0x0000014ff1a4adc0 Exception <a 'java/lang/NoSuchMethodError'{0x0000000622a56448}: 'java.lang.Object java.lang.invoke.DirectMethodHandle$Holder.invokeSpecial(java.lang.Object, java.lang.Object, java.lang.Object, java.lang.Object, java.lang.Object, java.lang.Object, java.lang.Object, int)'> (0x0000000622a56448) 
thrown [s\open\src\hotspot\share\interpreter\linkResolver.cpp, line 804]
Event: 0.908 Thread 0x0000014ff1a4adc0 Exception <a 'java/lang/NoSuchMethodError'{0x0000000622b7f738}: 'int java.lang.invoke.DirectMethodHandle$Holder.invokeInterface(java.lang.Object, java.lang.Object)'> (0x0000000622b7f738) 
thrown [s\open\src\hotspot\share\interpreter\linkResolver.cpp, line 804]
Event: 0.924 Thread 0x0000014ff1a4adc0 Exception <a 'java/lang/NoSuchMethodError'{0x000000062241bb00}: 'int java.lang.invoke.DirectMethodHandle$Holder.invokeVirtual(java.lang.Object, java.lang.Object)'> (0x000000062241bb00) 
thrown [s\open\src\hotspot\share\interpreter\linkResolver.cpp, line 804]
Event: 0.948 Thread 0x0000014ff1a4adc0 Exception <a 'java/lang/NoSuchMethodError'{0x00000006224e03e0}: 'java.lang.Object java.lang.invoke.DirectMethodHandle$Holder.newInvokeSpecial(java.lang.Object, java.lang.Object, java.lang.Object, int, java.lang.Object)'> (0x00000006224e03e0) 
thrown [s\open\src\hotspot\share\interpreter\linkResolver.cpp, line 804]
Event: 0.949 Thread 0x0000014ff1a4adc0 Exception <a 'java/lang/NoSuchMethodError'{0x00000006224f0b28}: 'java.lang.Object java.lang.invoke.Invokers$Holder.linkToTargetMethod(java.lang.Object, java.lang.Object, int, java.lang.Object, java.lang.Object)'> (0x00000006224f0b28) 
thrown [s\open\src\hotspot\share\interpreter\linkResolver.cpp, line 804]
Event: 0.952 Thread 0x0000014ff1a4adc0 Exception <a 'java/lang/NoSuchMethodError'{0x000000062250b9a0}: 'java.lang.Object java.lang.invoke.DirectMethodHandle$Holder.newInvokeSpecial(java.lang.Object, int, java.lang.Object)'> (0x000000062250b9a0) 
thrown [s\open\src\hotspot\share\interpreter\linkResolver.cpp, line 804]
Event: 0.952 Thread 0x0000014ff1a4adc0 Exception <a 'java/lang/NoSuchMethodError'{0x00000006225150b0}: 'int java.lang.invoke.DirectMethodHandle$Holder.invokeSpecialIFC(java.lang.Object, java.lang.Object, java.lang.Object, java.lang.Object)'> (0x00000006225150b0) 
thrown [s\open\src\hotspot\share\interpreter\linkResolver.cpp, line 804]
Event: 0.980 Thread 0x0000014ff1a4adc0 Exception <a 'java/lang/NoSuchMethodError'{0x0000000622612240}: 'void java.lang.invoke.DirectMethodHandle$Holder.invokeInterface(java.lang.Object, java.lang.Object, java.lang.Object)'> (0x0000000622612240) 
thrown [s\open\src\hotspot\share\interpreter\linkResolver.cpp, line 804]
Event: 1.002 Thread 0x0000014ff1a4adc0 Exception <a 'java/lang/NoSuchMethodError'{0x00000006226a7e88}: 'void java.lang.invoke.DirectMethodHandle$Holder.invokeStaticInit(java.lang.Object, java.lang.Object, java.lang.Object)'> (0x00000006226a7e88) 
thrown [s\open\src\hotspot\share\interpreter\linkResolver.cpp, line 804]
Event: 1.007 Thread 0x0000014ff1a4adc0 Exception <a 'java/lang/NoSuchMethodError'{0x00000006226ef0c8}: 'java.lang.Object java.lang.invoke.DirectMethodHandle$Holder.invokeVirtual(java.lang.Object, java.lang.Object, java.lang.Object)'> (0x00000006226ef0c8) 
thrown [s\open\src\hotspot\share\interpreter\linkResolver.cpp, line 804]
Event: 1.011 Thread 0x0000014ff1a4adc0 Exception <a 'java/lang/NoSuchMethodError'{0x00000006227143d0}: 'java.lang.Object java.lang.invoke.DirectMethodHandle$Holder.invokeStatic(java.lang.Object, long, java.lang.Object)'> (0x00000006227143d0) 
thrown [s\open\src\hotspot\share\interpreter\linkResolver.cpp, line 804]
Event: 1.011 Thread 0x0000014ff1a4adc0 Exception <a 'java/lang/NoSuchMethodError'{0x000000062271c520}: 'java.lang.Object java.lang.invoke.DirectMethodHandle$Holder.invokeStaticInit(java.lang.Object, long, java.lang.Object)'> (0x000000062271c520) 
thrown [s\open\src\hotspot\share\interpreter\linkResolver.cpp, line 804]
Event: 1.012 Thread 0x0000014ff1a4adc0 Exception <a 'java/lang/NoSuchMethodError'{0x000000062272bc18}: 'java.lang.Object java.lang.invoke.DirectMethodHandle$Holder.newInvokeSpecial(java.lang.Object, long)'> (0x000000062272bc18) 
thrown [s\open\src\hotspot\share\interpreter\linkResolver.cpp, line 804]
Event: 1.025 Thread 0x0000014ff1a4adc0 Exception <a 'java/lang/NoSuchMethodError'{0x000000062277a368}: 'void java.lang.invoke.DirectMethodHandle$Holder.invokeSpecial(java.lang.Object, java.lang.Object, java.lang.Object, java.lang.Object, java.lang.Object)'> (0x000000062277a368) 
thrown [s\open\src\hotspot\share\interpreter\linkResolver.cpp, line 804]
Event: 1.026 Thread 0x0000014ff1a4adc0 Exception <a 'java/lang/NoSuchMethodError'{0x000000062278ad90}: 'void java.lang.invoke.DirectMethodHandle$Holder.invokeVirtual(java.lang.Object, java.lang.Object, java.lang.Object, java.lang.Object)'> (0x000000062278ad90) 
thrown [s\open\src\hotspot\share\interpreter\linkResolver.cpp, line 804]
Event: 1.064 Thread 0x0000014ff1a4adc0 Exception <a 'java/lang/IncompatibleClassChangeError'{0x00000006221eda20}: Found class java.lang.Object, but interface was expected> (0x00000006221eda20) 
thrown [s\open\src\hotspot\share\interpreter\linkResolver.cpp, line 871]
Event: 1.311 Thread 0x0000014ff1a4adc0 Exception <a 'java/lang/NoSuchMethodError'{0x0000000623cc6f20}: 'int java.lang.invoke.DirectMethodHandle$Holder.invokeSpecial(java.lang.Object, java.lang.Object, java.lang.Object, java.lang.Object, java.lang.Object)'> (0x0000000623cc6f20) 
thrown [s\open\src\hotspot\share\interpreter\linkResolver.cpp, line 804]
Event: 1.314 Thread 0x0000014ff1a4adc0 Exception <a 'java/lang/NoSuchMethodError'{0x0000000623cd8f38}: 'void java.lang.invoke.DirectMethodHandle$Holder.invokeVirtual(java.lang.Object, java.lang.Object)'> (0x0000000623cd8f38) 
thrown [s\open\src\hotspot\share\interpreter\linkResolver.cpp, line 804]

VM Operations (20 events):
Event: 0.337 Executing non-safepoint VM operation: HandshakeAllThreads (Deoptimize)
Event: 0.337 Executing non-safepoint VM operation: HandshakeAllThreads (Deoptimize) done
Event: 0.705 Executing non-safepoint VM operation: HandshakeAllThreads (Deoptimize)
Event: 0.705 Executing non-safepoint VM operation: HandshakeAllThreads (Deoptimize) done
Event: 0.717 Executing non-safepoint VM operation: HandshakeAllThreads (Deoptimize)
Event: 0.717 Executing non-safepoint VM operation: HandshakeAllThreads (Deoptimize) done
Event: 1.051 Executing non-safepoint VM operation: HandshakeAllThreads (Deoptimize)
Event: 1.051 Executing non-safepoint VM operation: HandshakeAllThreads (Deoptimize) done
Event: 1.055 Executing non-safepoint VM operation: HandshakeAllThreads (Deoptimize)
Event: 1.055 Executing non-safepoint VM operation: HandshakeAllThreads (Deoptimize) done
Event: 1.069 Executing non-safepoint VM operation: HandshakeAllThreads (Deoptimize)
Event: 1.069 Executing non-safepoint VM operation: HandshakeAllThreads (Deoptimize) done
Event: 1.244 Executing non-safepoint VM operation: HandshakeAllThreads (Deoptimize)
Event: 1.244 Executing non-safepoint VM operation: HandshakeAllThreads (Deoptimize) done
Event: 1.248 Executing safepoint VM operation: G1CollectForAllocation (G1 Evacuation Pause)
Event: 1.254 Executing safepoint VM operation: G1CollectForAllocation (G1 Evacuation Pause) done
Event: 1.292 Executing non-safepoint VM operation: HandshakeAllThreads (Deoptimize)
Event: 1.292 Executing non-safepoint VM operation: HandshakeAllThreads (Deoptimize) done
Event: 1.400 Executing non-safepoint VM operation: HandshakeAllThreads (Deoptimize)
Event: 1.400 Executing non-safepoint VM operation: HandshakeAllThreads (Deoptimize) done

Memory protections (0 events):
No events

Nmethod flushes (0 events):
No events

Events (14 events):
Event: 0.027 Thread 0x0000014ff1a4adc0 Thread added: 0x0000014ff1a4adc0
Event: 0.041 Thread 0x0000014ff1a4adc0 Thread added: 0x0000014ffe9ee450
Event: 0.041 Thread 0x0000014ff1a4adc0 Thread added: 0x0000014f9d000080
Event: 0.041 Thread 0x0000014ff1a4adc0 Thread added: 0x0000014f9d0064e0
Event: 0.041 Thread 0x0000014ff1a4adc0 Thread added: 0x0000014f9d0070a0
Event: 0.041 Thread 0x0000014ff1a4adc0 Thread added: 0x0000014f9d00fc70
Event: 0.041 Thread 0x0000014ff1a4adc0 Thread added: 0x0000014f9d012840
Event: 0.041 Thread 0x0000014ff1a4adc0 Thread added: 0x0000014f9d013ac0
Event: 0.042 Thread 0x0000014ff1a4adc0 Thread added: 0x0000014f9d032fd0
Event: 0.113 Thread 0x0000014ff1a4adc0 Thread added: 0x0000014f9d0f72c0
Event: 0.118 Thread 0x0000014ff1a4adc0 Thread added: 0x0000014f9d0fd7c0
Event: 0.152 Thread 0x0000014f9d013ac0 Thread added: 0x0000014f9d1eabe0
Event: 1.061 Thread 0x0000014ff1a4adc0 Thread added: 0x0000014f9e080040
Event: 1.400 Thread 0x0000014f9d032fd0 Thread added: 0x0000014f9e34da70


Dynamic libraries:
0x00007ff689d00000 - 0x00007ff689d10000 	C:\Program Files\Java\jdk-25.0.2\bin\javaw.exe
0x00007ffd6e1a0000 - 0x00007ffd6e408000 	C:\WINDOWS\SYSTEM32\ntdll.dll
0x00007ffd6d3d0000 - 0x00007ffd6d499000 	C:\WINDOWS\System32\KERNEL32.DLL
0x00007ffd6ad70000 - 0x00007ffd6b161000 	C:\WINDOWS\System32\KERNELBASE.dll
0x00007ffd6b360000 - 0x00007ffd6b4ab000 	C:\WINDOWS\System32\ucrtbase.dll
0x00007ffd57d30000 - 0x00007ffd57d47000 	C:\Program Files\Java\jdk-25.0.2\bin\jli.dll
0x00007ffd4c5e0000 - 0x00007ffd4c5fe000 	C:\Program Files\Java\jdk-25.0.2\bin\VCRUNTIME140.dll
0x00007ffd6d8f0000 - 0x00007ffd6dab6000 	C:\WINDOWS\System32\USER32.dll
0x00007ffd6b540000 - 0x00007ffd6b567000 	C:\WINDOWS\System32\win32u.dll
0x00007ffd69c80000 - 0x00007ffd69f13000 	C:\WINDOWS\WinSxS\amd64_microsoft.windows.common-controls_6595b64144ccf1df_6.0.26100.7705_none_3e06597ae3363b04\COMCTL32.dll
0x00007ffd6dac0000 - 0x00007ffd6daeb000 	C:\WINDOWS\System32\GDI32.dll
0x00007ffd6d4a0000 - 0x00007ffd6d549000 	C:\WINDOWS\System32\msvcrt.dll
0x00007ffd6b170000 - 0x00007ffd6b29b000 	C:\WINDOWS\System32\gdi32full.dll
0x00007ffd6b570000 - 0x00007ffd6b613000 	C:\WINDOWS\System32\msvcp_win.dll
0x00007ffd6d740000 - 0x00007ffd6d771000 	C:\WINDOWS\System32\IMM32.DLL
0x00007ffd4c5d0000 - 0x00007ffd4c5dc000 	C:\Program Files\Java\jdk-25.0.2\bin\vcruntime140_1.dll
0x00007ffd34630000 - 0x00007ffd346bd000 	C:\Program Files\Java\jdk-25.0.2\bin\msvcp140.dll
0x00007ffcaadd0000 - 0x00007ffcabc2f000 	C:\Program Files\Java\jdk-25.0.2\bin\server\jvm.dll
0x00007ffd6daf0000 - 0x00007ffd6dba4000 	C:\WINDOWS\System32\ADVAPI32.dll
0x00007ffd6d320000 - 0x00007ffd6d3c6000 	C:\WINDOWS\System32\sechost.dll
0x00007ffd6dcb0000 - 0x00007ffd6ddc8000 	C:\WINDOWS\System32\RPCRT4.dll
0x00007ffd6d640000 - 0x00007ffd6d6b4000 	C:\WINDOWS\System32\WS2_32.dll
0x00007ffd5e710000 - 0x00007ffd5e745000 	C:\WINDOWS\SYSTEM32\WINMM.dll
0x00007ffd60dd0000 - 0x00007ffd60ddb000 	C:\WINDOWS\SYSTEM32\VERSION.dll
0x00007ffd6a8e0000 - 0x00007ffd6a93e000 	C:\WINDOWS\SYSTEM32\POWRPROF.dll
0x00007ffd6a8c0000 - 0x00007ffd6a8d4000 	C:\WINDOWS\SYSTEM32\UMPDC.dll
0x00007ffd68f00000 - 0x00007ffd68f1b000 	C:\WINDOWS\SYSTEM32\kernel.appcore.dll
0x00007ffd4c5c0000 - 0x00007ffd4c5ca000 	C:\Program Files\Java\jdk-25.0.2\bin\jimage.dll
0x00007ffd6a230000 - 0x00007ffd6a472000 	C:\WINDOWS\SYSTEM32\DBGHELP.DLL
0x00007ffd6ddd0000 - 0x00007ffd6e156000 	C:\WINDOWS\System32\combase.dll
0x00007ffd6d560000 - 0x00007ffd6d637000 	C:\WINDOWS\System32\OLEAUT32.dll
0x00007ffd6a120000 - 0x00007ffd6a15b000 	C:\WINDOWS\SYSTEM32\dbgcore.DLL
0x00007ffd6b620000 - 0x00007ffd6b6c5000 	C:\WINDOWS\System32\bcryptPrimitives.dll
0x00007ffd4c560000 - 0x00007ffd4c57f000 	C:\Program Files\Java\jdk-25.0.2\bin\java.dll
0x00007ffd6c680000 - 0x00007ffd6c817000 	C:\WINDOWS\System32\ole32.dll
0x00007ffd6ca00000 - 0x00007ffd6d151000 	C:\WINDOWS\System32\SHELL32.dll
0x00007ffd6ac00000 - 0x00007ffd6ad6a000 	C:\WINDOWS\System32\wintypes.dll
0x00007ffd6b6d0000 - 0x00007ffd6bf32000 	C:\WINDOWS\System32\windows.storage.dll
0x00007ffd6bf40000 - 0x00007ffd6c036000 	C:\WINDOWS\System32\SHCORE.dll
0x00007ffd6c610000 - 0x00007ffd6c677000 	C:\WINDOWS\System32\shlwapi.dll
0x00007ffd6a9a0000 - 0x00007ffd6a9c9000 	C:\WINDOWS\SYSTEM32\profapi.dll
0x00007ffd4c540000 - 0x00007ffd4c552000 	C:\Program Files\Java\jdk-25.0.2\bin\net.dll
0x00007ffd69420000 - 0x00007ffd6948b000 	C:\WINDOWS\system32\mswsock.dll
0x00007ffd4c520000 - 0x00007ffd4c536000 	C:\Program Files\Java\jdk-25.0.2\bin\nio.dll
0x00007ffd34610000 - 0x00007ffd34627000 	C:\Program Files\Java\jdk-25.0.2\bin\zip.dll

JVMTI agents: none

dbghelp: loaded successfully - version: 4.0.5 - missing functions: none
symbol engine: initialized successfully - sym options: 0x614 - pdb path: .;C:\Program Files\Java\jdk-25.0.2\bin;C:\WINDOWS\SYSTEM32;C:\WINDOWS\WinSxS\amd64_microsoft.windows.common-controls_6595b64144ccf1df_6.0.26100.7705_none_3e06597ae3363b04;C:\Program Files\Java\jdk-25.0.2\bin\server

VM Arguments:
jvm_args: -Dfile.encoding=UTF-8 -Dstdout.encoding=UTF-8 -Dstderr.encoding=UTF-8 -XX:+ShowCodeDetailsInExceptionMessages 
java_command: com.example.eventmanagement.EventManagementBackendApplication
java_class_path (initial): C:\Users\LENOVO\Documents\workspace-spring-tools-for-eclipse-5.0.1.RELEASE\event-management-backend\target\classes;C:\Users\LENOVO\.m2\repository\org\springframework\boot\spring-boot-starter-web\3.2.2\spring-boot-starter-web-3.2.2.jar;C:\Users\LENOVO\.m2\repository\org\springframework\boot\spring-boot-starter\3.2.2\spring-boot-starter-3.2.2.jar;C:\Users\LENOVO\.m2\repository\org\springframework\boot\spring-boot\3.2.2\spring-boot-3.2.2.jar;C:\Users\LENOVO\.m2\repository\org\springframework\boot\spring-boot-autoconfigure\3.2.2\spring-boot-autoconfigure-3.2.2.jar;C:\Users\LENOVO\.m2\repository\org\springframework\boot\spring-boot-starter-logging\3.2.2\spring-boot-starter-logging-3.2.2.jar;C:\Users\LENOVO\.m2\repository\ch\qos\logback\logback-classic\1.4.14\logback-classic-1.4.14.jar;C:\Users\LENOVO\.m2\repository\ch\qos\logback\logback-core\1.4.14\logback-core-1.4.14.jar;C:\Users\LENOVO\.m2\repository\org\apache\logging\log4j\log4j-to-slf4j\2.21.1\log4j-to-slf4j-2.21.1.jar;C:\Users\LENOVO\.m2\repository\org\apache\logging\log4j\log4j-api\2.21.1\log4j-api-2.21.1.jar;C:\Users\LENOVO\.m2\repository\org\slf4j\jul-to-slf4j\2.0.11\jul-to-slf4j-2.0.11.jar;C:\Users\LENOVO\.m2\repository\jakarta\annotation\jakarta.annotation-api\2.1.1\jakarta.annotation-api-2.1.1.jar;C:\Users\LENOVO\.m2\repository\org\yaml\snakeyaml\2.2\snakeyaml-2.2.jar;C:\Users\LENOVO\.m2\repository\org\springframework\boot\spring-boot-starter-json\3.2.2\spring-boot-starter-json-3.2.2.jar;C:\Users\LENOVO\.m2\repository\com\fasterxml\jackson\core\jackson-databind\2.15.3\jackson-databind-2.15.3.jar;C:\Users\LENOVO\.m2\repository\com\fasterxml\jackson\core\jackson-annotations\2.15.3\jackson-annotations-2.15.3.jar;C:\Users\LENOVO\.m2\repository\com\fasterxml\jackson\core\jackson-core\2.15.3\jackson-core-2.15.3.jar;C:\Users\LENOVO\.m2\repository\com\fasterxml\jackson\datatype\jackson-datatype-jdk8\2.15.3\jackson-datatype-jdk8-2.15.3.jar;C:\Users\LENOVO\.m2\repository\com\fasterxml\jackson\datatype\jackson-datatype-jsr310\2.15.3\jackson-datatype-jsr310-2.15.3.jar;C:\Users\LENOVO\.m2\repository\com\fasterxml\jackson\module\jackson-module-parameter-names\2.15.3\jackson-module-parameter-names-2.15.3.jar;C:\Users\LENOVO\.m2\repository\org\springframework\boot\spring-boot-starter-tomcat\3.2.2\spring-boot-starter-tomcat-3.2.2.jar;C:\Users\LENOVO\.m2\repository\org\apache\tomcat\embed\tomcat-embed-core\10.1.18\tomcat-embed-core-10.1.18.jar;C:\Users\LENOVO\.m2\repository\org\apache\tomcat\embed\tomcat-embed-websocket\10.1.18\tomcat-embed-websocket-10.1.18.jar;C:\Users\LENOVO\.m2\repository\org\springframework\spring-web\6.1.3\spring-web-6.1.3.jar;C:\Users\LENOVO\.m2\repository\org\springframework\spring-beans\6.1.3\spring-beans-6.1.3.jar;C:\Users\LENOVO\.m2\repository\io\micrometer\micrometer-observation\1.12.2\micrometer-observation-1.12.2.jar;C:\Users\LENOVO\.m2\repository\io\micrometer\micrometer-commons\1.12.2\micrometer-commons-1.12.2.jar;C:\Users\LENOVO\.m2\repository\org\springframework\spring-webmvc\6.1.3\spring-webmvc-6.1.3.jar;C:\Users\LENOVO\.m2\repository\org\springframework\spring-aop\6.1.3\spring-aop-6.1.3.jar;C:\Users\LENOVO\.m2\repository\org\springframework\spring-context\6.1.3\spring-context-6.1.3.jar;C:\Users\LENOVO\.m2\repository\org\springframework\spring-expression\6.1.3\spring-expression-6.1.3.jar;C:\Users\LENOVO\.m2\repository\jakarta\xml\bind\jakarta.xml.bind-api\4.0.1\jakarta.xml.bind-api-4.0.1.jar;C:\Users\LENOVO\.m2\repository\jakarta\activation\jakarta.activation-api\2.1.2\jakarta.activation-api-2.1.2.jar;C:\Users\LENOVO\.m2\repository\net\bytebuddy\byte-buddy\1.14.11\byte-buddy-1.14.11.jar;C:\Users\LENOVO\.m2\repository\org\springframework\spring-core\6.1.3\spring-core-6.1.3.jar;C:\Users\LENOVO\.m2\repository\org\springframework\spring-jcl\6.1.3\spring-jcl-6.1.3.jar;C:\Users\LENOVO\.m2\repository\org\springframework\boot\spring-boot-starter-data-jpa\3.2.2\spring-boot-starter-data-jpa-3.2.2.jar;C:\Users\LENOVO\.m2\repository\org\springframework\boot\spring-boot-starter-aop\3.2.2\spring-boot-starter-aop-3.2.2.jar;C:\Users\LENOVO\.m2\repository\org\aspectj\aspectjweaver\1.9.21\aspectjweaver-1.9.21.jar;C:\Users\LENOVO\.m2\repository\org\springframework\boot\spring-boot-starter-jdbc\3.2.2\spring-boot-starter-jdbc-3.2.2.jar;C:\Users\LENOVO\.m2\repository\com\zaxxer\HikariCP\5.0.1\HikariCP-5.0.1.jar;C:\Users\LENOVO\.m2\repository\org\springframework\spring-jdbc\6.1.3\spring-jdbc-6.1.3.jar;C:\Users\LENOVO\.m2\repository\org\hibernate\orm\hibernate-core\6.4.1.Final\hibernate-core-6.4.1.Final.jar;C:\Users\LENOVO\.m2\repository\jakarta\persistence\jakarta.persistence-api\3.1.0\jakarta.persistence-api-3.1.0.jar;C:\Users\LENOVO\.m2\repository\jakarta\transaction\jakarta.transaction-api\2.0.1\jakarta.transaction-api-2.0.1.jar;C:\Users\LENOVO\.m2\repository\org\jboss\logging\jboss-logging\3.5.3.Final\jboss-logging-3.5.3.Final.jar;C:\Users\LENOVO\.m2\repository\org\hibernate\common\hibernate-commons-annotations\6.0.6.Final\hibernate-commons-annotations-6.0.6.Final.jar;C:\Users\LENOVO\.m2\repository\io\smallrye\jandex\3.1.2\jandex-3.1.2.jar;C:\Users\LENOVO\.m2\repository\com\fasterxml\classmate\1.6.0\classmate-1.6.0.jar;C:\Users\LENOVO\.m2\repository\org\glassfish\jaxb\jaxb-runtime\4.0.4\jaxb-runtime-4.0.4.jar;C:\Users\LENOVO\.m2\repository\org\glassfish\jaxb\jaxb-core\4.0.4\jaxb-core-4.0.4.jar;C:\Users\LENOVO\.m2\repository\org\glassfish\jaxb\txw2\4.0.4\txw2-4.0.4.jar;C:\Users\LENOVO\.m2\repository\com\sun\istack\istack-commons-runtime\4.1.2\istack-commons-runtime-4.1.2.jar;C:\Users\LENOVO\.m2\repository\jakarta\inject\jakarta.inject-api\2.0.1\jakarta.inject-api-2.0.1.jar;C:\Users\LENOVO\.m2\repository\org\antlr\antlr4-runtime\4.13.0\antlr4-runtime-4.13.0.jar;C:\Users\LENOVO\.m2\repository\org\springframework\data\spring-data-jpa\3.2.2\spring-data-jpa-3.2.2.jar;C:\Users\LENOVO\.m2\repository\org\springframework\data\spring-data-commons\3.2.2\spring-data-commons-3.2.2.jar;C:\Users\LENOVO\.m2\repository\org\springframework\spring-orm\6.1.3\spring-orm-6.1.3.jar;C:\Users\LENOVO\.m2\repository\org\springframework\spring-tx\6.1.3\spring-tx-6.1.3.jar;C:\Users\LENOVO\.m2\repository\org\springframework\spring-aspects\6.1.3\spring-aspects-6.1.3.jar;C:\Users\LENOVO\.m2\repository\com\h2database\h2\2.2.224\h2-2.2.224.jar;C:\Users\LENOVO\.m2\repository\com\mysql\mysql-connector-j\8.1.0\mysql-connector-j-8.1.0.jar;C:\Users\LENOVO\.m2\repository\org\projectlombok\lombok\1.18.30\lombok-1.18.30.jar;C:\Users\LENOVO\.m2\repository\com\itextpdf\kernel\7.2.5\kernel-7.2.5.jar;C:\Users\LENOVO\.m2\repository\com\itextpdf\io\7.2.5\io-7.2.5.jar;C:\Users\LENOVO\.m2\repository\com\itextpdf\commons\7.2.5\commons-7.2.5.jar;C:\Users\LENOVO\.m2\repository\org\bouncycastle\bcpkix-jdk15on\1.70\bcpkix-jdk15on-1.70.jar;C:\Users\LENOVO\.m2\repository\org\bouncycastle\bcutil-jdk15on\1.70\bcutil-jdk15on-1.70.jar;C:\Users\LENOVO\.m2\repository\org\bouncycastle\bcprov-jdk15on\1.70\bcprov-jdk15on-1.70.jar;C:\Users\LENOVO\.m2\repository\org\slf4j\slf4j-api\2.0.11\slf4j-api-2.0.11.jar;C:\Users\LENOVO\.m2\repository\com\itextpdf\layout\7.2.5\layout-7.2.5.jar;C:\Users\LENOVO\.m2\repository\com\google\zxing\core\3.5.0\core-3.5.0.jar;C:\Users\LENOVO\.m2\repository\com\google\zxing\javase\3.5.0\javase-3.5.0.jar;C:\Users\LENOVO\.m2\repository\com\beust\jcommander\1.82\jcommander-1.82.jar;C:\Users\LENOVO\.m2\repository\com\github\jai-imageio\jai-imageio-core\1.4.0\jai-imageio-core-1.4.0.jar;C:\Users\LENOVO\.m2\repository\org\springframework\boot\spring-boot-starter-mail\3.2.2\spring-boot-starter-mail-3.2.2.jar;C:\Users\LENOVO\.m2\repository\org\springframework\spring-context-support\6.1.3\spring-context-support-6.1.3.jar;C:\Users\LENOVO\.m2\repository\org\eclipse\angus\jakarta.mail\2.0.2\jakarta.mail-2.0.2.jar;C:\Users\LENOVO\.m2\repository\org\eclipse\angus\angus-activation\2.0.1\angus-activation-2.0.1.jar;C:\Users\LENOVO\.m2\repository\org\springframework\boot\spring-boot-starter-validation\3.2.2\spring-boot-starter-validation-3.2.2.jar;C:\Users\LENOVO\.m2\repository\org\apache\tomcat\embed\tomcat-embed-el\10.1.18\tomcat-embed-el-10.1.18.jar;C:\Users\LENOVO\.m2\repository\org\hibernate\validator\hibernate-validator\8.0.1.Final\hibernate-validator-8.0.1.Final.jar;C:\Users\LENOVO\.m2\repository\jakarta\validation\jakarta.validation-api\3.0.2\jakarta.validation-api-3.0.2.jar
Launcher Type: SUN_STANDARD

[Global flags]
     intx CICompilerCount                          = 4                                         {product} {ergonomic}
     uint ConcGCThreads                            = 2                                         {product} {ergonomic}
     uint G1ConcRefinementThreads                  = 8                                         {product} {ergonomic}
   size_t G1HeapRegionSize                         = 4194304                                   {product} {ergonomic}
   size_t InitialHeapSize                          = 532676608                                 {product} {ergonomic}
   size_t MarkStackSize                            = 4194304                                   {product} {ergonomic}
   size_t MarkStackSizeMax                         = 536870912                                 {product} {ergonomic}
   size_t MaxHeapSize                              = 8514437120                                {product} {ergonomic}
   size_t MaxNewSize                               = 5108662272                                {product} {ergonomic}
   size_t MinHeapDeltaBytes                        = 4194304                                   {product} {ergonomic}
   size_t MinHeapSize                              = 8388608                                   {product} {ergonomic}
    uintx NonNMethodCodeHeapSize                   = 5832704                                {pd product} {ergonomic}
    uintx NonProfiledCodeHeapSize                  = 122945536                              {pd product} {ergonomic}
    uintx ProfiledCodeHeapSize                     = 122880000                              {pd product} {ergonomic}
    uintx ReservedCodeCacheSize                    = 251658240                              {pd product} {ergonomic}
     bool SegmentedCodeCache                       = true                                      {product} {ergonomic}
     bool ShowCodeDetailsInExceptionMessages       = true                                   {manageable} {command line}
   size_t SoftMaxHeapSize                          = 8514437120                             {manageable} {ergonomic}
     bool UseCompressedOops                        = true                           {product lp64_product} {ergonomic}
     bool UseG1GC                                  = true                                      {product} {ergonomic}
     bool UseLargePagesIndividualAllocation        = false                                  {pd product} {ergonomic}

Logging:
Log output configuration:
 #0: stdout all=warning uptime,level,tags foldmultilines=false
 #1: stderr all=off uptime,level,tags foldmultilines=false

Release file:
IMPLEMENTOR="Oracle Corporation" 
JAVA_RUNTIME_VERSION="25.0.2+10-LTS-69" 
JAVA_VERSION="25.0.2" 
JAVA_VERSION_DATE="2026-01-20" 
LIBC="default" 
MODULES="java.base java.compiler java.datatransfer java.xml java.prefs java.desktop java.instrument java.logging java.management java.security.sasl java.naming java.rmi java.management.rmi java.net.http java.scripting java.security.jgss java.transaction.xa java.sql java.sql.rowset java.xml.crypto java.se java.smartcardio jdk.accessibility jdk.internal.jvmstat jdk.attach jdk.charsets jdk.internal.opt jdk.zipfs jdk.compiler jdk.crypto.cryptoki jdk.crypto.ec jdk.crypto.mscapi jdk.dynalink jdk.internal.ed jdk.editpad jdk.internal.vm.ci jdk.graal.compiler jdk.graal.compiler.management jdk.hotspot.agent jdk.httpserver jdk.incubator.vector jdk.internal.le jdk.internal.md jdk.jartool jdk.javadoc jdk.jcmd jdk.management jdk.management.agent jdk.jconsole jdk.jdeps jdk.jdwp.agent jdk.jdi jdk.jfr jdk.jlink jdk.jpackage jdk.jshell jdk.jsobject jdk.jstatd jdk.localedata jdk.management.jfr jdk.naming.dns jdk.naming.rmi jdk.net jdk.nio.mapmode jdk.sctp jdk.security.auth jdk.security.jgss jdk.unsupported jdk.unsupported.desktop jdk.xml.dom" 
OS_ARCH="x86_64" 
OS_NAME="Windows" 
SOURCE=".:git:b75efb40c93a open:git:405a5699ebd0" 

Environment Variables:
PATH=C:/Users/LENOVO/Documents/sts/sts-5.0.1.RELEASE//plugins/org.eclipse.justj.openjdk.hotspot.jre.full.win32.x86_64_25.0.1.v20251108-1451/jre/bin/server;C:/Users/LENOVO/Documents/sts/sts-5.0.1.RELEASE//plugins/org.eclipse.justj.openjdk.hotspot.jre.full.win32.x86_64_25.0.1.v20251108-1451/jre/bin;C:\Program Files\Common Files\Oracle\Java\javapath;C:\WINDOWS\system32;C:\WINDOWS;C:\WINDOWS\System32\Wbem;C:\WINDOWS\System32\WindowsPowerShell\v1.0\;C:\WINDOWS\System32\OpenSSH\;C:\Program Files\nodejs\;C:\Program Files\MySQL\MySQL Shell 8.0\bin\;C:\Users\LENOVO\AppData\Local\Microsoft\WindowsApps;C:\Users\LENOVO\AppData\Local\Programs\Microsoft VS Code\bin;C:\Users\LENOVO\AppData\Roaming\npm;C:\Program Files\Java\jdk-25.0.2\bin;;C:\Users\LENOVO\Documents\sts\sts-5.0.1.RELEASE;
USERNAME=LENOVO
OS=Windows_NT
PROCESSOR_IDENTIFIER=Intel64 Family 6 Model 140 Stepping 1, GenuineIntel
TMP=C:\Users\LENOVO\AppData\Local\Temp
TEMP=C:\Users\LENOVO\AppData\Local\Temp




Compilation memory statistics disabled.

Periodic native trim disabled

---------------  S Y S T E M  ---------------

OS:
 Windows 11 , 64 bit Build 26100 (10.0.26100.7705)
OS uptime: 0 days 0:26 hours

CPU: total 8 (initial active 8) (4 cores per cpu, 2 threads per core) family 6 model 140 stepping 1 microcode 0xbc, cx8, cmov, fxsr, ht, mmx, 3dnowpref, sse, sse2, sse3, ssse3, sse4.1, sse4.2, popcnt, lzcnt, tsc, tscinvbit, avx, avx2, aes, erms, clmul, bmi1, bmi2, adx, avx512f, avx512dq, avx512cd, avx512bw, avx512vl, sha, fma, vzeroupper, avx512_vpopcntdq, avx512_vpclmulqdq, avx512_vaes, avx512_vnni, clflush, clflushopt, clwb, avx512_vbmi2, avx512_vbmi, rdtscp, rdpid, fsrm, gfni, avx512_bitalg, f16c, pku, cet_ibt, cet_ss, avx512_ifma
Processor Information for the first 8 processors :
  Max Mhz: 2995, Current Mhz: 1198, Mhz Limit: 1198

Memory: 4k page, system-wide physical 32471M (20167M free)
TotalPageFile size 34519M (AvailPageFile size 21007M)
current process WorkingSet (physical memory assigned to process): 145M, peak: 145M
current process commit charge ("private bytes"): 646M, peak: 648M

vm_info: Java HotSpot(TM) 64-Bit Server VM (25.0.2+10-LTS-69) for windows-amd64 JRE (25.0.2+10-LTS-69), built on 2025-12-18T11:36:35Z with MS VC++ 17.13 (VS2022)

END.
